[INFO] 시프트 스케줄러 서버 v2.0 시작
[INFO] 수신 대기: 127.0.0.1:6004
[INFO] 서버 준비 완료
[INFO] 클라이언트 연결: ('127.0.0.1', 53345)
[INFO] === 시프트 스케줄 생성 시작 ===
[INFO] 직군: 간호
[INFO] 직원 수: 25명
[WARN] 경고사항: 안예준: 월 근무시간 210h > 한도 209h; 박승호: 월 근무시간 210h > 한도 209h
[INFO] 대상 월: 2025년 9월 (30일)
[INFO] 시프트 자동 감지 중: ['Day', 'Night', 'Off']
  'Night' → 야간 (키워드: night)
  'Off' → 휴무 (키워드: off)
[INFO] 제약조건 적용 시작 (간호 직군)
[INFO] 야간 시프트: ['Night']
[INFO] 휴무 시프트: ['Off']
[INFO] 강혜진 제약조건 적용...
[INFO] 송현우 제약조건 적용...
[INFO] 황태현 제약조건 적용...
[INFO] 권정희 제약조건 적용...
[INFO] 조은정 제약조건 적용...
[INFO] 윤태현 제약조건 적용...
[INFO] 최현우 제약조건 적용...
[INFO] 서채영 제약조건 적용...
[INFO] 임준호 제약조건 적용...
[INFO] 조상훈 제약조건 적용...
[INFO] 최도현 제약조건 적용...
[INFO] 신영희 제약조건 적용...
[INFO] 김현우 제약조건 적용...
[INFO] 김영수 제약조건 적용...
[INFO] 전상훈 제약조건 적용...
[INFO] 권정희 제약조건 적용...
[INFO] 황은정 제약조건 적용...
[INFO] 장미영 제약조건 적용...
[INFO] 최철수 제약조건 적용...
[INFO] 안예준 제약조건 적용...
[INFO] 오미영 제약조건 적용...
[INFO] 안지영 제약조건 적용...
[INFO] 안지영: 신규간호사 야간 근무 금지 (대상: ['Night'])
[INFO] 임철수 제약조건 적용...
[INFO] 임철수: 신규간호사 야간 근무 금지 (대상: ['Night'])
[INFO] 송정희 제약조건 적용...
[INFO] 송정희: 신규간호사 야간 근무 금지 (대상: ['Night'])
[INFO] 박승호 제약조건 적용...
[INFO] 박승호: 신규간호사 야간 근무 금지 (대상: ['Night'])
[INFO] CP-SAT 솔버 실행 중...
[INFO] 솔버 상태: OPTIMAL
[INFO] 처리 시간: 0.04초
[INFO] ('127.0.0.1', 53345): 응답 완료 (ok)
[INFO] 클라이언트 연결: ('127.0.0.1', 53347)
[INFO] === 시프트 스케줄 생성 시작 ===
[INFO] 직군: 간호
[INFO] 직원 수: 25명
[INFO] 대상 월: 2025년 9월 (30일)
[INFO] 시프트 자동 감지 중: ['D', 'N', 'O']
  'N' → 야간 (축약형: night)
  'O' → 휴무 (축약형: off)
[INFO] 제약조건 적용 시작 (간호 직군)
[INFO] 야간 시프트: ['N']
[INFO] 휴무 시프트: ['O']
[INFO] 강은정 제약조건 적용...
[INFO] 최도현 제약조건 적용...
[INFO] 안정희 제약조건 적용...
[INFO] 최준호 제약조건 적용...
[INFO] 오영희 제약조건 적용...
[INFO] 최준호 제약조건 적용...
[INFO] 류철수 제약조건 적용...
[INFO] 권미영 제약조건 적용...
[INFO] 장수빈 제약조건 적용...
[INFO] 서진우 제약조건 적용...
[INFO] 전도현 제약조건 적용...
[INFO] 신소영 제약조건 적용...
[INFO] 한철수 제약조건 적용...
[INFO] 박민수 제약조건 적용...
[INFO] 조도현 제약조건 적용...
[INFO] 전지영 제약조건 적용...
[INFO] 권민수 제약조건 적용...
[INFO] 이승호 제약조건 적용...
[INFO] 황현우 제약조건 적용...
[INFO] 최채영 제약조건 적용...
[INFO] 송영희 제약조건 적용...
[INFO] 류승호 제약조건 적용...
[INFO] 류승호: 신규간호사 야간 근무 금지 (대상: ['N'])
[INFO] 류승호 제약조건 적용...
[INFO] 류승호: 신규간호사 야간 근무 금지 (대상: ['N'])
[INFO] 권정희 제약조건 적용...
[INFO] 권정희: 신규간호사 야간 근무 금지 (대상: ['N'])
[INFO] 임지영 제약조건 적용...
[INFO] 임지영: 신규간호사 야간 근무 금지 (대상: ['N'])
[INFO] CP-SAT 솔버 실행 중...
[INFO] 솔버 상태: OPTIMAL
[INFO] 처리 시간: 0.05초
[INFO] ('127.0.0.1', 53347): 응답 완료 (ok)
[INFO] 클라이언트 연결: ('127.0.0.1', 53348)
[INFO] === 시프트 스케줄 생성 시작 ===
[INFO] 직군: 간호
[INFO] 직원 수: 25명
[WARN] 경고사항: 서준호: 월 근무시간 210h > 한도 209h; 정예준: 월 근무시간 210h > 한도 209h; 박진우: 월 근무시간 210h > 한도 209h
[INFO] 대상 월: 2025년 9월 (30일)
[INFO] 시프트 자동 감지 중: ['주간', '야간', '휴무']
[INFO] 기본값 사용: 야간=['N'], 휴무=['O']
[INFO] 제약조건 적용 시작 (간호 직군)
[INFO] 야간 시프트: ['N']
[INFO] 휴무 시프트: ['O']
[INFO] 전승호 제약조건 적용...
[INFO] 윤승호 제약조건 적용...
[INFO] 서은정 제약조건 적용...
[INFO] 권승호 제약조건 적용...
[INFO] 강은정 제약조건 적용...
[INFO] 김은정 제약조건 적용...
[INFO] 류철수 제약조건 적용...
[INFO] 장채영 제약조건 적용...
[INFO] 황채영 제약조건 적용...
[INFO] 김민수 제약조건 적용...
[INFO] 서현우 제약조건 적용...
[INFO] 서준호 제약조건 적용...
[INFO] 한도현 제약조건 적용...
[INFO] 장소영 제약조건 적용...
[INFO] 이철수 제약조건 적용...
[INFO] 정예준 제약조건 적용...
[INFO] 신영수 제약조건 적용...
[INFO] 박진우 제약조건 적용...
[INFO] 신지영 제약조건 적용...
[INFO] 류미영 제약조건 적용...
[INFO] 권수빈 제약조건 적용...
[INFO] 류영희 제약조건 적용...
[INFO] 류영희: 신규간호사 야간 근무 금지 (대상: ['N'])
[INFO] 권현우 제약조건 적용...
[INFO] 권현우: 신규간호사 야간 근무 금지 (대상: ['N'])
[INFO] 윤승호 제약조건 적용...
[INFO] 윤승호: 신규간호사 야간 근무 금지 (대상: ['N'])
[INFO] 송미영 제약조건 적용...
[INFO] 송미영: 신규간호사 야간 근무 금지 (대상: ['N'])
[INFO] CP-SAT 솔버 실행 중...
[INFO] 솔버 상태: OPTIMAL
[INFO] 처리 시간: 0.06초
[INFO] ('127.0.0.1', 53348): 응답 완료 (ok)
[INFO] 클라이언트 연결: ('127.0.0.1', 53349)
[INFO] === 시프트 스케줄 생성 시작 ===
[INFO] 직군: 간호
[INFO] 직원 수: 25명
[WARN] 경고사항: 임진우: 월 근무시간 210h > 한도 209h
[INFO] 대상 월: 2025년 9월 (30일)
[INFO] 시프트 자동 감지 중: ['AM', 'PM', 'Night', 'Off']
  'Night' → 야간 (키워드: night)
  'Off' → 휴무 (키워드: off)
[INFO] 제약조건 적용 시작 (간호 직군)
[INFO] 야간 시프트: ['Night']
[INFO] 휴무 시프트: ['Off']
[INFO] 임현우 제약조건 적용...
[INFO] 이상훈 제약조건 적용...
[INFO] 임진우 제약조건 적용...
[INFO] 권정희 제약조건 적용...
[INFO] 장진우 제약조건 적용...
[INFO] 박상훈 제약조건 적용...
[INFO] 황승호 제약조건 적용...
[INFO] 이현우 제약조건 적용...
[INFO] 오민수 제약조건 적용...
[INFO] 조진우 제약조건 적용...
[INFO] 서민수 제약조건 적용...
[INFO] 이채영 제약조건 적용...
[INFO] 정정희 제약조건 적용...
[INFO] 조준호 제약조건 적용...
[INFO] 강혜진 제약조건 적용...
[INFO] 박미영 제약조건 적용...
[INFO] 최도현 제약조건 적용...
[INFO] 김철수 제약조건 적용...
[INFO] 송채영 제약조건 적용...
[INFO] 안영희 제약조건 적용...
[INFO] 류태현 제약조건 적용...
[INFO] 강상훈 제약조건 적용...
[INFO] 강상훈: 신규간호사 야간 근무 금지 (대상: ['Night'])
[INFO] 안혜진 제약조건 적용...
[INFO] 안혜진: 신규간호사 야간 근무 금지 (대상: ['Night'])
[INFO] 조현우 제약조건 적용...
[INFO] 조현우: 신규간호사 야간 근무 금지 (대상: ['Night'])
[INFO] 전예준 제약조건 적용...
[INFO] 전예준: 신규간호사 야간 근무 금지 (대상: ['Night'])
[INFO] CP-SAT 솔버 실행 중...
[INFO] 솔버 상태: OPTIMAL
[INFO] 처리 시간: 0.06초
[INFO] ('127.0.0.1', 53349): 응답 완료 (ok)
[INFO] 클라이언트 연결: ('127.0.0.1', 53350)
[INFO] === 시프트 스케줄 생성 시작 ===
[INFO] 직군: 간호
[INFO] 직원 수: 25명
[WARN] 경고사항: 김진우: 월 근무시간 210h > 한도 209h
[INFO] 대상 월: 2025년 9월 (30일)
[INFO] 시프트 자동 감지 중: ['오전', '야간', '휴무']
[INFO] 기본값 사용: 야간=['N'], 휴무=['O']
[INFO] 제약조건 적용 시작 (간호 직군)
[INFO] 야간 시프트: ['N']
[INFO] 휴무 시프트: ['O']
[INFO] 한상훈 제약조건 적용...
[INFO] 정미영 제약조건 적용...
[INFO] 송태현 제약조건 적용...
[INFO] 류수빈 제약조건 적용...
[INFO] 서은정 제약조건 적용...
[INFO] 오태현 제약조건 적용...
[INFO] 전채영 제약조건 적용...
[INFO] 권도현 제약조건 적용...
[INFO] 최은정 제약조건 적용...
[INFO] 최도현 제약조건 적용...
[INFO] 이민수 제약조건 적용...
[INFO] 황승호 제약조건 적용...
[INFO] 박철수 제약조건 적용...
[INFO] 이승호 제약조건 적용...
[INFO] 김진우 제약조건 적용...
[INFO] 이채영 제약조건 적용...
[INFO] 조도현 제약조건 적용...
[INFO] 오영희 제약조건 적용...
[INFO] 장승호 제약조건 적용...
[INFO] 권미영 제약조건 적용...
[INFO] 김상훈 제약조건 적용...
[INFO] 이정희 제약조건 적용...
[INFO] 이정희: 신규간호사 야간 근무 금지 (대상: ['N'])
[INFO] 최태현 제약조건 적용...
[INFO] 최태현: 신규간호사 야간 근무 금지 (대상: ['N'])
[INFO] 황민수 제약조건 적용...
[INFO] 황민수: 신규간호사 야간 근무 금지 (대상: ['N'])
[INFO] 장상훈 제약조건 적용...
[INFO] 장상훈: 신규간호사 야간 근무 금지 (대상: ['N'])
[INFO] CP-SAT 솔버 실행 중...
[INFO] 솔버 상태: OPTIMAL
[INFO] 처리 시간: 0.05초
[INFO] ('127.0.0.1', 53350): 응답 완료 (ok)
[INFO] 클라이언트 연결: ('127.0.0.1', 53351)
[INFO] === 시프트 스케줄 생성 시작 ===
[INFO] 직군: 간호
[INFO] 직원 수: 25명
[WARN] 경고사항: 권예준: 월 근무시간 210h > 한도 209h; 한채영: 월 근무시간 210h > 한도 209h
[INFO] 대상 월: 2025년 9월 (30일)
[INFO] 시프트 자동 감지 중: ['D', 'E', 'N', 'Off']
  'N' → 야간 (축약형: night)
  'Off' → 휴무 (키워드: off)
[INFO] 제약조건 적용 시작 (간호 직군)
[INFO] 야간 시프트: ['N']
[INFO] 휴무 시프트: ['Off']
[INFO] 최영수 제약조건 적용...
[INFO] 안예준 제약조건 적용...
[INFO] 오예준 제약조건 적용...
[INFO] 박지영 제약조건 적용...
[INFO] 안민수 제약조건 적용...
[INFO] 권예준 제약조건 적용...
[INFO] 권영수 제약조건 적용...
[INFO] 조은정 제약조건 적용...
[INFO] 윤상훈 제약조건 적용...
[INFO] 전현우 제약조건 적용...
[INFO] 한진우 제약조건 적용...
[INFO] 최준호 제약조건 적용...
[INFO] 정은정 제약조건 적용...
[INFO] 안상훈 제약조건 적용...
[INFO] 안현우 제약조건 적용...
[INFO] 안태현 제약조건 적용...
[INFO] 조채영 제약조건 적용...
[INFO] 강수빈 제약조건 적용...
[INFO] 권태현 제약조건 적용...
[INFO] 이준호 제약조건 적용...
[INFO] 임수빈 제약조건 적용...
[INFO] 한채영 제약조건 적용...
[INFO] 한채영: 신규간호사 야간 근무 금지 (대상: ['N'])
[INFO] 윤현우 제약조건 적용...
[INFO] 윤현우: 신규간호사 야간 근무 금지 (대상: ['N'])
[INFO] 오지영 제약조건 적용...
[INFO] 오지영: 신규간호사 야간 근무 금지 (대상: ['N'])
[INFO] 권미영 제약조건 적용...
[INFO] 권미영: 신규간호사 야간 근무 금지 (대상: ['N'])
[INFO] CP-SAT 솔버 실행 중...
[INFO] 솔버 상태: OPTIMAL
[INFO] 처리 시간: 0.08초
[INFO] ('127.0.0.1', 53351): 응답 완료 (ok)
[INFO] 클라이언트 연결: ('127.0.0.1', 53352)
[INFO] === 시프트 스케줄 생성 시작 ===
[INFO] 직군: 간호
[INFO] 직원 수: 25명
[INFO] 대상 월: 2025년 9월 (30일)
[INFO] 시프트 자동 감지 중: ['Morning', 'Evening', 'Night', 'Off']
  'Night' → 야간 (키워드: night)
  'Off' → 휴무 (키워드: off)
[INFO] 제약조건 적용 시작 (간호 직군)
[INFO] 야간 시프트: ['Night']
[INFO] 휴무 시프트: ['Off']
[INFO] 이혜진 제약조건 적용...
[INFO] 안승호 제약조건 적용...
[INFO] 정영수 제약조건 적용...
[INFO] 장철수 제약조건 적용...
[INFO] 임소영 제약조건 적용...
[INFO] 한도현 제약조건 적용...
[INFO] 한현우 제약조건 적용...
[INFO] 조지영 제약조건 적용...
[INFO] 류정희 제약조건 적용...
[INFO] 송철수 제약조건 적용...
[INFO] 강현우 제약조건 적용...
[INFO] 정민수 제약조건 적용...
[INFO] 송민수 제약조건 적용...
[INFO] 한준호 제약조건 적용...
[INFO] 임상훈 제약조건 적용...
[INFO] 안지영 제약조건 적용...
[INFO] 전은정 제약조건 적용...
[INFO] 류정희 제약조건 적용...
[INFO] 조영희 제약조건 적용...
[INFO] 신도현 제약조건 적용...
[INFO] 오현우 제약조건 적용...
[INFO] 윤준호 제약조건 적용...
[INFO] 윤준호: 신규간호사 야간 근무 금지 (대상: ['Night'])
[INFO] 정태현 제약조건 적용...
[INFO] 정태현: 신규간호사 야간 근무 금지 (대상: ['Night'])
[INFO] 서상훈 제약조건 적용...
[INFO] 서상훈: 신규간호사 야간 근무 금지 (대상: ['Night'])
[INFO] 이현우 제약조건 적용...
[INFO] 이현우: 신규간호사 야간 근무 금지 (대상: ['Night'])
[INFO] CP-SAT 솔버 실행 중...
[INFO] 솔버 상태: OPTIMAL
[INFO] 처리 시간: 0.09초
[INFO] ('127.0.0.1', 53352): 응답 완료 (ok)
[INFO] 클라이언트 연결: ('127.0.0.1', 53353)
[INFO] === 시프트 스케줄 생성 시작 ===
[INFO] 직군: 간호
[INFO] 직원 수: 25명
[WARN] 경고사항: 황현우: 월 근무시간 210h > 한도 209h
[INFO] 대상 월: 2025년 9월 (30일)
[INFO] 시프트 자동 감지 중: ['06-14', '14-22', '22-06', 'Off']
  'Off' → 휴무 (키워드: off)
[INFO] 제약조건 적용 시작 (간호 직군)
[INFO] 야간 시프트: []
[INFO] 휴무 시프트: ['Off']
[INFO] 임진우 제약조건 적용...
[INFO] 박예준 제약조건 적용...
[INFO] 조민수 제약조건 적용...
[INFO] 황현우 제약조건 적용...
[INFO] 강태현 제약조건 적용...
[INFO] 조철수 제약조건 적용...
[INFO] 이철수 제약조건 적용...
[INFO] 안영수 제약조건 적용...
[INFO] 박예준 제약조건 적용...
[INFO] 최미영 제약조건 적용...
[INFO] 전혜진 제약조건 적용...
[INFO] 안준호 제약조건 적용...
[INFO] 김영수 제약조건 적용...
[INFO] 권준호 제약조건 적용...
[INFO] 강지영 제약조건 적용...
[INFO] 류소영 제약조건 적용...
[INFO] 강승호 제약조건 적용...
[INFO] 장정희 제약조건 적용...
[INFO] 류승호 제약조건 적용...
[INFO] 강진우 제약조건 적용...
[INFO] 한철수 제약조건 적용...
[INFO] 윤미영 제약조건 적용...
[INFO] 전소영 제약조건 적용...
[INFO] 전영희 제약조건 적용...
[INFO] 정상훈 제약조건 적용...
[INFO] CP-SAT 솔버 실행 중...
[INFO] 솔버 상태: OPTIMAL
[INFO] 처리 시간: 0.11초
[INFO] ('127.0.0.1', 53353): 응답 완료 (ok)
[INFO] 클라이언트 연결: ('127.0.0.1', 53354)
[INFO] === 시프트 스케줄 생성 시작 ===
[INFO] 직군: 간호
[INFO] 직원 수: 25명
[WARN] 경고사항: 류정희: 월 근무시간 210h > 한도 209h
[INFO] 대상 월: 2025년 9월 (30일)
[INFO] 시프트 자동 감지 중: ['D', 'E', 'N', 'O']
  'N' → 야간 (축약형: night)
  'O' → 휴무 (축약형: off)
[INFO] 제약조건 적용 시작 (간호 직군)
[INFO] 야간 시프트: ['N']
[INFO] 휴무 시프트: ['O']
[INFO] 정현우 제약조건 적용...
[INFO] 조수빈 제약조건 적용...
[INFO] 류정희 제약조건 적용...
[INFO] 장미영 제약조건 적용...
[INFO] 황태현 제약조건 적용...
[INFO] 송영희 제약조건 적용...
[INFO] 한태현 제약조건 적용...
[INFO] 송도현 제약조건 적용...
[INFO] 김태현 제약조건 적용...
[INFO] 황도현 제약조건 적용...
[INFO] 류진우 제약조건 적용...
[INFO] 강은정 제약조건 적용...
[INFO] 임소영 제약조건 적용...
[INFO] 조채영 제약조건 적용...
[INFO] 황수빈 제약조건 적용...
[INFO] 신철수 제약조건 적용...
[INFO] 전영희 제약조건 적용...
[INFO] 이진우 제약조건 적용...
[INFO] 송수빈 제약조건 적용...
[INFO] 윤영희 제약조건 적용...
[INFO] 박철수 제약조건 적용...
[INFO] 송철수 제약조건 적용...
[INFO] 송철수: 신규간호사 야간 근무 금지 (대상: ['N'])
[INFO] 임철수 제약조건 적용...
[INFO] 임철수: 신규간호사 야간 근무 금지 (대상: ['N'])
[INFO] 이소영 제약조건 적용...
[INFO] 이소영: 신규간호사 야간 근무 금지 (대상: ['N'])
[INFO] 신미영 제약조건 적용...
[INFO] 신미영: 신규간호사 야간 근무 금지 (대상: ['N'])
[INFO] CP-SAT 솔버 실행 중...
[INFO] 솔버 상태: OPTIMAL
[INFO] 처리 시간: 0.09초
[INFO] ('127.0.0.1', 53354): 응답 완료 (ok)
[INFO] 클라이언트 연결: ('127.0.0.1', 53355)
[INFO] === 시프트 스케줄 생성 시작 ===
[INFO] 직군: 간호
[INFO] 직원 수: 25명
[INFO] 대상 월: 2025년 9월 (30일)
[INFO] 시프트 자동 감지 중: ['FullDay', 'HalfDay', 'Night', 'Off']
  'Night' → 야간 (키워드: night)
  'Off' → 휴무 (키워드: off)
[INFO] 제약조건 적용 시작 (간호 직군)
[INFO] 야간 시프트: ['Night']
[INFO] 휴무 시프트: ['Off']
[INFO] 안상훈 제약조건 적용...
[INFO] 권준호 제약조건 적용...
[INFO] 서준호 제약조건 적용...
[INFO] 최지영 제약조건 적용...
[INFO] 박태현 제약조건 적용...
[INFO] 안혜진 제약조건 적용...
[INFO] 정혜진 제약조건 적용...
[INFO] 이은정 제약조건 적용...
[INFO] 이준호 제약조건 적용...
[INFO] 송상훈 제약조건 적용...
[INFO] 조상훈 제약조건 적용...
[INFO] 박진우 제약조건 적용...
[INFO] 송현우 제약조건 적용...
[INFO] 전상훈 제약조건 적용...
[INFO] 강미영 제약조건 적용...
[INFO] 류진우 제약조건 적용...
[INFO] 전태현 제약조건 적용...
[INFO] 박진우 제약조건 적용...
[INFO] 오준호 제약조건 적용...
[INFO] 장영수 제약조건 적용...
[INFO] 오채영 제약조건 적용...
[INFO] 김정희 제약조건 적용...
[INFO] 김정희: 신규간호사 야간 근무 금지 (대상: ['Night'])
[INFO] 윤승호 제약조건 적용...
[INFO] 윤승호: 신규간호사 야간 근무 금지 (대상: ['Night'])
[INFO] 오영수 제약조건 적용...
[INFO] 오영수: 신규간호사 야간 근무 금지 (대상: ['Night'])
[INFO] 황정희 제약조건 적용...
[INFO] 황정희: 신규간호사 야간 근무 금지 (대상: ['Night'])
[INFO] CP-SAT 솔버 실행 중...
[INFO] 솔버 상태: OPTIMAL
[INFO] 처리 시간: 0.06초
[INFO] ('127.0.0.1', 53355): 응답 완료 (ok)
[INFO] 클라이언트 연결: ('127.0.0.1', 53356)
[INFO] === 시프트 스케줄 생성 시작 ===
[INFO] 직군: 간호
[INFO] 직원 수: 25명
[WARN] 경고사항: 전민수: 월 근무시간 210h > 한도 209h
[INFO] 대상 월: 2025년 9월 (30일)
[INFO] 시프트 자동 감지 중: ['Day', 'Evening', 'Night', 'Off']
  'Night' → 야간 (키워드: night)
  'Off' → 휴무 (키워드: off)
[INFO] 제약조건 적용 시작 (간호 직군)
[INFO] 야간 시프트: ['Night']
[INFO] 휴무 시프트: ['Off']
[INFO] 전승호 제약조건 적용...
[INFO] 최지영 제약조건 적용...
[INFO] 류민수 제약조건 적용...
[INFO] 류준호 제약조건 적용...
[INFO] 안상훈 제약조건 적용...
[INFO] 전채영 제약조건 적용...
[INFO] 김예준 제약조건 적용...
[INFO] 조상훈 제약조건 적용...
[INFO] 신소영 제약조건 적용...
[INFO] 임철수 제약조건 적용...
[INFO] 장민수 제약조건 적용...
[INFO] 전승호 제약조건 적용...
[INFO] 김준호 제약조건 적용...
[INFO] 송상훈 제약조건 적용...
[INFO] 전수빈 제약조건 적용...
[INFO] 조혜진 제약조건 적용...
[INFO] 윤상훈 제약조건 적용...
[INFO] 최상훈 제약조건 적용...
[INFO] 류예준 제약조건 적용...
[INFO] 박승호 제약조건 적용...
[INFO] 송정희 제약조건 적용...
[INFO] 윤민수 제약조건 적용...
[INFO] 윤민수: 신규간호사 야간 근무 금지 (대상: ['Night'])
[INFO] 최철수 제약조건 적용...
[INFO] 최철수: 신규간호사 야간 근무 금지 (대상: ['Night'])
[INFO] 최은정 제약조건 적용...
[INFO] 최은정: 신규간호사 야간 근무 금지 (대상: ['Night'])
[INFO] 전민수 제약조건 적용...
[INFO] 전민수: 신규간호사 야간 근무 금지 (대상: ['Night'])
[INFO] CP-SAT 솔버 실행 중...
[INFO] 솔버 상태: OPTIMAL
[INFO] 처리 시간: 0.06초
[INFO] ('127.0.0.1', 53356): 응답 완료 (ok)
[INFO] 클라이언트 연결: ('127.0.0.1', 53357)
[INFO] === 시프트 스케줄 생성 시작 ===
[INFO] 직군: 간호
[INFO] 직원 수: 25명
[WARN] 경고사항: 임혜진: 월 근무시간 210h > 한도 209h
[INFO] 대상 월: 2025년 9월 (30일)
[INFO] 시프트 자동 감지 중: ['M', 'A', 'N', 'R']
  'N' → 야간 (축약형: night)
  'R' → 휴무 (축약형: rest)
[INFO] 제약조건 적용 시작 (간호 직군)
[INFO] 야간 시프트: ['N']
[INFO] 휴무 시프트: ['R']
[INFO] 장정희 제약조건 적용...
[INFO] 류채영 제약조건 적용...
[INFO] 장예준 제약조건 적용...
[INFO] 송도현 제약조건 적용...
[INFO] 신철수 제약조건 적용...
[INFO] 류정희 제약조건 적용...
[INFO] 이예준 제약조건 적용...
[INFO] 김은정 제약조건 적용...
[INFO] 김예준 제약조건 적용...
[INFO] 강채영 제약조건 적용...
[INFO] 신승호 제약조건 적용...
[INFO] 정진우 제약조건 적용...
[INFO] 권승호 제약조건 적용...
[INFO] 윤예준 제약조건 적용...
[INFO] 송준호 제약조건 적용...
[INFO] 임준호 제약조건 적용...
[INFO] 정철수 제약조건 적용...
[INFO] 조승호 제약조건 적용...
[INFO] 정은정 제약조건 적용...
[INFO] 임혜진 제약조건 적용...
[INFO] 강지영 제약조건 적용...
[INFO] 서채영 제약조건 적용...
[INFO] 서채영: 신규간호사 야간 근무 금지 (대상: ['N'])
[INFO] 정철수 제약조건 적용...
[INFO] 정철수: 신규간호사 야간 근무 금지 (대상: ['N'])
[INFO] 이진우 제약조건 적용...
[INFO] 이진우: 신규간호사 야간 근무 금지 (대상: ['N'])
[INFO] 황상훈 제약조건 적용...
[INFO] 황상훈: 신규간호사 야간 근무 금지 (대상: ['N'])
[INFO] CP-SAT 솔버 실행 중...
[INFO] 솔버 상태: OPTIMAL
[INFO] 처리 시간: 0.08초
[INFO] ('127.0.0.1', 53357): 응답 완료 (ok)
[INFO] 클라이언트 연결: ('127.0.0.1', 53358)
[INFO] === 시프트 스케줄 생성 시작 ===
[INFO] 직군: 간호
[INFO] 직원 수: 25명
[WARN] 경고사항: 장영수: 월 근무시간 210h > 한도 209h
[INFO] 대상 월: 2025년 9월 (30일)
[INFO] 시프트 자동 감지 중: ['오전', '오후', '심야', '휴무']
[INFO] 기본값 사용: 야간=['N'], 휴무=['O']
[INFO] 제약조건 적용 시작 (간호 직군)
[INFO] 야간 시프트: ['N']
[INFO] 휴무 시프트: ['O']
[INFO] 송영수 제약조건 적용...
[INFO] 권혜진 제약조건 적용...
[INFO] 이도현 제약조건 적용...
[INFO] 장은정 제약조건 적용...
[INFO] 서태현 제약조건 적용...
[INFO] 송미영 제약조건 적용...
[INFO] 최정희 제약조건 적용...
[INFO] 윤준호 제약조건 적용...
[INFO] 장소영 제약조건 적용...
[INFO] 임준호 제약조건 적용...
[INFO] 서지영 제약조건 적용...
[INFO] 송채영 제약조건 적용...
[INFO] 서소영 제약조건 적용...
[INFO] 정현우 제약조건 적용...
[INFO] 임도현 제약조건 적용...
[INFO] 강민수 제약조건 적용...
[INFO] 류영수 제약조건 적용...
[INFO] 최현우 제약조건 적용...
[INFO] 임수빈 제약조건 적용...
[INFO] 송영수 제약조건 적용...
[INFO] 한혜진 제약조건 적용...
[INFO] 윤정희 제약조건 적용...
[INFO] 윤정희: 신규간호사 야간 근무 금지 (대상: ['N'])
[INFO] 장영수 제약조건 적용...
[INFO] 장영수: 신규간호사 야간 근무 금지 (대상: ['N'])
[INFO] 전철수 제약조건 적용...
[INFO] 전철수: 신규간호사 야간 근무 금지 (대상: ['N'])
[INFO] 윤영희 제약조건 적용...
[INFO] 윤영희: 신규간호사 야간 근무 금지 (대상: ['N'])
[INFO] CP-SAT 솔버 실행 중...
[INFO] 솔버 상태: OPTIMAL
[INFO] 처리 시간: 0.06초
[INFO] ('127.0.0.1', 53358): 응답 완료 (ok)
[INFO] 클라이언트 연결: ('127.0.0.1', 53359)
[INFO] === 시프트 스케줄 생성 시작 ===
[INFO] 직군: 간호
[INFO] 직원 수: 25명
[WARN] 경고사항: 송예준: 월 근무시간 210h > 한도 209h; 권준호: 월 근무시간 210h > 한도 209h
[INFO] 대상 월: 2025년 9월 (30일)
[INFO] 시프트 자동 감지 중: ['Day', 'Night', 'Off']
  'Night' → 야간 (키워드: night)
  'Off' → 휴무 (키워드: off)
[INFO] 제약조건 적용 시작 (간호 직군)
[INFO] 야간 시프트: ['Night']
[INFO] 휴무 시프트: ['Off']
[INFO] 권지영 제약조건 적용...
[INFO] 류진우 제약조건 적용...
[INFO] 임혜진 제약조건 적용...
[INFO] 송예준 제약조건 적용...
[INFO] 서상훈 제약조건 적용...
[INFO] 장지영 제약조건 적용...
[INFO] 송영수 제약조건 적용...
[INFO] 김미영 제약조건 적용...
[INFO] 전영수 제약조건 적용...
[INFO] 한수빈 제약조건 적용...
[INFO] 윤현우 제약조건 적용...
[INFO] 류미영 제약조건 적용...
[INFO] 윤철수 제약조건 적용...
[INFO] 권준호 제약조건 적용...
[INFO] 윤수빈 제약조건 적용...
[INFO] 박수빈 제약조건 적용...
[INFO] 신영수 제약조건 적용...
[INFO] 임채영 제약조건 적용...
[INFO] 송소영 제약조건 적용...
[INFO] 류정희 제약조건 적용...
[INFO] 정현우 제약조건 적용...
[INFO] 최승호 제약조건 적용...
[INFO] 최승호: 신규간호사 야간 근무 금지 (대상: ['Night'])
[INFO] 권태현 제약조건 적용...
[INFO] 권태현: 신규간호사 야간 근무 금지 (대상: ['Night'])
[INFO] 정소영 제약조건 적용...
[INFO] 정소영: 신규간호사 야간 근무 금지 (대상: ['Night'])
[INFO] 송은정 제약조건 적용...
[INFO] 송은정: 신규간호사 야간 근무 금지 (대상: ['Night'])
[INFO] CP-SAT 솔버 실행 중...
[INFO] 솔버 상태: OPTIMAL
[INFO] 처리 시간: 0.05초
[INFO] ('127.0.0.1', 53359): 응답 완료 (ok)
[INFO] 클라이언트 연결: ('127.0.0.1', 53375)
[INFO] === 시프트 스케줄 생성 시작 ===
[INFO] 직군: 간호
[INFO] 직원 수: 25명
[INFO] 대상 월: 2025년 9월 (30일)
[INFO] 시프트 자동 감지 중: ['Day', 'Night', 'Off']
  'Night' → 야간 (키워드: night)
  'Off' → 휴무 (키워드: off)
[INFO] 제약조건 적용 시작 (간호 직군)
[INFO] 야간 시프트: ['Night']
[INFO] 휴무 시프트: ['Off']
[INFO] 전진우 제약조건 적용...
[INFO] 윤승호 제약조건 적용...
[INFO] 서도현 제약조건 적용...
[INFO] 강혜진 제약조건 적용...
[INFO] 서수빈 제약조건 적용...
[INFO] 박예준 제약조건 적용...
[INFO] 박소영 제약조건 적용...
[INFO] 윤혜진 제약조건 적용...
[INFO] 전철수 제약조건 적용...
[INFO] 박은정 제약조건 적용...
[INFO] 김채영 제약조건 적용...
[INFO] 박승호 제약조건 적용...
[INFO] 한수빈 제약조건 적용...
[INFO] 오도현 제약조건 적용...
[INFO] 한승호 제약조건 적용...
[INFO] 황혜진 제약조건 적용...
[INFO] 임은정 제약조건 적용...
[INFO] 황은정 제약조건 적용...
[INFO] 박태현 제약조건 적용...
[INFO] 장영희 제약조건 적용...
[INFO] 박태현 제약조건 적용...
[INFO] 임철수 제약조건 적용...
[INFO] 임철수: 신규간호사 야간 근무 금지 (대상: ['Night'])
[INFO] 조은정 제약조건 적용...
[INFO] 조은정: 신규간호사 야간 근무 금지 (대상: ['Night'])
[INFO] 신채영 제약조건 적용...
[INFO] 신채영: 신규간호사 야간 근무 금지 (대상: ['Night'])
[INFO] 조예준 제약조건 적용...
[INFO] 조예준: 신규간호사 야간 근무 금지 (대상: ['Night'])
[INFO] CP-SAT 솔버 실행 중...
[INFO] 솔버 상태: OPTIMAL
[INFO] 처리 시간: 0.04초
[INFO] ('127.0.0.1', 53375): 응답 완료 (ok)
[INFO] 클라이언트 연결: ('127.0.0.1', 53377)
[INFO] === 시프트 스케줄 생성 시작 ===
[INFO] 직군: 간호
[INFO] 직원 수: 25명
[INFO] 대상 월: 2025년 9월 (30일)
[INFO] 시프트 자동 감지 중: ['D', 'N', 'O']
  'N' → 야간 (축약형: night)
  'O' → 휴무 (축약형: off)
[INFO] 제약조건 적용 시작 (간호 직군)
[INFO] 야간 시프트: ['N']
[INFO] 휴무 시프트: ['O']
[INFO] 전혜진 제약조건 적용...
[INFO] 신정희 제약조건 적용...
[INFO] 전철수 제약조건 적용...
[INFO] 김영희 제약조건 적용...
[INFO] 안진우 제약조건 적용...
[INFO] 장예준 제약조건 적용...
[INFO] 박상훈 제약조건 적용...
[INFO] 전지영 제약조건 적용...
[INFO] 전은정 제약조건 적용...
[INFO] 안현우 제약조건 적용...
[INFO] 이영희 제약조건 적용...
[INFO] 최수빈 제약조건 적용...
[INFO] 안준호 제약조건 적용...
[INFO] 권준호 제약조건 적용...
[INFO] 송도현 제약조건 적용...
[INFO] 박정희 제약조건 적용...
[INFO] 권예준 제약조건 적용...
[INFO] 권승호 제약조건 적용...
[INFO] 강미영 제약조건 적용...
[INFO] 권혜진 제약조건 적용...
[INFO] 송채영 제약조건 적용...
[INFO] 장상훈 제약조건 적용...
[INFO] 장상훈: 신규간호사 야간 근무 금지 (대상: ['N'])
[INFO] 조은정 제약조건 적용...
[INFO] 조은정: 신규간호사 야간 근무 금지 (대상: ['N'])
[INFO] 윤은정 제약조건 적용...
[INFO] 윤은정: 신규간호사 야간 근무 금지 (대상: ['N'])
[INFO] 최철수 제약조건 적용...
[INFO] 최철수: 신규간호사 야간 근무 금지 (대상: ['N'])
[INFO] CP-SAT 솔버 실행 중...
[INFO] 솔버 상태: OPTIMAL
[INFO] 처리 시간: 0.04초
[INFO] ('127.0.0.1', 53377): 응답 완료 (ok)
[INFO] 클라이언트 연결: ('127.0.0.1', 53378)
[INFO] === 시프트 스케줄 생성 시작 ===
[INFO] 직군: 간호
[INFO] 직원 수: 25명
[INFO] 대상 월: 2025년 9월 (30일)
[INFO] 시프트 자동 감지 중: ['주간', '야간', '휴무']
[INFO] 기본값 사용: 야간=['N'], 휴무=['O']
[INFO] 제약조건 적용 시작 (간호 직군)
[INFO] 야간 시프트: ['N']
[INFO] 휴무 시프트: ['O']
[INFO] 전소영 제약조건 적용...
[INFO] 김준호 제약조건 적용...
[INFO] 송진우 제약조건 적용...
[INFO] 서철수 제약조건 적용...
[INFO] 오태현 제약조건 적용...
[INFO] 박정희 제약조건 적용...
[INFO] 장민수 제약조건 적용...
[INFO] 권정희 제약조건 적용...
[INFO] 권혜진 제약조건 적용...
[INFO] 권태현 제약조건 적용...
[INFO] 서도현 제약조건 적용...
[INFO] 전미영 제약조건 적용...
[INFO] 한영수 제약조건 적용...
[INFO] 한혜진 제약조건 적용...
[INFO] 조채영 제약조건 적용...
[INFO] 조소영 제약조건 적용...
[INFO] 김채영 제약조건 적용...
[INFO] 장영희 제약조건 적용...
[INFO] 오소영 제약조건 적용...
[INFO] 안혜진 제약조건 적용...
[INFO] 조은정 제약조건 적용...
[INFO] 한채영 제약조건 적용...
[INFO] 한채영: 신규간호사 야간 근무 금지 (대상: ['N'])
[INFO] 최상훈 제약조건 적용...
[INFO] 최상훈: 신규간호사 야간 근무 금지 (대상: ['N'])
[INFO] 윤민수 제약조건 적용...
[INFO] 윤민수: 신규간호사 야간 근무 금지 (대상: ['N'])
[INFO] 임승호 제약조건 적용...
[INFO] 임승호: 신규간호사 야간 근무 금지 (대상: ['N'])
[INFO] CP-SAT 솔버 실행 중...
[INFO] 솔버 상태: OPTIMAL
[INFO] 처리 시간: 0.06초
[INFO] ('127.0.0.1', 53378): 응답 완료 (ok)
[INFO] 클라이언트 연결: ('127.0.0.1', 53379)
[INFO] === 시프트 스케줄 생성 시작 ===
[INFO] 직군: 간호
[INFO] 직원 수: 25명
[WARN] 경고사항: 윤은정: 월 근무시간 210h > 한도 209h
[INFO] 대상 월: 2025년 9월 (30일)
[INFO] 시프트 자동 감지 중: ['AM', 'PM', 'Night', 'Off']
  'Night' → 야간 (키워드: night)
  'Off' → 휴무 (키워드: off)
[INFO] 제약조건 적용 시작 (간호 직군)
[INFO] 야간 시프트: ['Night']
[INFO] 휴무 시프트: ['Off']
[INFO] 오철수 제약조건 적용...
[INFO] 전수빈 제약조건 적용...
[INFO] 김도현 제약조건 적용...
[INFO] 송도현 제약조건 적용...
[INFO] 서수빈 제약조건 적용...
[INFO] 안영희 제약조건 적용...
[INFO] 정은정 제약조건 적용...
[INFO] 전준호 제약조건 적용...
[INFO] 임영희 제약조건 적용...
[INFO] 권진우 제약조건 적용...
[INFO] 류영희 제약조건 적용...
[INFO] 신철수 제약조건 적용...
[INFO] 윤정희 제약조건 적용...
[INFO] 오지영 제약조건 적용...
[INFO] 강예준 제약조건 적용...
[INFO] 안영희 제약조건 적용...
[INFO] 윤은정 제약조건 적용...
[INFO] 신승호 제약조건 적용...
[INFO] 오은정 제약조건 적용...
[INFO] 박수빈 제약조건 적용...
[INFO] 윤태현 제약조건 적용...
[INFO] 조준호 제약조건 적용...
[INFO] 조준호: 신규간호사 야간 근무 금지 (대상: ['Night'])
[INFO] 박영수 제약조건 적용...
[INFO] 박영수: 신규간호사 야간 근무 금지 (대상: ['Night'])
[INFO] 송진우 제약조건 적용...
[INFO] 송진우: 신규간호사 야간 근무 금지 (대상: ['Night'])
[INFO] 장태현 제약조건 적용...
[INFO] 장태현: 신규간호사 야간 근무 금지 (대상: ['Night'])
[INFO] CP-SAT 솔버 실행 중...
[INFO] 솔버 상태: OPTIMAL
[INFO] 처리 시간: 0.07초
[INFO] ('127.0.0.1', 53379): 응답 완료 (ok)
[INFO] 클라이언트 연결: ('127.0.0.1', 53380)
[INFO] === 시프트 스케줄 생성 시작 ===
[INFO] 직군: 간호
[INFO] 직원 수: 25명
[WARN] 경고사항: 안미영: 월 근무시간 210h > 한도 209h; 한예준: 월 근무시간 210h > 한도 209h
[INFO] 대상 월: 2025년 9월 (30일)
[INFO] 시프트 자동 감지 중: ['오전', '야간', '휴무']
[INFO] 기본값 사용: 야간=['N'], 휴무=['O']
[INFO] 제약조건 적용 시작 (간호 직군)
[INFO] 야간 시프트: ['N']
[INFO] 휴무 시프트: ['O']
[INFO] 안미영 제약조건 적용...
[INFO] 황승호 제약조건 적용...
[INFO] 전은정 제약조건 적용...
[INFO] 임정희 제약조건 적용...
[INFO] 정민수 제약조건 적용...
[INFO] 신도현 제약조건 적용...
[INFO] 윤상훈 제약조건 적용...
[INFO] 최태현 제약조건 적용...
[INFO] 정예준 제약조건 적용...
[INFO] 김상훈 제약조건 적용...
[INFO] 황은정 제약조건 적용...
[INFO] 전준호 제약조건 적용...
[INFO] 류예준 제약조건 적용...
[INFO] 강민수 제약조건 적용...
[INFO] 류준호 제약조건 적용...
[INFO] 류지영 제약조건 적용...
[INFO] 안상훈 제약조건 적용...
[INFO] 강영희 제약조건 적용...
[INFO] 송소영 제약조건 적용...
[INFO] 강태현 제약조건 적용...
[INFO] 오수빈 제약조건 적용...
[INFO] 오영수 제약조건 적용...
[INFO] 오영수: 신규간호사 야간 근무 금지 (대상: ['N'])
[INFO] 한예준 제약조건 적용...
[INFO] 한예준: 신규간호사 야간 근무 금지 (대상: ['N'])
[INFO] 정소영 제약조건 적용...
[INFO] 정소영: 신규간호사 야간 근무 금지 (대상: ['N'])
[INFO] 이현우 제약조건 적용...
[INFO] 이현우: 신규간호사 야간 근무 금지 (대상: ['N'])
[INFO] CP-SAT 솔버 실행 중...
[INFO] 솔버 상태: OPTIMAL
[INFO] 처리 시간: 0.06초
[INFO] ('127.0.0.1', 53380): 응답 완료 (ok)
[INFO] 클라이언트 연결: ('127.0.0.1', 53381)
[INFO] === 시프트 스케줄 생성 시작 ===
[INFO] 직군: 간호
[INFO] 직원 수: 25명
[INFO] 대상 월: 2025년 9월 (30일)
[INFO] 시프트 자동 감지 중: ['D', 'E', 'N', 'Off']
  'N' → 야간 (축약형: night)
  'Off' → 휴무 (키워드: off)
[INFO] 제약조건 적용 시작 (간호 직군)
[INFO] 야간 시프트: ['N']
[INFO] 휴무 시프트: ['Off']
[INFO] 장소영 제약조건 적용...
[INFO] 박영희 제약조건 적용...
[INFO] 강소영 제약조건 적용...
[INFO] 박은정 제약조건 적용...
[INFO] 김현우 제약조건 적용...
[INFO] 한현우 제약조건 적용...
[INFO] 조진우 제약조건 적용...
[INFO] 이소영 제약조건 적용...
[INFO] 이혜진 제약조건 적용...
[INFO] 전민수 제약조건 적용...
[INFO] 서은정 제약조건 적용...
[INFO] 김철수 제약조건 적용...
[INFO] 윤승호 제약조건 적용...
[INFO] 신철수 제약조건 적용...
[INFO] 강영희 제약조건 적용...
[INFO] 전도현 제약조건 적용...
[INFO] 서수빈 제약조건 적용...
[INFO] 강지영 제약조건 적용...
[INFO] 안태현 제약조건 적용...
[INFO] 장미영 제약조건 적용...
[INFO] 조수빈 제약조건 적용...
[INFO] 신정희 제약조건 적용...
[INFO] 신정희: 신규간호사 야간 근무 금지 (대상: ['N'])
[INFO] 황준호 제약조건 적용...
[INFO] 황준호: 신규간호사 야간 근무 금지 (대상: ['N'])
[INFO] 윤소영 제약조건 적용...
[INFO] 윤소영: 신규간호사 야간 근무 금지 (대상: ['N'])
[INFO] 김승호 제약조건 적용...
[INFO] 김승호: 신규간호사 야간 근무 금지 (대상: ['N'])
[INFO] CP-SAT 솔버 실행 중...
[INFO] 솔버 상태: OPTIMAL
[INFO] 처리 시간: 0.09초
[INFO] ('127.0.0.1', 53381): 응답 완료 (ok)
[INFO] 클라이언트 연결: ('127.0.0.1', 53382)
[INFO] === 시프트 스케줄 생성 시작 ===
[INFO] 직군: 간호
[INFO] 직원 수: 25명
[INFO] 대상 월: 2025년 9월 (30일)
[INFO] 시프트 자동 감지 중: ['Morning', 'Evening', 'Night', 'Off']
  'Night' → 야간 (키워드: night)
  'Off' → 휴무 (키워드: off)
[INFO] 제약조건 적용 시작 (간호 직군)
[INFO] 야간 시프트: ['Night']
[INFO] 휴무 시프트: ['Off']
[INFO] 조수빈 제약조건 적용...
[INFO] 최진우 제약조건 적용...
[INFO] 장혜진 제약조건 적용...
[INFO] 송준호 제약조건 적용...
[INFO] 한예준 제약조건 적용...
[INFO] 류현우 제약조건 적용...
[INFO] 한태현 제약조건 적용...
[INFO] 정태현 제약조건 적용...
[INFO] 이소영 제약조건 적용...
[INFO] 류현우 제약조건 적용...
[INFO] 오지영 제약조건 적용...
[INFO] 조혜진 제약조건 적용...
[INFO] 임지영 제약조건 적용...
[INFO] 안진우 제약조건 적용...
[INFO] 박현우 제약조건 적용...
[INFO] 조도현 제약조건 적용...
[INFO] 권현우 제약조건 적용...
[INFO] 황영희 제약조건 적용...
[INFO] 오영수 제약조건 적용...
[INFO] 전철수 제약조건 적용...
[INFO] 권혜진 제약조건 적용...
[INFO] 박준호 제약조건 적용...
[INFO] 박준호: 신규간호사 야간 근무 금지 (대상: ['Night'])
[INFO] 강승호 제약조건 적용...
[INFO] 강승호: 신규간호사 야간 근무 금지 (대상: ['Night'])
[INFO] 윤도현 제약조건 적용...
[INFO] 윤도현: 신규간호사 야간 근무 금지 (대상: ['Night'])
[INFO] 조도현 제약조건 적용...
[INFO] 조도현: 신규간호사 야간 근무 금지 (대상: ['Night'])
[INFO] CP-SAT 솔버 실행 중...
[INFO] 솔버 상태: OPTIMAL
[INFO] 처리 시간: 0.09초
[INFO] ('127.0.0.1', 53382): 응답 완료 (ok)
[INFO] 클라이언트 연결: ('127.0.0.1', 53383)
[INFO] === 시프트 스케줄 생성 시작 ===
[INFO] 직군: 간호
[INFO] 직원 수: 25명
[INFO] 대상 월: 2025년 9월 (30일)
[INFO] 시프트 자동 감지 중: ['06-14', '14-22', '22-06', 'Off']
  'Off' → 휴무 (키워드: off)
[INFO] 제약조건 적용 시작 (간호 직군)
[INFO] 야간 시프트: []
[INFO] 휴무 시프트: ['Off']
[INFO] 서은정 제약조건 적용...
[INFO] 박예준 제약조건 적용...
[INFO] 송수빈 제약조건 적용...
[INFO] 류승호 제약조건 적용...
[INFO] 임태현 제약조건 적용...
[INFO] 송영희 제약조건 적용...
[INFO] 한준호 제약조건 적용...
[INFO] 조수빈 제약조건 적용...
[INFO] 김영수 제약조건 적용...
[INFO] 한상훈 제약조건 적용...
[INFO] 신미영 제약조건 적용...
[INFO] 권민수 제약조건 적용...
[INFO] 오영수 제약조건 적용...
[INFO] 오은정 제약조건 적용...
[INFO] 전예준 제약조건 적용...
[INFO] 윤영희 제약조건 적용...
[INFO] 황채영 제약조건 적용...
[INFO] 전승호 제약조건 적용...
[INFO] 전도현 제약조건 적용...
[INFO] 한진우 제약조건 적용...
[INFO] 임미영 제약조건 적용...
[INFO] 황은정 제약조건 적용...
[INFO] 권영수 제약조건 적용...
[INFO] 정지영 제약조건 적용...
[INFO] 이상훈 제약조건 적용...
[INFO] CP-SAT 솔버 실행 중...
[INFO] 솔버 상태: OPTIMAL
[INFO] 처리 시간: 0.11초
[INFO] ('127.0.0.1', 53383): 응답 완료 (ok)
[INFO] 클라이언트 연결: ('127.0.0.1', 53384)
[INFO] === 시프트 스케줄 생성 시작 ===
[INFO] 직군: 간호
[INFO] 직원 수: 25명
[WARN] 경고사항: 김진우: 월 근무시간 210h > 한도 209h
[INFO] 대상 월: 2025년 9월 (30일)
[INFO] 시프트 자동 감지 중: ['D', 'E', 'N', 'O']
  'N' → 야간 (축약형: night)
  'O' → 휴무 (축약형: off)
[INFO] 제약조건 적용 시작 (간호 직군)
[INFO] 야간 시프트: ['N']
[INFO] 휴무 시프트: ['O']
[INFO] 권소영 제약조건 적용...
[INFO] 오지영 제약조건 적용...
[INFO] 황영희 제약조건 적용...
[INFO] 최소영 제약조건 적용...
[INFO] 장미영 제약조건 적용...
[INFO] 안소영 제약조건 적용...
[INFO] 임수빈 제약조건 적용...
[INFO] 송정희 제약조건 적용...
[INFO] 정상훈 제약조건 적용...
[INFO] 김진우 제약조건 적용...
[INFO] 조현우 제약조건 적용...
[INFO] 오은정 제약조건 적용...
[INFO] 송현우 제약조건 적용...
[INFO] 권영희 제약조건 적용...
[INFO] 이소영 제약조건 적용...
[INFO] 박도현 제약조건 적용...
[INFO] 오철수 제약조건 적용...
[INFO] 류태현 제약조건 적용...
[INFO] 박소영 제약조건 적용...
[INFO] 전채영 제약조건 적용...
[INFO] 윤정희 제약조건 적용...
[INFO] 한승호 제약조건 적용...
[INFO] 한승호: 신규간호사 야간 근무 금지 (대상: ['N'])
[INFO] 신상훈 제약조건 적용...
[INFO] 신상훈: 신규간호사 야간 근무 금지 (대상: ['N'])
[INFO] 강채영 제약조건 적용...
[INFO] 강채영: 신규간호사 야간 근무 금지 (대상: ['N'])
[INFO] 임도현 제약조건 적용...
[INFO] 임도현: 신규간호사 야간 근무 금지 (대상: ['N'])
[INFO] CP-SAT 솔버 실행 중...
[INFO] 솔버 상태: OPTIMAL
[INFO] 처리 시간: 0.08초
[INFO] ('127.0.0.1', 53384): 응답 완료 (ok)
[INFO] 클라이언트 연결: ('127.0.0.1', 53385)
[INFO] === 시프트 스케줄 생성 시작 ===
[INFO] 직군: 간호
[INFO] 직원 수: 25명
[INFO] 대상 월: 2025년 9월 (30일)
[INFO] 시프트 자동 감지 중: ['FullDay', 'HalfDay', 'Night', 'Off']
  'Night' → 야간 (키워드: night)
  'Off' → 휴무 (키워드: off)
[INFO] 제약조건 적용 시작 (간호 직군)
[INFO] 야간 시프트: ['Night']
[INFO] 휴무 시프트: ['Off']
[INFO] 박채영 제약조건 적용...
[INFO] 류은정 제약조건 적용...
[INFO] 전은정 제약조건 적용...
[INFO] 황소영 제약조건 적용...
[INFO] 박민수 제약조건 적용...
[INFO] 송미영 제약조건 적용...
[INFO] 신지영 제약조건 적용...
[INFO] 오진우 제약조건 적용...
[INFO] 이민수 제약조건 적용...
[INFO] 박영희 제약조건 적용...
[INFO] 윤상훈 제약조건 적용...
[INFO] 김영수 제약조건 적용...
[INFO] 박미영 제약조건 적용...
[INFO] 오혜진 제약조건 적용...
[INFO] 박승호 제약조건 적용...
[INFO] 강정희 제약조건 적용...
[INFO] 윤영수 제약조건 적용...
[INFO] 장도현 제약조건 적용...
[INFO] 류철수 제약조건 적용...
[INFO] 황도현 제약조건 적용...
[INFO] 송정희 제약조건 적용...
[INFO] 안소영 제약조건 적용...
[INFO] 안소영: 신규간호사 야간 근무 금지 (대상: ['Night'])
[INFO] 황승호 제약조건 적용...
[INFO] 황승호: 신규간호사 야간 근무 금지 (대상: ['Night'])
[INFO] 장혜진 제약조건 적용...
[INFO] 장혜진: 신규간호사 야간 근무 금지 (대상: ['Night'])
[INFO] 최예준 제약조건 적용...
[INFO] 최예준: 신규간호사 야간 근무 금지 (대상: ['Night'])
[INFO] CP-SAT 솔버 실행 중...
[INFO] 솔버 상태: OPTIMAL
[INFO] 처리 시간: 0.05초
[INFO] ('127.0.0.1', 53385): 응답 완료 (ok)
[INFO] 클라이언트 연결: ('127.0.0.1', 53386)
[INFO] === 시프트 스케줄 생성 시작 ===
[INFO] 직군: 간호
[INFO] 직원 수: 25명
[WARN] 경고사항: 강진우: 월 근무시간 210h > 한도 209h
[INFO] 대상 월: 2025년 9월 (30일)
[INFO] 시프트 자동 감지 중: ['Day', 'Evening', 'Night', 'Off']
  'Night' → 야간 (키워드: night)
  'Off' → 휴무 (키워드: off)
[INFO] 제약조건 적용 시작 (간호 직군)
[INFO] 야간 시프트: ['Night']
[INFO] 휴무 시프트: ['Off']
[INFO] 권태현 제약조건 적용...
[INFO] 서태현 제약조건 적용...
[INFO] 박수빈 제약조건 적용...
[INFO] 황도현 제약조건 적용...
[INFO] 송현우 제약조건 적용...
[INFO] 이예준 제약조건 적용...
[INFO] 김미영 제약조건 적용...
[INFO] 최예준 제약조건 적용...
[INFO] 신현우 제약조건 적용...
[INFO] 송민수 제약조건 적용...
[INFO] 최상훈 제약조건 적용...
[INFO] 오영수 제약조건 적용...
[INFO] 오준호 제약조건 적용...
[INFO] 신현우 제약조건 적용...
[INFO] 류영희 제약조건 적용...
[INFO] 한영희 제약조건 적용...
[INFO] 한철수 제약조건 적용...
[INFO] 송상훈 제약조건 적용...
[INFO] 김태현 제약조건 적용...
[INFO] 전영희 제약조건 적용...
[INFO] 강진우 제약조건 적용...
[INFO] 강진우 제약조건 적용...
[INFO] 강진우: 신규간호사 야간 근무 금지 (대상: ['Night'])
[INFO] 신상훈 제약조건 적용...
[INFO] 신상훈: 신규간호사 야간 근무 금지 (대상: ['Night'])
[INFO] 한혜진 제약조건 적용...
[INFO] 한혜진: 신규간호사 야간 근무 금지 (대상: ['Night'])
[INFO] 장정희 제약조건 적용...
[INFO] 장정희: 신규간호사 야간 근무 금지 (대상: ['Night'])
[INFO] CP-SAT 솔버 실행 중...
[INFO] 솔버 상태: OPTIMAL
[INFO] 처리 시간: 0.06초
[INFO] ('127.0.0.1', 53386): 응답 완료 (ok)
[INFO] 클라이언트 연결: ('127.0.0.1', 53387)
[INFO] === 시프트 스케줄 생성 시작 ===
[INFO] 직군: 간호
[INFO] 직원 수: 25명
[INFO] 대상 월: 2025년 9월 (30일)
[INFO] 시프트 자동 감지 중: ['M', 'A', 'N', 'R']
  'N' → 야간 (축약형: night)
  'R' → 휴무 (축약형: rest)
[INFO] 제약조건 적용 시작 (간호 직군)
[INFO] 야간 시프트: ['N']
[INFO] 휴무 시프트: ['R']
[INFO] 김정희 제약조건 적용...
[INFO] 정영희 제약조건 적용...
[INFO] 박민수 제약조건 적용...
[INFO] 한은정 제약조건 적용...
[INFO] 김진우 제약조건 적용...
[INFO] 안예준 제약조건 적용...
[INFO] 윤소영 제약조건 적용...
[INFO] 최은정 제약조건 적용...
[INFO] 권도현 제약조건 적용...
[INFO] 조채영 제약조건 적용...
[INFO] 한소영 제약조건 적용...
[INFO] 조준호 제약조건 적용...
[INFO] 김진우 제약조건 적용...
[INFO] 김영수 제약조건 적용...
[INFO] 류상훈 제약조건 적용...
[INFO] 오채영 제약조건 적용...
[INFO] 안예준 제약조건 적용...
[INFO] 임태현 제약조건 적용...
[INFO] 권승호 제약조건 적용...
[INFO] 서예준 제약조건 적용...
[INFO] 임민수 제약조건 적용...
[INFO] 강상훈 제약조건 적용...
[INFO] 강상훈: 신규간호사 야간 근무 금지 (대상: ['N'])
[INFO] 류진우 제약조건 적용...
[INFO] 류진우: 신규간호사 야간 근무 금지 (대상: ['N'])
[INFO] 신예준 제약조건 적용...
[INFO] 신예준: 신규간호사 야간 근무 금지 (대상: ['N'])
[INFO] 한미영 제약조건 적용...
[INFO] 한미영: 신규간호사 야간 근무 금지 (대상: ['N'])
[INFO] CP-SAT 솔버 실행 중...