[INFO] 근무표 생성 Python 서버 시작됨: 127.0.0.1:6002
[INFO] 연결됨: ('127.0.0.1', 51499)
[DEBUG] 수신된 데이터: {"staff_data": {"staff": [{"name": "김간호사", "staff_uid": 101, "grade": 3, "grade_name": "일반간호사", "job...
[INFO] 커스텀 규칙 감지: {'shifts': ['D', 'E', 'N', 'O'], 'shift_hours': {'D': 8, 'E': 8, 'N': 8, 'O': 0}}
[INFO] 요청 받음 - 직군: 간호, 직원 수: 10, 대상 월: 2025-08
[INFO] 커스텀 시프트 적용: ['D', 'E', 'N', 'O']
[INFO] 식별된 야간 시프트: ['N']
[INFO] 식별된 휴무 시프트: ['O']
[INFO] 대상 월: 2025년 8월 (31일)
[INFO] 김간호사 (간호) 제약조건 적용 중...
[INFO] 김간호사: 최소 휴무일 3일 적용 (대상: ['O'])
[INFO] 김간호사: 주당 최대 60시간, 월 174-213시간 (목표: 194시간)
[INFO] 이간호사 (간호) 제약조건 적용 중...
[INFO] 이간호사: 최소 휴무일 3일 적용 (대상: ['O'])
[INFO] 이간호사: 주당 최대 60시간, 월 165-203시간 (목표: 185시간)
[INFO] 박간호사 (간호) 제약조건 적용 중...
[INFO] 박간호사: 최소 휴무일 3일 적용 (대상: ['O'])
[INFO] 박간호사: 주당 최대 60시간, 월 180-220시간 (목표: 200시간)
[INFO] 최간호사 (간호) 제약조건 적용 중...
[INFO] 최간호사: 최소 휴무일 3일 적용 (대상: ['O'])
[INFO] 최간호사: 주당 최대 60시간, 월 170-209시간 (목표: 190시간)
[INFO] 정간호사 (간호) 제약조건 적용 중...
[INFO] 정간호사: 신규간호사 야간 근무 금지 적용 (대상 시프트: ['N'])
[INFO] 정간호사: 최소 휴무일 3일 적용 (대상: ['O'])
[INFO] 정간호사: 주당 최대 60시간, 월 155-192시간 (목표: 175시간)
[INFO] 장간호사 (간호) 제약조건 적용 중...
[INFO] 장간호사: 최소 휴무일 3일 적용 (대상: ['O'])
[INFO] 장간호사: 주당 최대 60시간, 월 175-214시간 (목표: 195시간)
[INFO] 윤간호사 (간호) 제약조건 적용 중...
[INFO] 윤간호사: 최소 휴무일 3일 적용 (대상: ['O'])
[INFO] 윤간호사: 주당 최대 60시간, 월 165-203시간 (목표: 185시간)
[INFO] 조간호사 (간호) 제약조건 적용 중...
[INFO] 조간호사: 최소 휴무일 3일 적용 (대상: ['O'])
[INFO] 조간호사: 주당 최대 60시간, 월 170-209시간 (목표: 190시간)
[INFO] 한간호사 (간호) 제약조건 적용 중...
[INFO] 한간호사: 신규간호사 야간 근무 금지 적용 (대상 시프트: ['N'])
[INFO] 한간호사: 최소 휴무일 3일 적용 (대상: ['O'])
[INFO] 한간호사: 주당 최대 60시간, 월 160-198시간 (목표: 180시간)
[INFO] 강간호사 (간호) 제약조건 적용 중...
[INFO] 강간호사: 최소 휴무일 3일 적용 (대상: ['O'])
[INFO] 강간호사: 주당 최대 60시간, 월 185-225시간 (목표: 205시간)
[INFO] 야간 근무 균등 분배 활성화 (야간 시프트: ['N'])
솔버 상태: FEASIBLE
해결 시간: 20.00초
야간 근무 균등성: 4
최대 야간 근무: 4회, 최소 야간 근무: 0회

=== 월 총 근무시간 통계 ===
김간호사: 176시간/194시간 (여유: 18시간)
이간호사: 192시간/185시간 (여유: -7시간)
박간호사: 184시간/200시간 (여유: 16시간)
최간호사: 176시간/190시간 (여유: 14시간)
정간호사: 160시간/175시간 (여유: 15시간)
장간호사: 192시간/195시간 (여유: 3시간)
윤간호사: 168시간/185시간 (여유: 17시간)
조간호사: 176시간/190시간 (여유: 14시간)
한간호사: 160시간/180시간 (여유: 20시간)
강간호사: 192시간/205시간 (여유: 13시간)
[INFO] 근무표가 저장되었습니다: ./data/result_schedule.json
[INFO] 연결됨: ('127.0.0.1', 51594)
[DEBUG] 수신된 데이터: {"position": "간호", "shift_type": 3, "target_month": "2025-09", "staff_data": {"staff": [{"name": "조현...
[INFO] 커스텀 규칙 감지: {'shifts': ['Day', 'Night', 'Off'], 'shift_hours': {'Day': 12, 'Night': 12, 'Off': 0}}
[INFO] 요청 받음 - 직군: 간호, 직원 수: 25, 대상 월: 2025-09
[INFO] 커스텀 시프트 적용: ['Day', 'Night', 'Off']
[INFO] 식별된 야간 시프트: ['Night']
[INFO] 식별된 휴무 시프트: ['Off']
[INFO] 대상 월: 2025년 9월 (30일)
[INFO] 조현우 (간호) 제약조건 적용 중...
[INFO] 조현우: 최소 휴무일 3일 적용 (대상: ['Off'])
[INFO] 조현우: 주당 최대 60시간, 월 170-209시간 (목표: 190시간)
[INFO] 송현우 (간호) 제약조건 적용 중...
[INFO] 송현우: 최소 휴무일 3일 적용 (대상: ['Off'])
[INFO] 송현우: 주당 최대 60시간, 월 185-225시간 (목표: 205시간)
[INFO] 장혜진 (간호) 제약조건 적용 중...
[INFO] 장혜진: 최소 휴무일 3일 적용 (대상: ['Off'])
[INFO] 장혜진: 주당 최대 60시간, 월 160-198시간 (목표: 180시간)
[INFO] 이혜진 (간호) 제약조건 적용 중...
[INFO] 이혜진: 최소 휴무일 3일 적용 (대상: ['Off'])
[INFO] 이혜진: 주당 최대 60시간, 월 183-223시간 (목표: 203시간)
[INFO] 서승호 (간호) 제약조건 적용 중...
[INFO] 서승호: 최소 휴무일 3일 적용 (대상: ['Off'])
[INFO] 서승호: 주당 최대 60시간, 월 188-228시간 (목표: 208시간)
[INFO] 정민수 (간호) 제약조건 적용 중...
[INFO] 정민수: 최소 휴무일 3일 적용 (대상: ['Off'])
[INFO] 정민수: 주당 최대 60시간, 월 188-228시간 (목표: 208시간)
[INFO] 신태현 (간호) 제약조건 적용 중...
[INFO] 신태현: 최소 휴무일 3일 적용 (대상: ['Off'])
[INFO] 신태현: 주당 최대 60시간, 월 166-204시간 (목표: 186시간)
[INFO] 황상훈 (간호) 제약조건 적용 중...
[INFO] 황상훈: 최소 휴무일 3일 적용 (대상: ['Off'])
[INFO] 황상훈: 주당 최대 60시간, 월 189-229시간 (목표: 209시간)
[INFO] 안예준 (간호) 제약조건 적용 중...
[INFO] 안예준: 최소 휴무일 3일 적용 (대상: ['Off'])
[INFO] 안예준: 주당 최대 60시간, 월 183-223시간 (목표: 203시간)
[INFO] 윤현우 (간호) 제약조건 적용 중...
[INFO] 윤현우: 최소 휴무일 3일 적용 (대상: ['Off'])
[INFO] 윤현우: 주당 최대 60시간, 월 175-214시간 (목표: 195시간)
[INFO] 정현우 (간호) 제약조건 적용 중...
[INFO] 정현우: 최소 휴무일 3일 적용 (대상: ['Off'])
[INFO] 정현우: 주당 최대 60시간, 월 164-202시간 (목표: 184시간)
[INFO] 최혜진 (간호) 제약조건 적용 중...
[INFO] 최혜진: 최소 휴무일 3일 적용 (대상: ['Off'])
[INFO] 최혜진: 주당 최대 60시간, 월 179-218시간 (목표: 199시간)
[INFO] 오지영 (간호) 제약조건 적용 중...
[INFO] 오지영: 최소 휴무일 3일 적용 (대상: ['Off'])
[INFO] 오지영: 주당 최대 60시간, 월 165-203시간 (목표: 185시간)
[INFO] 신도현 (간호) 제약조건 적용 중...
[INFO] 신도현: 최소 휴무일 3일 적용 (대상: ['Off'])
[INFO] 신도현: 주당 최대 60시간, 월 162-200시간 (목표: 182시간)
[INFO] 안상훈 (간호) 제약조건 적용 중...
[INFO] 안상훈: 최소 휴무일 3일 적용 (대상: ['Off'])
[INFO] 안상훈: 주당 최대 60시간, 월 169-207시간 (목표: 189시간)
[INFO] 전영수 (간호) 제약조건 적용 중...
[INFO] 전영수: 최소 휴무일 3일 적용 (대상: ['Off'])
[INFO] 전영수: 주당 최대 60시간, 월 183-223시간 (목표: 203시간)
[INFO] 박지영 (간호) 제약조건 적용 중...
[INFO] 박지영: 최소 휴무일 3일 적용 (대상: ['Off'])
[INFO] 박지영: 주당 최대 60시간, 월 161-199시간 (목표: 181시간)
[INFO] 최예준 (간호) 제약조건 적용 중...
[INFO] 최예준: 최소 휴무일 3일 적용 (대상: ['Off'])
[INFO] 최예준: 주당 최대 60시간, 월 180-220시간 (목표: 200시간)
[INFO] 임소영 (간호) 제약조건 적용 중...
[INFO] 임소영: 최소 휴무일 3일 적용 (대상: ['Off'])
[INFO] 임소영: 주당 최대 60시간, 월 190-231시간 (목표: 210시간)
[INFO] 박소영 (간호) 제약조건 적용 중...
[INFO] 박소영: 최소 휴무일 3일 적용 (대상: ['Off'])
[INFO] 박소영: 주당 최대 60시간, 월 176-215시간 (목표: 196시간)
[INFO] 정영희 (간호) 제약조건 적용 중...
[INFO] 정영희: 최소 휴무일 3일 적용 (대상: ['Off'])
[INFO] 정영희: 주당 최대 60시간, 월 162-200시간 (목표: 182시간)
[INFO] 조준호 (간호) 제약조건 적용 중...
[INFO] 조준호: 신규간호사 야간 근무 금지 적용 (대상 시프트: ['Night'])
[INFO] 조준호: 최소 휴무일 3일 적용 (대상: ['Off'])
[INFO] 조준호: 주당 최대 60시간, 월 187-227시간 (목표: 207시간)
[INFO] 강정희 (간호) 제약조건 적용 중...
[INFO] 강정희: 신규간호사 야간 근무 금지 적용 (대상 시프트: ['Night'])
[INFO] 강정희: 최소 휴무일 3일 적용 (대상: ['Off'])
[INFO] 강정희: 주당 최대 60시간, 월 190-231시간 (목표: 210시간)
[INFO] 이예준 (간호) 제약조건 적용 중...
[INFO] 이예준: 신규간호사 야간 근무 금지 적용 (대상 시프트: ['Night'])
[INFO] 이예준: 최소 휴무일 3일 적용 (대상: ['Off'])
[INFO] 이예준: 주당 최대 60시간, 월 164-202시간 (목표: 184시간)
[INFO] 신준호 (간호) 제약조건 적용 중...
[INFO] 신준호: 신규간호사 야간 근무 금지 적용 (대상 시프트: ['Night'])
[INFO] 신준호: 최소 휴무일 3일 적용 (대상: ['Off'])
[INFO] 신준호: 주당 최대 60시간, 월 163-201시간 (목표: 183시간)
[INFO] 야간 근무 균등 분배 활성화 (야간 시프트: ['Night'])
솔버 상태: FEASIBLE
해결 시간: 20.00초
야간 근무 균등성: 2
최대 야간 근무: 2회, 최소 야간 근무: 0회

=== 월 총 근무시간 통계 ===
조현우: 180시간/190시간 (여유: 10시간)
송현우: 192시간/205시간 (여유: 13시간)
장혜진: 168시간/180시간 (여유: 12시간)
이혜진: 192시간/203시간 (여유: 11시간)
서승호: 192시간/208시간 (여유: 16시간)
정민수: 192시간/208시간 (여유: 16시간)
신태현: 168시간/186시간 (여유: 18시간)
황상훈: 192시간/209시간 (여유: 17시간)
안예준: 192시간/203시간 (여유: 11시간)
윤현우: 204시간/195시간 (여유: -9시간)
정현우: 168시간/184시간 (여유: 16시간)
최혜진: 180시간/199시간 (여유: 19시간)
오지영: 168시간/185시간 (여유: 17시간)
신도현: 168시간/182시간 (여유: 14시간)
안상훈: 180시간/189시간 (여유: 9시간)
전영수: 192시간/203시간 (여유: 11시간)
박지영: 168시간/181시간 (여유: 13시간)
최예준: 180시간/200시간 (여유: 20시간)
임소영: 192시간/210시간 (여유: 18시간)
박소영: 180시간/196시간 (여유: 16시간)
정영희: 168시간/182시간 (여유: 14시간)
조준호: 192시간/207시간 (여유: 15시간)
강정희: 192시간/210시간 (여유: 18시간)
이예준: 168시간/184시간 (여유: 16시간)
신준호: 168시간/183시간 (여유: 15시간)
[INFO] 근무표가 저장되었습니다: ./data/result_schedule.json
[INFO] 연결됨: ('127.0.0.1', 51599)
[DEBUG] 수신된 데이터: {"position": "간호", "shift_type": 3, "target_month": "2025-09", "staff_data": {"staff": [{"name": "임혜...
[INFO] 커스텀 규칙 감지: {'shifts': ['D', 'N', 'O'], 'shift_hours': {'D': 10, 'N': 14, 'O': 0}}
[INFO] 요청 받음 - 직군: 간호, 직원 수: 25, 대상 월: 2025-09
[INFO] 커스텀 시프트 적용: ['D', 'N', 'O']
[INFO] 식별된 야간 시프트: ['N']
[INFO] 식별된 휴무 시프트: ['O']
[INFO] 대상 월: 2025년 9월 (30일)
[INFO] 임혜진 (간호) 제약조건 적용 중...
[INFO] 임혜진: 최소 휴무일 3일 적용 (대상: ['O'])
[INFO] 임혜진: 주당 최대 60시간, 월 173-212시간 (목표: 193시간)
[INFO] 권정희 (간호) 제약조건 적용 중...
[INFO] 권정희: 최소 휴무일 3일 적용 (대상: ['O'])
[INFO] 권정희: 주당 최대 60시간, 월 187-227시간 (목표: 207시간)
[INFO] 서혜진 (간호) 제약조건 적용 중...
[INFO] 서혜진: 최소 휴무일 3일 적용 (대상: ['O'])
[INFO] 서혜진: 주당 최대 60시간, 월 161-199시간 (목표: 181시간)
[INFO] 조지영 (간호) 제약조건 적용 중...
[INFO] 조지영: 최소 휴무일 3일 적용 (대상: ['O'])
[INFO] 조지영: 주당 최대 60시간, 월 172-211시간 (목표: 192시간)
[INFO] 류철수 (간호) 제약조건 적용 중...
[INFO] 류철수: 최소 휴무일 3일 적용 (대상: ['O'])
[INFO] 류철수: 주당 최대 60시간, 월 161-199시간 (목표: 181시간)
[INFO] 서영수 (간호) 제약조건 적용 중...
[INFO] 서영수: 최소 휴무일 3일 적용 (대상: ['O'])
[INFO] 서영수: 주당 최대 60시간, 월 168-206시간 (목표: 188시간)
[INFO] 오미영 (간호) 제약조건 적용 중...
[INFO] 오미영: 최소 휴무일 3일 적용 (대상: ['O'])
[INFO] 오미영: 주당 최대 60시간, 월 188-228시간 (목표: 208시간)
[INFO] 강영수 (간호) 제약조건 적용 중...
[INFO] 강영수: 최소 휴무일 3일 적용 (대상: ['O'])
[INFO] 강영수: 주당 최대 60시간, 월 165-203시간 (목표: 185시간)
[INFO] 서민수 (간호) 제약조건 적용 중...
[INFO] 서민수: 최소 휴무일 3일 적용 (대상: ['O'])
[INFO] 서민수: 주당 최대 60시간, 월 190-231시간 (목표: 210시간)
[INFO] 조혜진 (간호) 제약조건 적용 중...
[INFO] 조혜진: 최소 휴무일 3일 적용 (대상: ['O'])
[INFO] 조혜진: 주당 최대 60시간, 월 177-216시간 (목표: 197시간)
[INFO] 김상훈 (간호) 제약조건 적용 중...
[INFO] 김상훈: 최소 휴무일 3일 적용 (대상: ['O'])
[INFO] 김상훈: 주당 최대 60시간, 월 176-215시간 (목표: 196시간)
[INFO] 안은정 (간호) 제약조건 적용 중...
[INFO] 안은정: 최소 휴무일 3일 적용 (대상: ['O'])
[INFO] 안은정: 주당 최대 60시간, 월 174-213시간 (목표: 194시간)
[INFO] 권승호 (간호) 제약조건 적용 중...
[INFO] 권승호: 최소 휴무일 3일 적용 (대상: ['O'])
[INFO] 권승호: 주당 최대 60시간, 월 182-222시간 (목표: 202시간)
[INFO] 박지영 (간호) 제약조건 적용 중...
[INFO] 박지영: 최소 휴무일 3일 적용 (대상: ['O'])
[INFO] 박지영: 주당 최대 60시간, 월 169-207시간 (목표: 189시간)
[INFO] 김미영 (간호) 제약조건 적용 중...
[INFO] 김미영: 최소 휴무일 3일 적용 (대상: ['O'])
[INFO] 김미영: 주당 최대 60시간, 월 165-203시간 (목표: 185시간)
[INFO] 류채영 (간호) 제약조건 적용 중...
[INFO] 류채영: 최소 휴무일 3일 적용 (대상: ['O'])
[INFO] 류채영: 주당 최대 60시간, 월 170-209시간 (목표: 190시간)
[INFO] 오태현 (간호) 제약조건 적용 중...
[INFO] 오태현: 최소 휴무일 3일 적용 (대상: ['O'])
[INFO] 오태현: 주당 최대 60시간, 월 187-227시간 (목표: 207시간)
[INFO] 임혜진 (간호) 제약조건 적용 중...
[INFO] 임혜진: 최소 휴무일 3일 적용 (대상: ['O'])
[INFO] 임혜진: 주당 최대 60시간, 월 188-228시간 (목표: 208시간)
[INFO] 임은정 (간호) 제약조건 적용 중...
[INFO] 임은정: 최소 휴무일 3일 적용 (대상: ['O'])
[INFO] 임은정: 주당 최대 60시간, 월 163-201시간 (목표: 183시간)
[INFO] 장정희 (간호) 제약조건 적용 중...
[INFO] 장정희: 최소 휴무일 3일 적용 (대상: ['O'])
[INFO] 장정희: 주당 최대 60시간, 월 171-210시간 (목표: 191시간)
[INFO] 신예준 (간호) 제약조건 적용 중...
[INFO] 신예준: 최소 휴무일 3일 적용 (대상: ['O'])
[INFO] 신예준: 주당 최대 60시간, 월 165-203시간 (목표: 185시간)
[INFO] 이영수 (간호) 제약조건 적용 중...
[INFO] 이영수: 신규간호사 야간 근무 금지 적용 (대상 시프트: ['N'])
[INFO] 이영수: 최소 휴무일 3일 적용 (대상: ['O'])
[INFO] 이영수: 주당 최대 60시간, 월 170-209시간 (목표: 190시간)
[INFO] 류승호 (간호) 제약조건 적용 중...
[INFO] 류승호: 신규간호사 야간 근무 금지 적용 (대상 시프트: ['N'])
[INFO] 류승호: 최소 휴무일 3일 적용 (대상: ['O'])
[INFO] 류승호: 주당 최대 60시간, 월 177-216시간 (목표: 197시간)
[INFO] 윤예준 (간호) 제약조건 적용 중...
[INFO] 윤예준: 신규간호사 야간 근무 금지 적용 (대상 시프트: ['N'])
[INFO] 윤예준: 최소 휴무일 3일 적용 (대상: ['O'])
[INFO] 윤예준: 주당 최대 60시간, 월 164-202시간 (목표: 184시간)
[INFO] 신채영 (간호) 제약조건 적용 중...
[INFO] 신채영: 신규간호사 야간 근무 금지 적용 (대상 시프트: ['N'])
[INFO] 신채영: 최소 휴무일 3일 적용 (대상: ['O'])
[INFO] 신채영: 주당 최대 60시간, 월 190-231시간 (목표: 210시간)
[INFO] 야간 근무 균등 분배 활성화 (야간 시프트: ['N'])
솔버 상태: FEASIBLE
해결 시간: 20.00초
야간 근무 균등성: 2
최대 야간 근무: 2회, 최소 야간 근무: 0회

=== 월 총 근무시간 통계 ===
임혜진: 194시간/208시간 (여유: 14시간)
권정희: 210시간/207시간 (여유: -3시간)
서혜진: 168시간/181시간 (여유: 13시간)
조지영: 178시간/192시간 (여유: 14시간)
류철수: 198시간/181시간 (여유: -17시간)
서영수: 180시간/188시간 (여유: 8시간)
오미영: 220시간/208시간 (여유: -12시간)
강영수: 198시간/185시간 (여유: -13시간)
서민수: 194시간/210시간 (여유: 16시간)
조혜진: 184시간/197시간 (여유: 13시간)
김상훈: 208시간/196시간 (여유: -12시간)
안은정: 188시간/194시간 (여유: 6시간)
권승호: 210시간/202시간 (여유: -8시간)
박지영: 198시간/189시간 (여유: -9시간)
김미영: 188시간/185시간 (여유: -3시간)
류채영: 198시간/190시간 (여유: -8시간)
오태현: 198시간/207시간 (여유: 9시간)
임은정: 164시간/183시간 (여유: 19시간)
장정희: 178시간/191시간 (여유: 13시간)
신예준: 178시간/185시간 (여유: 7시간)
이영수: 170시간/190시간 (여유: 20시간)
류승호: 180시간/197시간 (여유: 17시간)
윤예준: 170시간/184시간 (여유: 14시간)
신채영: 190시간/210시간 (여유: 20시간)
[INFO] 근무표가 저장되었습니다: ./data/result_schedule.json
[INFO] 연결됨: ('127.0.0.1', 51605)
[DEBUG] 수신된 데이터: {"position": "간호", "shift_type": 3, "target_month": "2025-09", "staff_data": {"staff": [{"name": "정혜...
[INFO] 커스텀 규칙 감지: {'shifts': ['주간', '야간', '휴무'], 'shift_hours': {'주간': 12, '야간': 12, '휴무': 0}}
[INFO] 요청 받음 - 직군: 간호, 직원 수: 25, 대상 월: 2025-09
[INFO] 커스텀 시프트 적용: ['주간', '야간', '휴무']
[INFO] 식별된 야간 시프트: ['야간']
[INFO] 식별된 휴무 시프트: ['휴무']
[INFO] 대상 월: 2025년 9월 (30일)
[INFO] 정혜진 (간호) 제약조건 적용 중...
[INFO] 정혜진: 최소 휴무일 3일 적용 (대상: ['휴무'])
[INFO] 정혜진: 주당 최대 60시간, 월 163-201시간 (목표: 183시간)
[INFO] 안현우 (간호) 제약조건 적용 중...
[INFO] 안현우: 최소 휴무일 3일 적용 (대상: ['휴무'])
[INFO] 안현우: 주당 최대 60시간, 월 168-206시간 (목표: 188시간)
[INFO] 오채영 (간호) 제약조건 적용 중...
[INFO] 오채영: 최소 휴무일 3일 적용 (대상: ['휴무'])
[INFO] 오채영: 주당 최대 60시간, 월 169-207시간 (목표: 189시간)
[INFO] 김도현 (간호) 제약조건 적용 중...
[INFO] 김도현: 최소 휴무일 3일 적용 (대상: ['휴무'])
[INFO] 김도현: 주당 최대 60시간, 월 180-220시간 (목표: 200시간)
[INFO] 서영수 (간호) 제약조건 적용 중...
[INFO] 서영수: 최소 휴무일 3일 적용 (대상: ['휴무'])
[INFO] 서영수: 주당 최대 60시간, 월 181-221시간 (목표: 201시간)
[INFO] 한태현 (간호) 제약조건 적용 중...
[INFO] 한태현: 최소 휴무일 3일 적용 (대상: ['휴무'])
[INFO] 한태현: 주당 최대 60시간, 월 174-213시간 (목표: 194시간)
[INFO] 황지영 (간호) 제약조건 적용 중...
[INFO] 황지영: 최소 휴무일 3일 적용 (대상: ['휴무'])
[INFO] 황지영: 주당 최대 60시간, 월 164-202시간 (목표: 184시간)
[INFO] 권수빈 (간호) 제약조건 적용 중...
[INFO] 권수빈: 최소 휴무일 3일 적용 (대상: ['휴무'])
[INFO] 권수빈: 주당 최대 60시간, 월 171-210시간 (목표: 191시간)
[INFO] 오수빈 (간호) 제약조건 적용 중...
[INFO] 오수빈: 최소 휴무일 3일 적용 (대상: ['휴무'])
[INFO] 오수빈: 주당 최대 60시간, 월 190-231시간 (목표: 210시간)
[INFO] 송민수 (간호) 제약조건 적용 중...
[INFO] 송민수: 최소 휴무일 3일 적용 (대상: ['휴무'])
[INFO] 송민수: 주당 최대 60시간, 월 160-198시간 (목표: 180시간)
[INFO] 임태현 (간호) 제약조건 적용 중...
[INFO] 임태현: 최소 휴무일 3일 적용 (대상: ['휴무'])
[INFO] 임태현: 주당 최대 60시간, 월 162-200시간 (목표: 182시간)
[INFO] 전수빈 (간호) 제약조건 적용 중...
[INFO] 전수빈: 최소 휴무일 3일 적용 (대상: ['휴무'])
[INFO] 전수빈: 주당 최대 60시간, 월 162-200시간 (목표: 182시간)
[INFO] 한철수 (간호) 제약조건 적용 중...
[INFO] 한철수: 최소 휴무일 3일 적용 (대상: ['휴무'])
[INFO] 한철수: 주당 최대 60시간, 월 189-229시간 (목표: 209시간)
[INFO] 윤진우 (간호) 제약조건 적용 중...
[INFO] 윤진우: 최소 휴무일 3일 적용 (대상: ['휴무'])
[INFO] 윤진우: 주당 최대 60시간, 월 161-199시간 (목표: 181시간)
[INFO] 송은정 (간호) 제약조건 적용 중...
[INFO] 송은정: 최소 휴무일 3일 적용 (대상: ['휴무'])
[INFO] 송은정: 주당 최대 60시간, 월 180-220시간 (목표: 200시간)
[INFO] 서미영 (간호) 제약조건 적용 중...
[INFO] 서미영: 최소 휴무일 3일 적용 (대상: ['휴무'])
[INFO] 서미영: 주당 최대 60시간, 월 177-216시간 (목표: 197시간)
[INFO] 송영수 (간호) 제약조건 적용 중...
[INFO] 송영수: 최소 휴무일 3일 적용 (대상: ['휴무'])
[INFO] 송영수: 주당 최대 60시간, 월 179-218시간 (목표: 199시간)
[INFO] 윤미영 (간호) 제약조건 적용 중...
[INFO] 윤미영: 최소 휴무일 3일 적용 (대상: ['휴무'])
[INFO] 윤미영: 주당 최대 60시간, 월 186-226시간 (목표: 206시간)
[INFO] 황영수 (간호) 제약조건 적용 중...
[INFO] 황영수: 최소 휴무일 3일 적용 (대상: ['휴무'])
[INFO] 황영수: 주당 최대 60시간, 월 173-212시간 (목표: 193시간)
[INFO] 김소영 (간호) 제약조건 적용 중...
[INFO] 김소영: 최소 휴무일 3일 적용 (대상: ['휴무'])
[INFO] 김소영: 주당 최대 60시간, 월 170-209시간 (목표: 190시간)
[INFO] 송예준 (간호) 제약조건 적용 중...
[INFO] 송예준: 최소 휴무일 3일 적용 (대상: ['휴무'])
[INFO] 송예준: 주당 최대 60시간, 월 176-215시간 (목표: 196시간)
[INFO] 류태현 (간호) 제약조건 적용 중...
[INFO] 류태현: 신규간호사 야간 근무 금지 적용 (대상 시프트: ['야간'])
[INFO] 류태현: 최소 휴무일 3일 적용 (대상: ['휴무'])
[INFO] 류태현: 주당 최대 60시간, 월 173-212시간 (목표: 193시간)
[INFO] 안현우 (간호) 제약조건 적용 중...
[INFO] 안현우: 신규간호사 야간 근무 금지 적용 (대상 시프트: ['야간'])
[INFO] 안현우: 최소 휴무일 3일 적용 (대상: ['휴무'])
[INFO] 안현우: 주당 최대 60시간, 월 181-221시간 (목표: 201시간)
[INFO] 오혜진 (간호) 제약조건 적용 중...
[INFO] 오혜진: 신규간호사 야간 근무 금지 적용 (대상 시프트: ['야간'])
[INFO] 오혜진: 최소 휴무일 3일 적용 (대상: ['휴무'])
[INFO] 오혜진: 주당 최대 60시간, 월 180-220시간 (목표: 200시간)
[INFO] 서혜진 (간호) 제약조건 적용 중...
[INFO] 서혜진: 신규간호사 야간 근무 금지 적용 (대상 시프트: ['야간'])
[INFO] 서혜진: 최소 휴무일 3일 적용 (대상: ['휴무'])
[INFO] 서혜진: 주당 최대 60시간, 월 176-215시간 (목표: 196시간)
[INFO] 야간 근무 균등 분배 활성화 (야간 시프트: ['야간'])
솔버 상태: FEASIBLE
해결 시간: 20.07초
야간 근무 균등성: 2
최대 야간 근무: 2회, 최소 야간 근무: 0회

=== 월 총 근무시간 통계 ===
정혜진: 168시간/183시간 (여유: 15시간)
안현우: 192시간/201시간 (여유: 9시간)
오채영: 180시간/189시간 (여유: 9시간)
김도현: 180시간/200시간 (여유: 20시간)
서영수: 192시간/201시간 (여유: 9시간)
한태현: 180시간/194시간 (여유: 14시간)
황지영: 168시간/184시간 (여유: 16시간)
권수빈: 180시간/191시간 (여유: 11시간)
오수빈: 192시간/210시간 (여유: 18시간)
송민수: 168시간/180시간 (여유: 12시간)
임태현: 168시간/182시간 (여유: 14시간)
전수빈: 168시간/182시간 (여유: 14시간)
한철수: 192시간/209시간 (여유: 17시간)
윤진우: 168시간/181시간 (여유: 13시간)
송은정: 180시간/200시간 (여유: 20시간)
서미영: 180시간/197시간 (여유: 17시간)
송영수: 180시간/199시간 (여유: 19시간)
윤미영: 192시간/206시간 (여유: 14시간)
황영수: 180시간/193시간 (여유: 13시간)
김소영: 180시간/190시간 (여유: 10시간)
송예준: 180시간/196시간 (여유: 16시간)
류태현: 180시간/193시간 (여유: 13시간)
오혜진: 180시간/200시간 (여유: 20시간)
서혜진: 180시간/196시간 (여유: 16시간)
[INFO] 근무표가 저장되었습니다: ./data/result_schedule.json
[INFO] 연결됨: ('127.0.0.1', 51611)
[DEBUG] 수신된 데이터: {"position": "간호", "shift_type": 3, "target_month": "2025-09", "staff_data": {"staff": [{"name": "강정...
[INFO] 커스텀 규칙 감지: {'shifts': ['AM', 'PM', 'Night', 'Off'], 'shift_hours': {'AM': 6, 'PM': 6, 'Night': 12, 'Off': 0}}
[INFO] 요청 받음 - 직군: 간호, 직원 수: 25, 대상 월: 2025-09
[INFO] 커스텀 시프트 적용: ['AM', 'PM', 'Night', 'Off']
[INFO] 식별된 야간 시프트: ['Night']
[INFO] 식별된 휴무 시프트: ['Off']
[INFO] 대상 월: 2025년 9월 (30일)
[INFO] 강정희 (간호) 제약조건 적용 중...
[INFO] 강정희: 최소 휴무일 3일 적용 (대상: ['Off'])
[INFO] 강정희: 주당 최대 60시간, 월 172-211시간 (목표: 192시간)
[INFO] 임은정 (간호) 제약조건 적용 중...
[INFO] 임은정: 최소 휴무일 3일 적용 (대상: ['Off'])
[INFO] 임은정: 주당 최대 60시간, 월 184-224시간 (목표: 204시간)
[INFO] 정혜진 (간호) 제약조건 적용 중...
[INFO] 정혜진: 최소 휴무일 3일 적용 (대상: ['Off'])
[INFO] 정혜진: 주당 최대 60시간, 월 165-203시간 (목표: 185시간)
[INFO] 장지영 (간호) 제약조건 적용 중...
[INFO] 장지영: 최소 휴무일 3일 적용 (대상: ['Off'])
[INFO] 장지영: 주당 최대 60시간, 월 168-206시간 (목표: 188시간)
[INFO] 권상훈 (간호) 제약조건 적용 중...
[INFO] 권상훈: 최소 휴무일 3일 적용 (대상: ['Off'])
[INFO] 권상훈: 주당 최대 60시간, 월 189-229시간 (목표: 209시간)
[INFO] 서수빈 (간호) 제약조건 적용 중...
[INFO] 서수빈: 최소 휴무일 3일 적용 (대상: ['Off'])
[INFO] 서수빈: 주당 최대 60시간, 월 176-215시간 (목표: 196시간)
[INFO] 이민수 (간호) 제약조건 적용 중...
[INFO] 이민수: 최소 휴무일 3일 적용 (대상: ['Off'])
[INFO] 이민수: 주당 최대 60시간, 월 181-221시간 (목표: 201시간)
[INFO] 권지영 (간호) 제약조건 적용 중...
[INFO] 권지영: 최소 휴무일 3일 적용 (대상: ['Off'])
[INFO] 권지영: 주당 최대 60시간, 월 167-205시간 (목표: 187시간)
[INFO] 임영희 (간호) 제약조건 적용 중...
[INFO] 임영희: 최소 휴무일 3일 적용 (대상: ['Off'])
[INFO] 임영희: 주당 최대 60시간, 월 177-216시간 (목표: 197시간)
[INFO] 김현우 (간호) 제약조건 적용 중...
[INFO] 김현우: 최소 휴무일 3일 적용 (대상: ['Off'])
[INFO] 김현우: 주당 최대 60시간, 월 187-227시간 (목표: 207시간)
[INFO] 전민수 (간호) 제약조건 적용 중...
[INFO] 전민수: 최소 휴무일 3일 적용 (대상: ['Off'])
[INFO] 전민수: 주당 최대 60시간, 월 176-215시간 (목표: 196시간)
[INFO] 임준호 (간호) 제약조건 적용 중...
[INFO] 임준호: 최소 휴무일 3일 적용 (대상: ['Off'])
[INFO] 임준호: 주당 최대 60시간, 월 176-215시간 (목표: 196시간)
[INFO] 한은정 (간호) 제약조건 적용 중...
[INFO] 한은정: 최소 휴무일 3일 적용 (대상: ['Off'])
[INFO] 한은정: 주당 최대 60시간, 월 179-218시간 (목표: 199시간)
[INFO] 조정희 (간호) 제약조건 적용 중...
[INFO] 조정희: 최소 휴무일 3일 적용 (대상: ['Off'])
[INFO] 조정희: 주당 최대 60시간, 월 179-218시간 (목표: 199시간)
[INFO] 한태현 (간호) 제약조건 적용 중...
[INFO] 한태현: 최소 휴무일 3일 적용 (대상: ['Off'])
[INFO] 한태현: 주당 최대 60시간, 월 171-210시간 (목표: 191시간)
[INFO] 윤미영 (간호) 제약조건 적용 중...
[INFO] 윤미영: 최소 휴무일 3일 적용 (대상: ['Off'])
[INFO] 윤미영: 주당 최대 60시간, 월 188-228시간 (목표: 208시간)
[INFO] 한채영 (간호) 제약조건 적용 중...
[INFO] 한채영: 최소 휴무일 3일 적용 (대상: ['Off'])
[INFO] 한채영: 주당 최대 60시간, 월 164-202시간 (목표: 184시간)
[INFO] 조수빈 (간호) 제약조건 적용 중...
[INFO] 조수빈: 최소 휴무일 3일 적용 (대상: ['Off'])
[INFO] 조수빈: 주당 최대 60시간, 월 187-227시간 (목표: 207시간)
[INFO] 오채영 (간호) 제약조건 적용 중...
[INFO] 오채영: 최소 휴무일 3일 적용 (대상: ['Off'])
[INFO] 오채영: 주당 최대 60시간, 월 176-215시간 (목표: 196시간)
[INFO] 오상훈 (간호) 제약조건 적용 중...
[INFO] 오상훈: 최소 휴무일 3일 적용 (대상: ['Off'])
[INFO] 오상훈: 주당 최대 60시간, 월 177-216시간 (목표: 197시간)
[INFO] 정태현 (간호) 제약조건 적용 중...
[INFO] 정태현: 최소 휴무일 3일 적용 (대상: ['Off'])
[INFO] 정태현: 주당 최대 60시간, 월 190-231시간 (목표: 210시간)
[INFO] 김은정 (간호) 제약조건 적용 중...
[INFO] 김은정: 신규간호사 야간 근무 금지 적용 (대상 시프트: ['Night'])
[INFO] 김은정: 최소 휴무일 3일 적용 (대상: ['Off'])
[INFO] 김은정: 주당 최대 60시간, 월 184-224시간 (목표: 204시간)
[INFO] 조지영 (간호) 제약조건 적용 중...
[INFO] 조지영: 신규간호사 야간 근무 금지 적용 (대상 시프트: ['Night'])
[INFO] 조지영: 최소 휴무일 3일 적용 (대상: ['Off'])
[INFO] 조지영: 주당 최대 60시간, 월 162-200시간 (목표: 182시간)
[INFO] 황도현 (간호) 제약조건 적용 중...
[INFO] 황도현: 신규간호사 야간 근무 금지 적용 (대상 시프트: ['Night'])
[INFO] 황도현: 최소 휴무일 3일 적용 (대상: ['Off'])
[INFO] 황도현: 주당 최대 60시간, 월 188-228시간 (목표: 208시간)
[INFO] 송은정 (간호) 제약조건 적용 중...
[INFO] 송은정: 신규간호사 야간 근무 금지 적용 (대상 시프트: ['Night'])
[INFO] 송은정: 최소 휴무일 3일 적용 (대상: ['Off'])
[INFO] 송은정: 주당 최대 60시간, 월 174-213시간 (목표: 194시간)
[INFO] 야간 근무 균등 분배 활성화 (야간 시프트: ['Night'])
솔버 상태: INFEASIBLE
해결 시간: 0.03초
[INFO] 연결됨: ('127.0.0.1', 51612)
[DEBUG] 수신된 데이터: {"position": "간호", "shift_type": 3, "target_month": "2025-09", "staff_data": {"staff": [{"name": "전소...
[INFO] 커스텀 규칙 감지: {'shifts': ['오전', '야간', '휴무'], 'shift_hours': {'오전': 8, '야간': 16, '휴무': 0}}
[INFO] 요청 받음 - 직군: 간호, 직원 수: 25, 대상 월: 2025-09
[INFO] 커스텀 시프트 적용: ['오전', '야간', '휴무']
[INFO] 식별된 야간 시프트: ['야간']
[INFO] 식별된 휴무 시프트: ['휴무']
[INFO] 대상 월: 2025년 9월 (30일)
[INFO] 전소영 (간호) 제약조건 적용 중...
[INFO] 전소영: 최소 휴무일 3일 적용 (대상: ['휴무'])
[INFO] 전소영: 주당 최대 60시간, 월 163-201시간 (목표: 183시간)
[INFO] 전철수 (간호) 제약조건 적용 중...
[INFO] 전철수: 최소 휴무일 3일 적용 (대상: ['휴무'])
[INFO] 전철수: 주당 최대 60시간, 월 177-216시간 (목표: 197시간)
[INFO] 서수빈 (간호) 제약조건 적용 중...
[INFO] 서수빈: 최소 휴무일 3일 적용 (대상: ['휴무'])
[INFO] 서수빈: 주당 최대 60시간, 월 160-198시간 (목표: 180시간)
[INFO] 오혜진 (간호) 제약조건 적용 중...
[INFO] 오혜진: 최소 휴무일 3일 적용 (대상: ['휴무'])
[INFO] 오혜진: 주당 최대 60시간, 월 186-226시간 (목표: 206시간)
[INFO] 장미영 (간호) 제약조건 적용 중...
[INFO] 장미영: 최소 휴무일 3일 적용 (대상: ['휴무'])
[INFO] 장미영: 주당 최대 60시간, 월 162-200시간 (목표: 182시간)
[INFO] 한영희 (간호) 제약조건 적용 중...
[INFO] 한영희: 최소 휴무일 3일 적용 (대상: ['휴무'])
[INFO] 한영희: 주당 최대 60시간, 월 167-205시간 (목표: 187시간)
[INFO] 오정희 (간호) 제약조건 적용 중...
[INFO] 오정희: 최소 휴무일 3일 적용 (대상: ['휴무'])
[INFO] 오정희: 주당 최대 60시간, 월 169-207시간 (목표: 189시간)
[INFO] 송태현 (간호) 제약조건 적용 중...
[INFO] 송태현: 최소 휴무일 3일 적용 (대상: ['휴무'])
[INFO] 송태현: 주당 최대 60시간, 월 184-224시간 (목표: 204시간)
[INFO] 정영희 (간호) 제약조건 적용 중...
[INFO] 정영희: 최소 휴무일 3일 적용 (대상: ['휴무'])
[INFO] 정영희: 주당 최대 60시간, 월 167-205시간 (목표: 187시간)
[INFO] 장준호 (간호) 제약조건 적용 중...
[INFO] 장준호: 최소 휴무일 3일 적용 (대상: ['휴무'])
[INFO] 장준호: 주당 최대 60시간, 월 185-225시간 (목표: 205시간)
[INFO] 이영희 (간호) 제약조건 적용 중...
[INFO] 이영희: 최소 휴무일 3일 적용 (대상: ['휴무'])
[INFO] 이영희: 주당 최대 60시간, 월 183-223시간 (목표: 203시간)
[INFO] 최수빈 (간호) 제약조건 적용 중...
[INFO] 최수빈: 최소 휴무일 3일 적용 (대상: ['휴무'])
[INFO] 최수빈: 주당 최대 60시간, 월 180-220시간 (목표: 200시간)
[INFO] 임상훈 (간호) 제약조건 적용 중...
[INFO] 임상훈: 최소 휴무일 3일 적용 (대상: ['휴무'])
[INFO] 임상훈: 주당 최대 60시간, 월 170-209시간 (목표: 190시간)
[INFO] 이은정 (간호) 제약조건 적용 중...
[INFO] 이은정: 최소 휴무일 3일 적용 (대상: ['휴무'])
[INFO] 이은정: 주당 최대 60시간, 월 180-220시간 (목표: 200시간)
[INFO] 김미영 (간호) 제약조건 적용 중...
[INFO] 김미영: 최소 휴무일 3일 적용 (대상: ['휴무'])
[INFO] 김미영: 주당 최대 60시간, 월 186-226시간 (목표: 206시간)
[INFO] 박은정 (간호) 제약조건 적용 중...
[INFO] 박은정: 최소 휴무일 3일 적용 (대상: ['휴무'])
[INFO] 박은정: 주당 최대 60시간, 월 180-220시간 (목표: 200시간)
[INFO] 김상훈 (간호) 제약조건 적용 중...
[INFO] 김상훈: 최소 휴무일 3일 적용 (대상: ['휴무'])
[INFO] 김상훈: 주당 최대 60시간, 월 160-198시간 (목표: 180시간)
[INFO] 신수빈 (간호) 제약조건 적용 중...
[INFO] 신수빈: 최소 휴무일 3일 적용 (대상: ['휴무'])
[INFO] 신수빈: 주당 최대 60시간, 월 170-209시간 (목표: 190시간)
[INFO] 최도현 (간호) 제약조건 적용 중...
[INFO] 최도현: 최소 휴무일 3일 적용 (대상: ['휴무'])
[INFO] 최도현: 주당 최대 60시간, 월 184-224시간 (목표: 204시간)
[INFO] 이승호 (간호) 제약조건 적용 중...
[INFO] 이승호: 최소 휴무일 3일 적용 (대상: ['휴무'])
[INFO] 이승호: 주당 최대 60시간, 월 168-206시간 (목표: 188시간)
[INFO] 장미영 (간호) 제약조건 적용 중...
[INFO] 장미영: 최소 휴무일 3일 적용 (대상: ['휴무'])
[INFO] 장미영: 주당 최대 60시간, 월 173-212시간 (목표: 193시간)
[INFO] 권승호 (간호) 제약조건 적용 중...
[INFO] 권승호: 신규간호사 야간 근무 금지 적용 (대상 시프트: ['야간'])
[INFO] 권승호: 최소 휴무일 3일 적용 (대상: ['휴무'])
[INFO] 권승호: 주당 최대 60시간, 월 172-211시간 (목표: 192시간)
[INFO] 최철수 (간호) 제약조건 적용 중...
[INFO] 최철수: 신규간호사 야간 근무 금지 적용 (대상 시프트: ['야간'])
[INFO] 최철수: 최소 휴무일 3일 적용 (대상: ['휴무'])
[INFO] 최철수: 주당 최대 60시간, 월 160-198시간 (목표: 180시간)
[INFO] 황영수 (간호) 제약조건 적용 중...
[INFO] 황영수: 신규간호사 야간 근무 금지 적용 (대상 시프트: ['야간'])
[INFO] 황영수: 최소 휴무일 3일 적용 (대상: ['휴무'])
[INFO] 황영수: 주당 최대 60시간, 월 163-201시간 (목표: 183시간)
[INFO] 박미영 (간호) 제약조건 적용 중...
[INFO] 박미영: 신규간호사 야간 근무 금지 적용 (대상 시프트: ['야간'])
[INFO] 박미영: 최소 휴무일 3일 적용 (대상: ['휴무'])
[INFO] 박미영: 주당 최대 60시간, 월 170-209시간 (목표: 190시간)
[INFO] 야간 근무 균등 분배 활성화 (야간 시프트: ['야간'])
솔버 상태: FEASIBLE
해결 시간: 20.00초
야간 근무 균등성: 2
최대 야간 근무: 2회, 최소 야간 근무: 0회

=== 월 총 근무시간 통계 ===
전소영: 168시간/183시간 (여유: 15시간)
전철수: 184시간/197시간 (여유: 13시간)
서수빈: 168시간/180시간 (여유: 12시간)
오혜진: 192시간/206시간 (여유: 14시간)
장미영: 192시간/193시간 (여유: 1시간)
한영희: 168시간/187시간 (여유: 19시간)
오정희: 176시간/189시간 (여유: 13시간)
송태현: 184시간/204시간 (여유: 20시간)
정영희: 184시간/187시간 (여유: 3시간)
장준호: 192시간/205시간 (여유: 13시간)
이영희: 184시간/203시간 (여유: 19시간)
최수빈: 184시간/200시간 (여유: 16시간)
임상훈: 176시간/190시간 (여유: 14시간)
이은정: 184시간/200시간 (여유: 16시간)
김미영: 192시간/206시간 (여유: 14시간)
박은정: 192시간/200시간 (여유: 8시간)
김상훈: 184시간/180시간 (여유: -4시간)
신수빈: 192시간/190시간 (여유: -2시간)
최도현: 200시간/204시간 (여유: 4시간)
이승호: 168시간/188시간 (여유: 20시간)
권승호: 176시간/192시간 (여유: 16시간)
최철수: 160시간/180시간 (여유: 20시간)
황영수: 168시간/183시간 (여유: 15시간)
박미영: 176시간/190시간 (여유: 14시간)
[INFO] 근무표가 저장되었습니다: ./data/result_schedule.json
[INFO] 연결됨: ('127.0.0.1', 51621)
[DEBUG] 수신된 데이터: {"position": "간호", "shift_type": 3, "target_month": "2025-09", "staff_data": {"staff": [{"name": "황승...
[INFO] 커스텀 규칙 감지: {'shifts': ['D', 'E', 'N', 'Off'], 'shift_hours': {'D': 8, 'E': 8, 'N': 8, 'Off': 0}}
[INFO] 요청 받음 - 직군: 간호, 직원 수: 25, 대상 월: 2025-09
[INFO] 커스텀 시프트 적용: ['D', 'E', 'N', 'Off']
[INFO] 식별된 야간 시프트: ['N']
[INFO] 식별된 휴무 시프트: ['Off']
[INFO] 대상 월: 2025년 9월 (30일)
[INFO] 황승호 (간호) 제약조건 적용 중...
[INFO] 황승호: 최소 휴무일 3일 적용 (대상: ['Off'])
[INFO] 황승호: 주당 최대 60시간, 월 172-211시간 (목표: 192시간)
[INFO] 임지영 (간호) 제약조건 적용 중...
[INFO] 임지영: 최소 휴무일 3일 적용 (대상: ['Off'])
[INFO] 임지영: 주당 최대 60시간, 월 187-227시간 (목표: 207시간)
[INFO] 장예준 (간호) 제약조건 적용 중...
[INFO] 장예준: 최소 휴무일 3일 적용 (대상: ['Off'])
[INFO] 장예준: 주당 최대 60시간, 월 186-226시간 (목표: 206시간)
[INFO] 권채영 (간호) 제약조건 적용 중...
[INFO] 권채영: 최소 휴무일 3일 적용 (대상: ['Off'])
[INFO] 권채영: 주당 최대 60시간, 월 189-229시간 (목표: 209시간)
[INFO] 황영수 (간호) 제약조건 적용 중...
[INFO] 황영수: 최소 휴무일 3일 적용 (대상: ['Off'])
[INFO] 황영수: 주당 최대 60시간, 월 189-229시간 (목표: 209시간)
[INFO] 임소영 (간호) 제약조건 적용 중...
[INFO] 임소영: 최소 휴무일 3일 적용 (대상: ['Off'])
[INFO] 임소영: 주당 최대 60시간, 월 164-202시간 (목표: 184시간)
[INFO] 한소영 (간호) 제약조건 적용 중...
[INFO] 한소영: 최소 휴무일 3일 적용 (대상: ['Off'])
[INFO] 한소영: 주당 최대 60시간, 월 179-218시간 (목표: 199시간)
[INFO] 오지영 (간호) 제약조건 적용 중...
[INFO] 오지영: 최소 휴무일 3일 적용 (대상: ['Off'])
[INFO] 오지영: 주당 최대 60시간, 월 185-225시간 (목표: 205시간)
[INFO] 오도현 (간호) 제약조건 적용 중...
[INFO] 오도현: 최소 휴무일 3일 적용 (대상: ['Off'])
[INFO] 오도현: 주당 최대 60시간, 월 167-205시간 (목표: 187시간)
[INFO] 박예준 (간호) 제약조건 적용 중...
[INFO] 박예준: 최소 휴무일 3일 적용 (대상: ['Off'])
[INFO] 박예준: 주당 최대 60시간, 월 167-205시간 (목표: 187시간)
[INFO] 정영수 (간호) 제약조건 적용 중...
[INFO] 정영수: 최소 휴무일 3일 적용 (대상: ['Off'])
[INFO] 정영수: 주당 최대 60시간, 월 177-216시간 (목표: 197시간)
[INFO] 한진우 (간호) 제약조건 적용 중...
[INFO] 한진우: 최소 휴무일 3일 적용 (대상: ['Off'])
[INFO] 한진우: 주당 최대 60시간, 월 163-201시간 (목표: 183시간)
[INFO] 강진우 (간호) 제약조건 적용 중...
[INFO] 강진우: 최소 휴무일 3일 적용 (대상: ['Off'])
[INFO] 강진우: 주당 최대 60시간, 월 184-224시간 (목표: 204시간)
[INFO] 한민수 (간호) 제약조건 적용 중...
[INFO] 한민수: 최소 휴무일 3일 적용 (대상: ['Off'])
[INFO] 한민수: 주당 최대 60시간, 월 176-215시간 (목표: 196시간)
[INFO] 오미영 (간호) 제약조건 적용 중...
[INFO] 오미영: 최소 휴무일 3일 적용 (대상: ['Off'])
[INFO] 오미영: 주당 최대 60시간, 월 173-212시간 (목표: 193시간)
[INFO] 김철수 (간호) 제약조건 적용 중...
[INFO] 김철수: 최소 휴무일 3일 적용 (대상: ['Off'])
[INFO] 김철수: 주당 최대 60시간, 월 166-204시간 (목표: 186시간)
[INFO] 신미영 (간호) 제약조건 적용 중...
[INFO] 신미영: 최소 휴무일 3일 적용 (대상: ['Off'])
[INFO] 신미영: 주당 최대 60시간, 월 190-231시간 (목표: 210시간)
[INFO] 최채영 (간호) 제약조건 적용 중...
[INFO] 최채영: 최소 휴무일 3일 적용 (대상: ['Off'])
[INFO] 최채영: 주당 최대 60시간, 월 180-220시간 (목표: 200시간)
[INFO] 오도현 (간호) 제약조건 적용 중...
[INFO] 오도현: 최소 휴무일 3일 적용 (대상: ['Off'])
[INFO] 오도현: 주당 최대 60시간, 월 173-212시간 (목표: 193시간)
[INFO] 윤민수 (간호) 제약조건 적용 중...
[INFO] 윤민수: 최소 휴무일 3일 적용 (대상: ['Off'])
[INFO] 윤민수: 주당 최대 60시간, 월 169-207시간 (목표: 189시간)
[INFO] 강준호 (간호) 제약조건 적용 중...
[INFO] 강준호: 최소 휴무일 3일 적용 (대상: ['Off'])
[INFO] 강준호: 주당 최대 60시간, 월 186-226시간 (목표: 206시간)
[INFO] 송소영 (간호) 제약조건 적용 중...
[INFO] 송소영: 신규간호사 야간 근무 금지 적용 (대상 시프트: ['N'])
[INFO] 송소영: 최소 휴무일 3일 적용 (대상: ['Off'])
[INFO] 송소영: 주당 최대 60시간, 월 174-213시간 (목표: 194시간)
[INFO] 임도현 (간호) 제약조건 적용 중...
[INFO] 임도현: 신규간호사 야간 근무 금지 적용 (대상 시프트: ['N'])
[INFO] 임도현: 최소 휴무일 3일 적용 (대상: ['Off'])
[INFO] 임도현: 주당 최대 60시간, 월 190-231시간 (목표: 210시간)
[INFO] 서영희 (간호) 제약조건 적용 중...
[INFO] 서영희: 신규간호사 야간 근무 금지 적용 (대상 시프트: ['N'])
[INFO] 서영희: 최소 휴무일 3일 적용 (대상: ['Off'])
[INFO] 서영희: 주당 최대 60시간, 월 169-207시간 (목표: 189시간)
[INFO] 장도현 (간호) 제약조건 적용 중...
[INFO] 장도현: 신규간호사 야간 근무 금지 적용 (대상 시프트: ['N'])
[INFO] 장도현: 최소 휴무일 3일 적용 (대상: ['Off'])
[INFO] 장도현: 주당 최대 60시간, 월 190-231시간 (목표: 210시간)
[INFO] 야간 근무 균등 분배 활성화 (야간 시프트: ['N'])
솔버 상태: FEASIBLE
해결 시간: 20.13초
야간 근무 균등성: 2
최대 야간 근무: 2회, 최소 야간 근무: 0회

=== 월 총 근무시간 통계 ===
황승호: 208시간/192시간 (여유: -16시간)
임지영: 192시간/207시간 (여유: 15시간)
장예준: 192시간/206시간 (여유: 14시간)
권채영: 192시간/209시간 (여유: 17시간)
황영수: 192시간/209시간 (여유: 17시간)
임소영: 168시간/184시간 (여유: 16시간)
한소영: 184시간/199시간 (여유: 15시간)
오지영: 192시간/205시간 (여유: 13시간)
오도현: 176시간/193시간 (여유: 17시간)
박예준: 168시간/187시간 (여유: 19시간)
정영수: 184시간/197시간 (여유: 13시간)
한진우: 168시간/183시간 (여유: 15시간)
강진우: 184시간/204시간 (여유: 20시간)
한민수: 176시간/196시간 (여유: 20시간)
오미영: 176시간/193시간 (여유: 17시간)
김철수: 168시간/186시간 (여유: 18시간)
신미영: 192시간/210시간 (여유: 18시간)
최채영: 184시간/200시간 (여유: 16시간)
윤민수: 200시간/189시간 (여유: -11시간)
강준호: 192시간/206시간 (여유: 14시간)
송소영: 200시간/194시간 (여유: -6시간)
임도현: 192시간/210시간 (여유: 18시간)
서영희: 176시간/189시간 (여유: 13시간)
장도현: 208시간/210시간 (여유: 2시간)
[INFO] 근무표가 저장되었습니다: ./data/result_schedule.json
[INFO] 연결됨: ('127.0.0.1', 51650)
[DEBUG] 수신된 데이터: {"position": "간호", "shift_type": 3, "target_month": "2025-09", "staff_data": {"staff": [{"name": "황민...
[INFO] 커스텀 규칙 감지: {'shifts': ['Morning', 'Evening', 'Night', 'Off'], 'shift_hours': {'Morning': 8, 'Evening': 8, 'Night': 8, 'Off': 0}}
[INFO] 요청 받음 - 직군: 간호, 직원 수: 25, 대상 월: 2025-09
[INFO] 커스텀 시프트 적용: ['Morning', 'Evening', 'Night', 'Off']
[INFO] 식별된 야간 시프트: ['Morning', 'Evening', 'Night']
[INFO] 식별된 휴무 시프트: ['Morning', 'Off']
[INFO] 대상 월: 2025년 9월 (30일)
[INFO] 황민수 (간호) 제약조건 적용 중...
[INFO] 황민수: 최소 휴무일 3일 적용 (대상: ['Morning', 'Off'])
[INFO] 황민수: 주당 최대 60시간, 월 164-202시간 (목표: 184시간)
[INFO] 서준호 (간호) 제약조건 적용 중...
[INFO] 서준호: 최소 휴무일 3일 적용 (대상: ['Morning', 'Off'])
[INFO] 서준호: 주당 최대 60시간, 월 179-218시간 (목표: 199시간)
[INFO] 신철수 (간호) 제약조건 적용 중...
[INFO] 신철수: 최소 휴무일 3일 적용 (대상: ['Morning', 'Off'])
[INFO] 신철수: 주당 최대 60시간, 월 162-200시간 (목표: 182시간)
[INFO] 박미영 (간호) 제약조건 적용 중...
[INFO] 박미영: 최소 휴무일 3일 적용 (대상: ['Morning', 'Off'])
[INFO] 박미영: 주당 최대 60시간, 월 173-212시간 (목표: 193시간)
[INFO] 이은정 (간호) 제약조건 적용 중...
[INFO] 이은정: 최소 휴무일 3일 적용 (대상: ['Morning', 'Off'])
[INFO] 이은정: 주당 최대 60시간, 월 166-204시간 (목표: 186시간)
[INFO] 임정희 (간호) 제약조건 적용 중...
[INFO] 임정희: 최소 휴무일 3일 적용 (대상: ['Morning', 'Off'])
[INFO] 임정희: 주당 최대 60시간, 월 180-220시간 (목표: 200시간)
[INFO] 송은정 (간호) 제약조건 적용 중...
[INFO] 송은정: 최소 휴무일 3일 적용 (대상: ['Morning', 'Off'])
[INFO] 송은정: 주당 최대 60시간, 월 165-203시간 (목표: 185시간)
[INFO] 박수빈 (간호) 제약조건 적용 중...
[INFO] 박수빈: 최소 휴무일 3일 적용 (대상: ['Morning', 'Off'])
[INFO] 박수빈: 주당 최대 60시간, 월 164-202시간 (목표: 184시간)
[INFO] 박민수 (간호) 제약조건 적용 중...
[INFO] 박민수: 최소 휴무일 3일 적용 (대상: ['Morning', 'Off'])
[INFO] 박민수: 주당 최대 60시간, 월 179-218시간 (목표: 199시간)
[INFO] 정현우 (간호) 제약조건 적용 중...
[INFO] 정현우: 최소 휴무일 3일 적용 (대상: ['Morning', 'Off'])
[INFO] 정현우: 주당 최대 60시간, 월 184-224시간 (목표: 204시간)
[INFO] 서민수 (간호) 제약조건 적용 중...
[INFO] 서민수: 최소 휴무일 3일 적용 (대상: ['Morning', 'Off'])
[INFO] 서민수: 주당 최대 60시간, 월 179-218시간 (목표: 199시간)
[INFO] 안소영 (간호) 제약조건 적용 중...
[INFO] 안소영: 최소 휴무일 3일 적용 (대상: ['Morning', 'Off'])
[INFO] 안소영: 주당 최대 60시간, 월 164-202시간 (목표: 184시간)
[INFO] 장소영 (간호) 제약조건 적용 중...
[INFO] 장소영: 최소 휴무일 3일 적용 (대상: ['Morning', 'Off'])
[INFO] 장소영: 주당 최대 60시간, 월 184-224시간 (목표: 204시간)
[INFO] 서민수 (간호) 제약조건 적용 중...
[INFO] 서민수: 최소 휴무일 3일 적용 (대상: ['Morning', 'Off'])
[INFO] 서민수: 주당 최대 60시간, 월 169-207시간 (목표: 189시간)
[INFO] 안철수 (간호) 제약조건 적용 중...
[INFO] 안철수: 최소 휴무일 3일 적용 (대상: ['Morning', 'Off'])
[INFO] 안철수: 주당 최대 60시간, 월 184-224시간 (목표: 204시간)
[INFO] 신영희 (간호) 제약조건 적용 중...
[INFO] 신영희: 최소 휴무일 3일 적용 (대상: ['Morning', 'Off'])
[INFO] 신영희: 주당 최대 60시간, 월 190-231시간 (목표: 210시간)
[INFO] 조혜진 (간호) 제약조건 적용 중...
[INFO] 조혜진: 최소 휴무일 3일 적용 (대상: ['Morning', 'Off'])
[INFO] 조혜진: 주당 최대 60시간, 월 181-221시간 (목표: 201시간)
[INFO] 권진우 (간호) 제약조건 적용 중...
[INFO] 권진우: 최소 휴무일 3일 적용 (대상: ['Morning', 'Off'])
[INFO] 권진우: 주당 최대 60시간, 월 164-202시간 (목표: 184시간)
[INFO] 김채영 (간호) 제약조건 적용 중...
[INFO] 김채영: 최소 휴무일 3일 적용 (대상: ['Morning', 'Off'])
[INFO] 김채영: 주당 최대 60시간, 월 184-224시간 (목표: 204시간)
[INFO] 권수빈 (간호) 제약조건 적용 중...
[INFO] 권수빈: 최소 휴무일 3일 적용 (대상: ['Morning', 'Off'])
[INFO] 권수빈: 주당 최대 60시간, 월 182-222시간 (목표: 202시간)
[INFO] 정도현 (간호) 제약조건 적용 중...
[INFO] 정도현: 최소 휴무일 3일 적용 (대상: ['Morning', 'Off'])
[INFO] 정도현: 주당 최대 60시간, 월 164-202시간 (목표: 184시간)
[INFO] 오상훈 (간호) 제약조건 적용 중...
[INFO] 오상훈: 신규간호사 야간 근무 금지 적용 (대상 시프트: ['Morning', 'Evening', 'Night'])
[INFO] 오상훈: 최소 휴무일 3일 적용 (대상: ['Morning', 'Off'])
[INFO] 오상훈: 주당 최대 60시간, 월 170-209시간 (목표: 190시간)
[INFO] 안준호 (간호) 제약조건 적용 중...
[INFO] 안준호: 신규간호사 야간 근무 금지 적용 (대상 시프트: ['Morning', 'Evening', 'Night'])
[INFO] 안준호: 최소 휴무일 3일 적용 (대상: ['Morning', 'Off'])
[INFO] 안준호: 주당 최대 60시간, 월 179-218시간 (목표: 199시간)
[INFO] 김은정 (간호) 제약조건 적용 중...
[INFO] 김은정: 신규간호사 야간 근무 금지 적용 (대상 시프트: ['Morning', 'Evening', 'Night'])
[INFO] 김은정: 최소 휴무일 3일 적용 (대상: ['Morning', 'Off'])
[INFO] 김은정: 주당 최대 60시간, 월 175-214시간 (목표: 195시간)
[INFO] 안진우 (간호) 제약조건 적용 중...
[INFO] 안진우: 신규간호사 야간 근무 금지 적용 (대상 시프트: ['Morning', 'Evening', 'Night'])
[INFO] 안진우: 최소 휴무일 3일 적용 (대상: ['Morning', 'Off'])
[INFO] 안진우: 주당 최대 60시간, 월 184-224시간 (목표: 204시간)
[INFO] 야간 근무 균등 분배 활성화 (야간 시프트: ['Morning', 'Evening', 'Night'])
솔버 상태: INFEASIBLE
해결 시간: 0.00초
[INFO] 연결됨: ('127.0.0.1', 51651)
[DEBUG] 수신된 데이터: {"position": "간호", "shift_type": 3, "target_month": "2025-09", "staff_data": {"staff": [{"name": "정은...
[INFO] 커스텀 규칙 감지: {'shifts': ['06-14', '14-22', '22-06', 'Off'], 'shift_hours': {'06-14': 8, '14-22': 8, '22-06': 8, 'Off': 0}}
[INFO] 요청 받음 - 직군: 간호, 직원 수: 25, 대상 월: 2025-09
[INFO] 커스텀 시프트 적용: ['06-14', '14-22', '22-06', 'Off']
[INFO] 식별된 야간 시프트: ['22-06']
[INFO] 식별된 휴무 시프트: ['Off']
[INFO] 대상 월: 2025년 9월 (30일)
[INFO] 정은정 (간호) 제약조건 적용 중...
[INFO] 정은정: 최소 휴무일 3일 적용 (대상: ['Off'])
[INFO] 정은정: 주당 최대 60시간, 월 168-206시간 (목표: 188시간)
[INFO] 정현우 (간호) 제약조건 적용 중...
[INFO] 정현우: 최소 휴무일 3일 적용 (대상: ['Off'])
[INFO] 정현우: 주당 최대 60시간, 월 168-206시간 (목표: 188시간)
[INFO] 윤진우 (간호) 제약조건 적용 중...
[INFO] 윤진우: 최소 휴무일 3일 적용 (대상: ['Off'])
[INFO] 윤진우: 주당 최대 60시간, 월 187-227시간 (목표: 207시간)
[INFO] 정은정 (간호) 제약조건 적용 중...
[INFO] 정은정: 최소 휴무일 3일 적용 (대상: ['Off'])
[INFO] 정은정: 주당 최대 60시간, 월 172-211시간 (목표: 192시간)
[INFO] 최승호 (간호) 제약조건 적용 중...
[INFO] 최승호: 최소 휴무일 3일 적용 (대상: ['Off'])
[INFO] 최승호: 주당 최대 60시간, 월 188-228시간 (목표: 208시간)
[INFO] 박은정 (간호) 제약조건 적용 중...
[INFO] 박은정: 최소 휴무일 3일 적용 (대상: ['Off'])
[INFO] 박은정: 주당 최대 60시간, 월 189-229시간 (목표: 209시간)
[INFO] 강철수 (간호) 제약조건 적용 중...
[INFO] 강철수: 최소 휴무일 3일 적용 (대상: ['Off'])
[INFO] 강철수: 주당 최대 60시간, 월 190-231시간 (목표: 210시간)
[INFO] 류현우 (간호) 제약조건 적용 중...
[INFO] 류현우: 최소 휴무일 3일 적용 (대상: ['Off'])
[INFO] 류현우: 주당 최대 60시간, 월 179-218시간 (목표: 199시간)
[INFO] 조민수 (간호) 제약조건 적용 중...
[INFO] 조민수: 최소 휴무일 3일 적용 (대상: ['Off'])
[INFO] 조민수: 주당 최대 60시간, 월 175-214시간 (목표: 195시간)
[INFO] 송예준 (간호) 제약조건 적용 중...
[INFO] 송예준: 최소 휴무일 3일 적용 (대상: ['Off'])
[INFO] 송예준: 주당 최대 60시간, 월 172-211시간 (목표: 192시간)
[INFO] 한승호 (간호) 제약조건 적용 중...
[INFO] 한승호: 최소 휴무일 3일 적용 (대상: ['Off'])
[INFO] 한승호: 주당 최대 60시간, 월 173-212시간 (목표: 193시간)
[INFO] 서진우 (간호) 제약조건 적용 중...
[INFO] 서진우: 최소 휴무일 3일 적용 (대상: ['Off'])
[INFO] 서진우: 주당 최대 60시간, 월 169-207시간 (목표: 189시간)
[INFO] 조철수 (간호) 제약조건 적용 중...
[INFO] 조철수: 최소 휴무일 3일 적용 (대상: ['Off'])
[INFO] 조철수: 주당 최대 60시간, 월 189-229시간 (목표: 209시간)
[INFO] 전지영 (간호) 제약조건 적용 중...
[INFO] 전지영: 최소 휴무일 3일 적용 (대상: ['Off'])
[INFO] 전지영: 주당 최대 60시간, 월 183-223시간 (목표: 203시간)
[INFO] 이미영 (간호) 제약조건 적용 중...
[INFO] 이미영: 최소 휴무일 3일 적용 (대상: ['Off'])
[INFO] 이미영: 주당 최대 60시간, 월 173-212시간 (목표: 193시간)
[INFO] 전도현 (간호) 제약조건 적용 중...
[INFO] 전도현: 최소 휴무일 3일 적용 (대상: ['Off'])
[INFO] 전도현: 주당 최대 60시간, 월 170-209시간 (목표: 190시간)
[INFO] 오수빈 (간호) 제약조건 적용 중...
[INFO] 오수빈: 최소 휴무일 3일 적용 (대상: ['Off'])
[INFO] 오수빈: 주당 최대 60시간, 월 177-216시간 (목표: 197시간)
[INFO] 장지영 (간호) 제약조건 적용 중...
[INFO] 장지영: 최소 휴무일 3일 적용 (대상: ['Off'])
[INFO] 장지영: 주당 최대 60시간, 월 180-220시간 (목표: 200시간)
[INFO] 정예준 (간호) 제약조건 적용 중...
[INFO] 정예준: 최소 휴무일 3일 적용 (대상: ['Off'])
[INFO] 정예준: 주당 최대 60시간, 월 188-228시간 (목표: 208시간)
[INFO] 황상훈 (간호) 제약조건 적용 중...
[INFO] 황상훈: 최소 휴무일 3일 적용 (대상: ['Off'])
[INFO] 황상훈: 주당 최대 60시간, 월 172-211시간 (목표: 192시간)
[INFO] 임철수 (간호) 제약조건 적용 중...
[INFO] 임철수: 최소 휴무일 3일 적용 (대상: ['Off'])
[INFO] 임철수: 주당 최대 60시간, 월 181-221시간 (목표: 201시간)
[INFO] 정현우 (간호) 제약조건 적용 중...
[INFO] 정현우: 신규간호사 야간 근무 금지 적용 (대상 시프트: ['22-06'])
[INFO] 정현우: 최소 휴무일 3일 적용 (대상: ['Off'])
[INFO] 정현우: 주당 최대 60시간, 월 190-231시간 (목표: 210시간)
[INFO] 김승호 (간호) 제약조건 적용 중...
[INFO] 김승호: 신규간호사 야간 근무 금지 적용 (대상 시프트: ['22-06'])
[INFO] 김승호: 최소 휴무일 3일 적용 (대상: ['Off'])
[INFO] 김승호: 주당 최대 60시간, 월 178-217시간 (목표: 198시간)
[INFO] 장예준 (간호) 제약조건 적용 중...
[INFO] 장예준: 신규간호사 야간 근무 금지 적용 (대상 시프트: ['22-06'])
[INFO] 장예준: 최소 휴무일 3일 적용 (대상: ['Off'])
[INFO] 장예준: 주당 최대 60시간, 월 189-229시간 (목표: 209시간)
[INFO] 장예준 (간호) 제약조건 적용 중...
[INFO] 장예준: 신규간호사 야간 근무 금지 적용 (대상 시프트: ['22-06'])
[INFO] 장예준: 최소 휴무일 3일 적용 (대상: ['Off'])
[INFO] 장예준: 주당 최대 60시간, 월 178-217시간 (목표: 198시간)
[INFO] 야간 근무 균등 분배 활성화 (야간 시프트: ['22-06'])
솔버 상태: FEASIBLE
해결 시간: 20.00초
야간 근무 균등성: 2
최대 야간 근무: 2회, 최소 야간 근무: 0회

=== 월 총 근무시간 통계 ===
정은정: 176시간/192시간 (여유: 16시간)
정현우: 208시간/210시간 (여유: 2시간)
윤진우: 192시간/207시간 (여유: 15시간)
최승호: 192시간/208시간 (여유: 16시간)
박은정: 192시간/209시간 (여유: 17시간)
강철수: 192시간/210시간 (여유: 18시간)
류현우: 184시간/199시간 (여유: 15시간)
조민수: 176시간/195시간 (여유: 19시간)
송예준: 176시간/192시간 (여유: 16시간)
한승호: 176시간/193시간 (여유: 17시간)
서진우: 176시간/189시간 (여유: 13시간)
조철수: 192시간/209시간 (여유: 17시간)
전지영: 184시간/203시간 (여유: 19시간)
이미영: 176시간/193시간 (여유: 17시간)
전도현: 176시간/190시간 (여유: 14시간)
오수빈: 184시간/197시간 (여유: 13시간)
장지영: 184시간/200시간 (여유: 16시간)
정예준: 192시간/208시간 (여유: 16시간)
황상훈: 176시간/192시간 (여유: 16시간)
임철수: 184시간/201시간 (여유: 17시간)
김승호: 184시간/198시간 (여유: 14시간)
장예준: 184시간/198시간 (여유: 14시간)
[INFO] 근무표가 저장되었습니다: ./data/result_schedule.json
[INFO] 연결됨: ('127.0.0.1', 51657)
[DEBUG] 수신된 데이터: {"position": "간호", "shift_type": 3, "target_month": "2025-09", "staff_data": {"staff": [{"name": "최예...
[INFO] 커스텀 규칙 감지: {'shifts': ['D', 'E', 'N', 'O'], 'shift_hours': {'D': 8, 'E': 8, 'N': 6, 'O': 0}}
[INFO] 요청 받음 - 직군: 간호, 직원 수: 25, 대상 월: 2025-09
[INFO] 커스텀 시프트 적용: ['D', 'E', 'N', 'O']
[INFO] 식별된 야간 시프트: ['N']
[INFO] 식별된 휴무 시프트: ['O']
[INFO] 대상 월: 2025년 9월 (30일)
[INFO] 최예준 (간호) 제약조건 적용 중...
[INFO] 최예준: 최소 휴무일 3일 적용 (대상: ['O'])
[INFO] 최예준: 주당 최대 60시간, 월 179-218시간 (목표: 199시간)
[INFO] 안은정 (간호) 제약조건 적용 중...
[INFO] 안은정: 최소 휴무일 3일 적용 (대상: ['O'])
[INFO] 안은정: 주당 최대 60시간, 월 173-212시간 (목표: 193시간)
[INFO] 김혜진 (간호) 제약조건 적용 중...
[INFO] 김혜진: 최소 휴무일 3일 적용 (대상: ['O'])
[INFO] 김혜진: 주당 최대 60시간, 월 182-222시간 (목표: 202시간)
[INFO] 한태현 (간호) 제약조건 적용 중...
[INFO] 한태현: 최소 휴무일 3일 적용 (대상: ['O'])
[INFO] 한태현: 주당 최대 60시간, 월 186-226시간 (목표: 206시간)
[INFO] 최미영 (간호) 제약조건 적용 중...
[INFO] 최미영: 최소 휴무일 3일 적용 (대상: ['O'])
[INFO] 최미영: 주당 최대 60시간, 월 179-218시간 (목표: 199시간)
[INFO] 임현우 (간호) 제약조건 적용 중...
[INFO] 임현우: 최소 휴무일 3일 적용 (대상: ['O'])
[INFO] 임현우: 주당 최대 60시간, 월 170-209시간 (목표: 190시간)
[INFO] 권철수 (간호) 제약조건 적용 중...
[INFO] 권철수: 최소 휴무일 3일 적용 (대상: ['O'])
[INFO] 권철수: 주당 최대 60시간, 월 185-225시간 (목표: 205시간)
[INFO] 강영수 (간호) 제약조건 적용 중...
[INFO] 강영수: 최소 휴무일 3일 적용 (대상: ['O'])
[INFO] 강영수: 주당 최대 60시간, 월 176-215시간 (목표: 196시간)
[INFO] 임영수 (간호) 제약조건 적용 중...
[INFO] 임영수: 최소 휴무일 3일 적용 (대상: ['O'])
[INFO] 임영수: 주당 최대 60시간, 월 160-198시간 (목표: 180시간)
[INFO] 조승호 (간호) 제약조건 적용 중...
[INFO] 조승호: 최소 휴무일 3일 적용 (대상: ['O'])
[INFO] 조승호: 주당 최대 60시간, 월 177-216시간 (목표: 197시간)
[INFO] 김미영 (간호) 제약조건 적용 중...
[INFO] 김미영: 최소 휴무일 3일 적용 (대상: ['O'])
[INFO] 김미영: 주당 최대 60시간, 월 174-213시간 (목표: 194시간)
[INFO] 조미영 (간호) 제약조건 적용 중...
[INFO] 조미영: 최소 휴무일 3일 적용 (대상: ['O'])
[INFO] 조미영: 주당 최대 60시간, 월 183-223시간 (목표: 203시간)
[INFO] 안영희 (간호) 제약조건 적용 중...
[INFO] 안영희: 최소 휴무일 3일 적용 (대상: ['O'])
[INFO] 안영희: 주당 최대 60시간, 월 185-225시간 (목표: 205시간)
[INFO] 최예준 (간호) 제약조건 적용 중...
[INFO] 최예준: 최소 휴무일 3일 적용 (대상: ['O'])
[INFO] 최예준: 주당 최대 60시간, 월 161-199시간 (목표: 181시간)
[INFO] 안태현 (간호) 제약조건 적용 중...
[INFO] 안태현: 최소 휴무일 3일 적용 (대상: ['O'])
[INFO] 안태현: 주당 최대 60시간, 월 173-212시간 (목표: 193시간)
[INFO] 송영수 (간호) 제약조건 적용 중...
[INFO] 송영수: 최소 휴무일 3일 적용 (대상: ['O'])
[INFO] 송영수: 주당 최대 60시간, 월 188-228시간 (목표: 208시간)
[INFO] 오태현 (간호) 제약조건 적용 중...
[INFO] 오태현: 최소 휴무일 3일 적용 (대상: ['O'])
[INFO] 오태현: 주당 최대 60시간, 월 170-209시간 (목표: 190시간)
[INFO] 임영희 (간호) 제약조건 적용 중...
[INFO] 임영희: 최소 휴무일 3일 적용 (대상: ['O'])
[INFO] 임영희: 주당 최대 60시간, 월 188-228시간 (목표: 208시간)
[INFO] 서미영 (간호) 제약조건 적용 중...
[INFO] 서미영: 최소 휴무일 3일 적용 (대상: ['O'])
[INFO] 서미영: 주당 최대 60시간, 월 170-209시간 (목표: 190시간)
[INFO] 송예준 (간호) 제약조건 적용 중...
[INFO] 송예준: 최소 휴무일 3일 적용 (대상: ['O'])
[INFO] 송예준: 주당 최대 60시간, 월 162-200시간 (목표: 182시간)
[INFO] 이영희 (간호) 제약조건 적용 중...
[INFO] 이영희: 최소 휴무일 3일 적용 (대상: ['O'])
[INFO] 이영희: 주당 최대 60시간, 월 166-204시간 (목표: 186시간)
[INFO] 정영수 (간호) 제약조건 적용 중...
[INFO] 정영수: 신규간호사 야간 근무 금지 적용 (대상 시프트: ['N'])
[INFO] 정영수: 최소 휴무일 3일 적용 (대상: ['O'])
[INFO] 정영수: 주당 최대 60시간, 월 190-231시간 (목표: 210시간)
[INFO] 한수빈 (간호) 제약조건 적용 중...
[INFO] 한수빈: 신규간호사 야간 근무 금지 적용 (대상 시프트: ['N'])
[INFO] 한수빈: 최소 휴무일 3일 적용 (대상: ['O'])
[INFO] 한수빈: 주당 최대 60시간, 월 175-214시간 (목표: 195시간)
[INFO] 최혜진 (간호) 제약조건 적용 중...
[INFO] 최혜진: 신규간호사 야간 근무 금지 적용 (대상 시프트: ['N'])
[INFO] 최혜진: 최소 휴무일 3일 적용 (대상: ['O'])
[INFO] 최혜진: 주당 최대 60시간, 월 170-209시간 (목표: 190시간)
[INFO] 신소영 (간호) 제약조건 적용 중...
[INFO] 신소영: 신규간호사 야간 근무 금지 적용 (대상 시프트: ['N'])
[INFO] 신소영: 최소 휴무일 3일 적용 (대상: ['O'])
[INFO] 신소영: 주당 최대 60시간, 월 187-227시간 (목표: 207시간)
[INFO] 야간 근무 균등 분배 활성화 (야간 시프트: ['N'])
솔버 상태: FEASIBLE
해결 시간: 20.00초
야간 근무 균등성: 2
최대 야간 근무: 2회, 최소 야간 근무: 0회

=== 월 총 근무시간 통계 ===
최예준: 164시간/181시간 (여유: 17시간)
안은정: 174시간/193시간 (여유: 19시간)
김혜진: 182시간/202시간 (여유: 20시간)
한태현: 192시간/206시간 (여유: 14시간)
최미영: 180시간/199시간 (여유: 19시간)
임현우: 172시간/190시간 (여유: 18시간)
권철수: 188시간/205시간 (여유: 17시간)
강영수: 180시간/196시간 (여유: 16시간)
임영수: 166시간/180시간 (여유: 14시간)
조승호: 180시간/197시간 (여유: 17시간)
김미영: 192시간/194시간 (여유: 2시간)
조미영: 184시간/203시간 (여유: 19시간)
안영희: 188시간/205시간 (여유: 17시간)
안태현: 180시간/193시간 (여유: 13시간)
송영수: 188시간/208시간 (여유: 20시간)
오태현: 176시간/190시간 (여유: 14시간)
임영희: 188시간/208시간 (여유: 20시간)
서미영: 172시간/190시간 (여유: 18시간)
송예준: 164시간/182시간 (여유: 18시간)
이영희: 172시간/186시간 (여유: 14시간)
정영수: 192시간/210시간 (여유: 18시간)
한수빈: 200시간/195시간 (여유: -5시간)
최혜진: 176시간/190시간 (여유: 14시간)
신소영: 208시간/207시간 (여유: -1시간)
[INFO] 근무표가 저장되었습니다: ./data/result_schedule.json
[INFO] 연결됨: ('127.0.0.1', 51695)
[DEBUG] 수신된 데이터: {"position": "간호", "shift_type": 3, "target_month": "2025-09", "staff_data": {"staff": [{"name": "류철...
[INFO] 커스텀 규칙 감지: {'shifts': ['FullDay', 'HalfDay', 'Night', 'Off'], 'shift_hours': {'FullDay': 8, 'HalfDay': 4, 'Night': 8, 'Off': 0}}
[INFO] 요청 받음 - 직군: 간호, 직원 수: 25, 대상 월: 2025-09
[WARNING] 검증 경고사항: 최소 시프트 시간이 4시간으로 너무 짧습니다. 6시간 이상을 권장합니다.
[INFO] 커스텀 시프트 적용: ['FullDay', 'HalfDay', 'Night', 'Off']
[INFO] 식별된 야간 시프트: ['Night']
[INFO] 식별된 휴무 시프트: ['Off']
[INFO] 대상 월: 2025년 9월 (30일)
[INFO] 류철수 (간호) 제약조건 적용 중...
[INFO] 류철수: 최소 휴무일 3일 적용 (대상: ['Off'])
[INFO] 류철수: 주당 최대 60시간, 월 181-221시간 (목표: 201시간)
[INFO] 송태현 (간호) 제약조건 적용 중...
[INFO] 송태현: 최소 휴무일 3일 적용 (대상: ['Off'])
[INFO] 송태현: 주당 최대 60시간, 월 188-228시간 (목표: 208시간)
[INFO] 임영희 (간호) 제약조건 적용 중...
[INFO] 임영희: 최소 휴무일 3일 적용 (대상: ['Off'])
[INFO] 임영희: 주당 최대 60시간, 월 185-225시간 (목표: 205시간)
[INFO] 박영희 (간호) 제약조건 적용 중...
[INFO] 박영희: 최소 휴무일 3일 적용 (대상: ['Off'])
[INFO] 박영희: 주당 최대 60시간, 월 179-218시간 (목표: 199시간)
[INFO] 전진우 (간호) 제약조건 적용 중...
[INFO] 전진우: 최소 휴무일 3일 적용 (대상: ['Off'])
[INFO] 전진우: 주당 최대 60시간, 월 165-203시간 (목표: 185시간)
[INFO] 한영희 (간호) 제약조건 적용 중...
[INFO] 한영희: 최소 휴무일 3일 적용 (대상: ['Off'])
[INFO] 한영희: 주당 최대 60시간, 월 169-207시간 (목표: 189시간)
[INFO] 조태현 (간호) 제약조건 적용 중...
[INFO] 조태현: 최소 휴무일 3일 적용 (대상: ['Off'])
[INFO] 조태현: 주당 최대 60시간, 월 188-228시간 (목표: 208시간)
[INFO] 최준호 (간호) 제약조건 적용 중...
[INFO] 최준호: 최소 휴무일 3일 적용 (대상: ['Off'])
[INFO] 최준호: 주당 최대 60시간, 월 177-216시간 (목표: 197시간)
[INFO] 송수빈 (간호) 제약조건 적용 중...
[INFO] 송수빈: 최소 휴무일 3일 적용 (대상: ['Off'])
[INFO] 송수빈: 주당 최대 60시간, 월 176-215시간 (목표: 196시간)
[INFO] 신지영 (간호) 제약조건 적용 중...
[INFO] 신지영: 최소 휴무일 3일 적용 (대상: ['Off'])
[INFO] 신지영: 주당 최대 60시간, 월 180-220시간 (목표: 200시간)
[INFO] 정소영 (간호) 제약조건 적용 중...
[INFO] 정소영: 최소 휴무일 3일 적용 (대상: ['Off'])
[INFO] 정소영: 주당 최대 60시간, 월 173-212시간 (목표: 193시간)
[INFO] 한소영 (간호) 제약조건 적용 중...
[INFO] 한소영: 최소 휴무일 3일 적용 (대상: ['Off'])
[INFO] 한소영: 주당 최대 60시간, 월 171-210시간 (목표: 191시간)
[INFO] 정상훈 (간호) 제약조건 적용 중...
[INFO] 정상훈: 최소 휴무일 3일 적용 (대상: ['Off'])
[INFO] 정상훈: 주당 최대 60시간, 월 174-213시간 (목표: 194시간)
[INFO] 오지영 (간호) 제약조건 적용 중...
[INFO] 오지영: 최소 휴무일 3일 적용 (대상: ['Off'])
[INFO] 오지영: 주당 최대 60시간, 월 166-204시간 (목표: 186시간)
[INFO] 류지영 (간호) 제약조건 적용 중...
[INFO] 류지영: 최소 휴무일 3일 적용 (대상: ['Off'])
[INFO] 류지영: 주당 최대 60시간, 월 160-198시간 (목표: 180시간)
[INFO] 강정희 (간호) 제약조건 적용 중...
[INFO] 강정희: 최소 휴무일 3일 적용 (대상: ['Off'])
[INFO] 강정희: 주당 최대 60시간, 월 185-225시간 (목표: 205시간)
[INFO] 장현우 (간호) 제약조건 적용 중...
[INFO] 장현우: 최소 휴무일 3일 적용 (대상: ['Off'])
[INFO] 장현우: 주당 최대 60시간, 월 167-205시간 (목표: 187시간)
[INFO] 신채영 (간호) 제약조건 적용 중...
[INFO] 신채영: 최소 휴무일 3일 적용 (대상: ['Off'])
[INFO] 신채영: 주당 최대 60시간, 월 184-224시간 (목표: 204시간)
[INFO] 최수빈 (간호) 제약조건 적용 중...
[INFO] 최수빈: 최소 휴무일 3일 적용 (대상: ['Off'])
[INFO] 최수빈: 주당 최대 60시간, 월 163-201시간 (목표: 183시간)
[INFO] 권미영 (간호) 제약조건 적용 중...
[INFO] 권미영: 최소 휴무일 3일 적용 (대상: ['Off'])
[INFO] 권미영: 주당 최대 60시간, 월 172-211시간 (목표: 192시간)
[INFO] 윤미영 (간호) 제약조건 적용 중...
[INFO] 윤미영: 최소 휴무일 3일 적용 (대상: ['Off'])
[INFO] 윤미영: 주당 최대 60시간, 월 169-207시간 (목표: 189시간)
[INFO] 전혜진 (간호) 제약조건 적용 중...
[INFO] 전혜진: 신규간호사 야간 근무 금지 적용 (대상 시프트: ['Night'])
[INFO] 전혜진: 최소 휴무일 3일 적용 (대상: ['Off'])
[INFO] 전혜진: 주당 최대 60시간, 월 188-228시간 (목표: 208시간)
[INFO] 윤채영 (간호) 제약조건 적용 중...
[INFO] 윤채영: 신규간호사 야간 근무 금지 적용 (대상 시프트: ['Night'])
[INFO] 윤채영: 최소 휴무일 3일 적용 (대상: ['Off'])
[INFO] 윤채영: 주당 최대 60시간, 월 166-204시간 (목표: 186시간)
[INFO] 권혜진 (간호) 제약조건 적용 중...
[INFO] 권혜진: 신규간호사 야간 근무 금지 적용 (대상 시프트: ['Night'])
[INFO] 권혜진: 최소 휴무일 3일 적용 (대상: ['Off'])
[INFO] 권혜진: 주당 최대 60시간, 월 187-227시간 (목표: 207시간)
[INFO] 이영희 (간호) 제약조건 적용 중...
[INFO] 이영희: 신규간호사 야간 근무 금지 적용 (대상 시프트: ['Night'])
[INFO] 이영희: 최소 휴무일 3일 적용 (대상: ['Off'])
[INFO] 이영희: 주당 최대 60시간, 월 173-212시간 (목표: 193시간)
[INFO] 야간 근무 균등 분배 활성화 (야간 시프트: ['Night'])
솔버 상태: FEASIBLE
해결 시간: 20.00초
야간 근무 균등성: 2
최대 야간 근무: 2회, 최소 야간 근무: 0회

=== 월 총 근무시간 통계 ===
류철수: 184시간/201시간 (여유: 17시간)
송태현: 188시간/208시간 (여유: 20시간)
임영희: 188시간/205시간 (여유: 17시간)
박영희: 180시간/199시간 (여유: 19시간)
전진우: 168시간/185시간 (여유: 17시간)
한영희: 176시간/189시간 (여유: 13시간)
조태현: 188시간/208시간 (여유: 20시간)
최준호: 180시간/197시간 (여유: 17시간)
송수빈: 176시간/196시간 (여유: 20시간)
신지영: 180시간/200시간 (여유: 20시간)
정소영: 176시간/193시간 (여유: 17시간)
한소영: 172시간/191시간 (여유: 19시간)
정상훈: 176시간/194시간 (여유: 18시간)
오지영: 168시간/186시간 (여유: 18시간)
류지영: 160시간/180시간 (여유: 20시간)
강정희: 188시간/205시간 (여유: 17시간)
장현우: 168시간/187시간 (여유: 19시간)
신채영: 184시간/204시간 (여유: 20시간)
최수빈: 164시간/183시간 (여유: 19시간)
권미영: 172시간/192시간 (여유: 20시간)
윤미영: 172시간/189시간 (여유: 17시간)
전혜진: 196시간/208시간 (여유: 12시간)
윤채영: 188시간/186시간 (여유: -2시간)
권혜진: 196시간/207시간 (여유: 11시간)
이영희: 192시간/193시간 (여유: 1시간)
[INFO] 근무표가 저장되었습니다: ./data/result_schedule.json
[INFO] 연결됨: ('127.0.0.1', 51731)
[DEBUG] 수신된 데이터: {"position": "간호", "shift_type": 3, "target_month": "2025-09", "staff_data": {"staff": [{"name": "한진...
[INFO] 커스텀 규칙 감지: {'shifts': ['Day', 'Night', 'Off'], 'shift_hours': {'Day': 12, 'Night': 12, 'Off': 0}}
[INFO] 요청 받음 - 직군: 간호, 직원 수: 25, 대상 월: 2025-09
[INFO] 커스텀 시프트 적용: ['Day', 'Night', 'Off']
[INFO] 식별된 야간 시프트: ['Night']
[INFO] 식별된 휴무 시프트: ['Off']
[INFO] 대상 월: 2025년 9월 (30일)
[INFO] 한진우 (간호) 제약조건 적용 중...
[INFO] 한진우: 최소 휴무일 3일 적용 (대상: ['Off'])
[INFO] 한진우: 주당 최대 60시간, 월 165-203시간 (목표: 185시간)
[INFO] 한영희 (간호) 제약조건 적용 중...
[INFO] 한영희: 최소 휴무일 3일 적용 (대상: ['Off'])
[INFO] 한영희: 주당 최대 60시간, 월 190-231시간 (목표: 210시간)
[INFO] 오현우 (간호) 제약조건 적용 중...
[INFO] 오현우: 최소 휴무일 3일 적용 (대상: ['Off'])
[INFO] 오현우: 주당 최대 60시간, 월 178-217시간 (목표: 198시간)
[INFO] 전현우 (간호) 제약조건 적용 중...
[INFO] 전현우: 최소 휴무일 3일 적용 (대상: ['Off'])
[INFO] 전현우: 주당 최대 60시간, 월 175-214시간 (목표: 195시간)
[INFO] 류영수 (간호) 제약조건 적용 중...
[INFO] 류영수: 최소 휴무일 3일 적용 (대상: ['Off'])
[INFO] 류영수: 주당 최대 60시간, 월 174-213시간 (목표: 194시간)
[INFO] 한소영 (간호) 제약조건 적용 중...
[INFO] 한소영: 최소 휴무일 3일 적용 (대상: ['Off'])
[INFO] 한소영: 주당 최대 60시간, 월 173-212시간 (목표: 193시간)
[INFO] 서수빈 (간호) 제약조건 적용 중...
[INFO] 서수빈: 최소 휴무일 3일 적용 (대상: ['Off'])
[INFO] 서수빈: 주당 최대 60시간, 월 162-200시간 (목표: 182시간)
[INFO] 권소영 (간호) 제약조건 적용 중...
[INFO] 권소영: 최소 휴무일 3일 적용 (대상: ['Off'])
[INFO] 권소영: 주당 최대 60시간, 월 174-213시간 (목표: 194시간)
[INFO] 윤혜진 (간호) 제약조건 적용 중...
[INFO] 윤혜진: 최소 휴무일 3일 적용 (대상: ['Off'])
[INFO] 윤혜진: 주당 최대 60시간, 월 188-228시간 (목표: 208시간)
[INFO] 권혜진 (간호) 제약조건 적용 중...
[INFO] 권혜진: 최소 휴무일 3일 적용 (대상: ['Off'])
[INFO] 권혜진: 주당 최대 60시간, 월 167-205시간 (목표: 187시간)
[INFO] 권영수 (간호) 제약조건 적용 중...
[INFO] 권영수: 최소 휴무일 3일 적용 (대상: ['Off'])
[INFO] 권영수: 주당 최대 60시간, 월 181-221시간 (목표: 201시간)
[INFO] 오예준 (간호) 제약조건 적용 중...
[INFO] 오예준: 최소 휴무일 3일 적용 (대상: ['Off'])
[INFO] 오예준: 주당 최대 60시간, 월 174-213시간 (목표: 194시간)
[INFO] 임민수 (간호) 제약조건 적용 중...
[INFO] 임민수: 최소 휴무일 3일 적용 (대상: ['Off'])
[INFO] 임민수: 주당 최대 60시간, 월 164-202시간 (목표: 184시간)
[INFO] 오혜진 (간호) 제약조건 적용 중...
[INFO] 오혜진: 최소 휴무일 3일 적용 (대상: ['Off'])
[INFO] 오혜진: 주당 최대 60시간, 월 176-215시간 (목표: 196시간)
[INFO] 황승호 (간호) 제약조건 적용 중...
[INFO] 황승호: 최소 휴무일 3일 적용 (대상: ['Off'])
[INFO] 황승호: 주당 최대 60시간, 월 173-212시간 (목표: 193시간)
[INFO] 권민수 (간호) 제약조건 적용 중...
[INFO] 권민수: 최소 휴무일 3일 적용 (대상: ['Off'])
[INFO] 권민수: 주당 최대 60시간, 월 162-200시간 (목표: 182시간)
[INFO] 윤도현 (간호) 제약조건 적용 중...
[INFO] 윤도현: 최소 휴무일 3일 적용 (대상: ['Off'])
[INFO] 윤도현: 주당 최대 60시간, 월 175-214시간 (목표: 195시간)
[INFO] 전영수 (간호) 제약조건 적용 중...
[INFO] 전영수: 최소 휴무일 3일 적용 (대상: ['Off'])
[INFO] 전영수: 주당 최대 60시간, 월 179-218시간 (목표: 199시간)
[INFO] 권준호 (간호) 제약조건 적용 중...
[INFO] 권준호: 최소 휴무일 3일 적용 (대상: ['Off'])
[INFO] 권준호: 주당 최대 60시간, 월 186-226시간 (목표: 206시간)
[INFO] 강정희 (간호) 제약조건 적용 중...
[INFO] 강정희: 최소 휴무일 3일 적용 (대상: ['Off'])
[INFO] 강정희: 주당 최대 60시간, 월 182-222시간 (목표: 202시간)
[INFO] 최상훈 (간호) 제약조건 적용 중...
[INFO] 최상훈: 최소 휴무일 3일 적용 (대상: ['Off'])
[INFO] 최상훈: 주당 최대 60시간, 월 162-200시간 (목표: 182시간)
[INFO] 최소영 (간호) 제약조건 적용 중...
[INFO] 최소영: 신규간호사 야간 근무 금지 적용 (대상 시프트: ['Night'])
[INFO] 최소영: 최소 휴무일 3일 적용 (대상: ['Off'])
[INFO] 최소영: 주당 최대 60시간, 월 181-221시간 (목표: 201시간)
[INFO] 한채영 (간호) 제약조건 적용 중...
[INFO] 한채영: 신규간호사 야간 근무 금지 적용 (대상 시프트: ['Night'])
[INFO] 한채영: 최소 휴무일 3일 적용 (대상: ['Off'])
[INFO] 한채영: 주당 최대 60시간, 월 181-221시간 (목표: 201시간)
[INFO] 김정희 (간호) 제약조건 적용 중...
[INFO] 김정희: 신규간호사 야간 근무 금지 적용 (대상 시프트: ['Night'])
[INFO] 김정희: 최소 휴무일 3일 적용 (대상: ['Off'])
[INFO] 김정희: 주당 최대 60시간, 월 178-217시간 (목표: 198시간)
[INFO] 한수빈 (간호) 제약조건 적용 중...
[INFO] 한수빈: 신규간호사 야간 근무 금지 적용 (대상 시프트: ['Night'])
[INFO] 한수빈: 최소 휴무일 3일 적용 (대상: ['Off'])
[INFO] 한수빈: 주당 최대 60시간, 월 185-225시간 (목표: 205시간)
[INFO] 야간 근무 균등 분배 활성화 (야간 시프트: ['Night'])
솔버 상태: FEASIBLE
해결 시간: 19.98초
야간 근무 균등성: 2
최대 야간 근무: 2회, 최소 야간 근무: 0회

=== 월 총 근무시간 통계 ===
한진우: 168시간/185시간 (여유: 17시간)
한영희: 192시간/210시간 (여유: 18시간)
오현우: 180시간/198시간 (여유: 18시간)
전현우: 180시간/195시간 (여유: 15시간)
류영수: 180시간/194시간 (여유: 14시간)
한소영: 180시간/193시간 (여유: 13시간)
서수빈: 168시간/182시간 (여유: 14시간)
권소영: 180시간/194시간 (여유: 14시간)
윤혜진: 192시간/208시간 (여유: 16시간)
권혜진: 168시간/187시간 (여유: 19시간)
권영수: 192시간/201시간 (여유: 9시간)
오예준: 180시간/194시간 (여유: 14시간)
임민수: 168시간/184시간 (여유: 16시간)
오혜진: 180시간/196시간 (여유: 16시간)
황승호: 180시간/193시간 (여유: 13시간)
권민수: 168시간/182시간 (여유: 14시간)
윤도현: 180시간/195시간 (여유: 15시간)
전영수: 180시간/199시간 (여유: 19시간)
권준호: 192시간/206시간 (여유: 14시간)
강정희: 192시간/202시간 (여유: 10시간)
최상훈: 168시간/182시간 (여유: 14시간)
최소영: 192시간/201시간 (여유: 9시간)
한채영: 192시간/201시간 (여유: 9시간)
김정희: 180시간/198시간 (여유: 18시간)
한수빈: 192시간/205시간 (여유: 13시간)
[INFO] 근무표가 저장되었습니다: ./data/result_schedule.json
[INFO] 연결됨: ('127.0.0.1', 51734)
[DEBUG] 수신된 데이터: {"position": "간호", "shift_type": 3, "target_month": "2025-09", "staff_data": {"staff": [{"name": "오상...
[INFO] 커스텀 규칙 감지: {'shifts': ['D', 'N', 'O'], 'shift_hours': {'D': 10, 'N': 14, 'O': 0}}
[INFO] 요청 받음 - 직군: 간호, 직원 수: 25, 대상 월: 2025-09
[INFO] 커스텀 시프트 적용: ['D', 'N', 'O']
[INFO] 식별된 야간 시프트: ['N']
[INFO] 식별된 휴무 시프트: ['O']
[INFO] 대상 월: 2025년 9월 (30일)
[INFO] 오상훈 (간호) 제약조건 적용 중...
[INFO] 오상훈: 최소 휴무일 3일 적용 (대상: ['O'])
[INFO] 오상훈: 주당 최대 60시간, 월 182-222시간 (목표: 202시간)
[INFO] 한미영 (간호) 제약조건 적용 중...
[INFO] 한미영: 최소 휴무일 3일 적용 (대상: ['O'])
[INFO] 한미영: 주당 최대 60시간, 월 178-217시간 (목표: 198시간)
[INFO] 최영희 (간호) 제약조건 적용 중...
[INFO] 최영희: 최소 휴무일 3일 적용 (대상: ['O'])
[INFO] 최영희: 주당 최대 60시간, 월 178-217시간 (목표: 198시간)
[INFO] 조채영 (간호) 제약조건 적용 중...
[INFO] 조채영: 최소 휴무일 3일 적용 (대상: ['O'])
[INFO] 조채영: 주당 최대 60시간, 월 189-229시간 (목표: 209시간)
[INFO] 전철수 (간호) 제약조건 적용 중...
[INFO] 전철수: 최소 휴무일 3일 적용 (대상: ['O'])
[INFO] 전철수: 주당 최대 60시간, 월 181-221시간 (목표: 201시간)
[INFO] 윤상훈 (간호) 제약조건 적용 중...
[INFO] 윤상훈: 최소 휴무일 3일 적용 (대상: ['O'])
[INFO] 윤상훈: 주당 최대 60시간, 월 170-209시간 (목표: 190시간)
[INFO] 오지영 (간호) 제약조건 적용 중...
[INFO] 오지영: 최소 휴무일 3일 적용 (대상: ['O'])
[INFO] 오지영: 주당 최대 60시간, 월 185-225시간 (목표: 205시간)
[INFO] 류현우 (간호) 제약조건 적용 중...
[INFO] 류현우: 최소 휴무일 3일 적용 (대상: ['O'])
[INFO] 류현우: 주당 최대 60시간, 월 160-198시간 (목표: 180시간)
[INFO] 한채영 (간호) 제약조건 적용 중...
[INFO] 한채영: 최소 휴무일 3일 적용 (대상: ['O'])
[INFO] 한채영: 주당 최대 60시간, 월 168-206시간 (목표: 188시간)
[INFO] 신도현 (간호) 제약조건 적용 중...
[INFO] 신도현: 최소 휴무일 3일 적용 (대상: ['O'])
[INFO] 신도현: 주당 최대 60시간, 월 173-212시간 (목표: 193시간)
[INFO] 윤영수 (간호) 제약조건 적용 중...
[INFO] 윤영수: 최소 휴무일 3일 적용 (대상: ['O'])
[INFO] 윤영수: 주당 최대 60시간, 월 182-222시간 (목표: 202시간)
[INFO] 류진우 (간호) 제약조건 적용 중...
[INFO] 류진우: 최소 휴무일 3일 적용 (대상: ['O'])
[INFO] 류진우: 주당 최대 60시간, 월 162-200시간 (목표: 182시간)
[INFO] 송태현 (간호) 제약조건 적용 중...
[INFO] 송태현: 최소 휴무일 3일 적용 (대상: ['O'])
[INFO] 송태현: 주당 최대 60시간, 월 170-209시간 (목표: 190시간)
[INFO] 오혜진 (간호) 제약조건 적용 중...
[INFO] 오혜진: 최소 휴무일 3일 적용 (대상: ['O'])
[INFO] 오혜진: 주당 최대 60시간, 월 161-199시간 (목표: 181시간)
[INFO] 김영수 (간호) 제약조건 적용 중...
[INFO] 김영수: 최소 휴무일 3일 적용 (대상: ['O'])
[INFO] 김영수: 주당 최대 60시간, 월 190-231시간 (목표: 210시간)
[INFO] 김소영 (간호) 제약조건 적용 중...
[INFO] 김소영: 최소 휴무일 3일 적용 (대상: ['O'])
[INFO] 김소영: 주당 최대 60시간, 월 167-205시간 (목표: 187시간)
[INFO] 송정희 (간호) 제약조건 적용 중...
[INFO] 송정희: 최소 휴무일 3일 적용 (대상: ['O'])
[INFO] 송정희: 주당 최대 60시간, 월 183-223시간 (목표: 203시간)
[INFO] 오영수 (간호) 제약조건 적용 중...
[INFO] 오영수: 최소 휴무일 3일 적용 (대상: ['O'])
[INFO] 오영수: 주당 최대 60시간, 월 168-206시간 (목표: 188시간)
[INFO] 권태현 (간호) 제약조건 적용 중...
[INFO] 권태현: 최소 휴무일 3일 적용 (대상: ['O'])
[INFO] 권태현: 주당 최대 60시간, 월 173-212시간 (목표: 193시간)
[INFO] 이정희 (간호) 제약조건 적용 중...
[INFO] 이정희: 최소 휴무일 3일 적용 (대상: ['O'])
[INFO] 이정희: 주당 최대 60시간, 월 175-214시간 (목표: 195시간)
[INFO] 이진우 (간호) 제약조건 적용 중...
[INFO] 이진우: 최소 휴무일 3일 적용 (대상: ['O'])
[INFO] 이진우: 주당 최대 60시간, 월 163-201시간 (목표: 183시간)
[INFO] 임민수 (간호) 제약조건 적용 중...
[INFO] 임민수: 신규간호사 야간 근무 금지 적용 (대상 시프트: ['N'])
[INFO] 임민수: 최소 휴무일 3일 적용 (대상: ['O'])
[INFO] 임민수: 주당 최대 60시간, 월 181-221시간 (목표: 201시간)
[INFO] 김미영 (간호) 제약조건 적용 중...
[INFO] 김미영: 신규간호사 야간 근무 금지 적용 (대상 시프트: ['N'])
[INFO] 김미영: 최소 휴무일 3일 적용 (대상: ['O'])
[INFO] 김미영: 주당 최대 60시간, 월 168-206시간 (목표: 188시간)
[INFO] 서영수 (간호) 제약조건 적용 중...
[INFO] 서영수: 신규간호사 야간 근무 금지 적용 (대상 시프트: ['N'])
[INFO] 서영수: 최소 휴무일 3일 적용 (대상: ['O'])
[INFO] 서영수: 주당 최대 60시간, 월 182-222시간 (목표: 202시간)
[INFO] 전태현 (간호) 제약조건 적용 중...
[INFO] 전태현: 신규간호사 야간 근무 금지 적용 (대상 시프트: ['N'])
[INFO] 전태현: 최소 휴무일 3일 적용 (대상: ['O'])
[INFO] 전태현: 주당 최대 60시간, 월 180-220시간 (목표: 200시간)
[INFO] 야간 근무 균등 분배 활성화 (야간 시프트: ['N'])
솔버 상태: FEASIBLE
해결 시간: 20.00초
야간 근무 균등성: 2
최대 야간 근무: 2회, 최소 야간 근무: 0회

=== 월 총 근무시간 통계 ===
오상훈: 208시간/202시간 (여유: -6시간)
한미영: 188시간/198시간 (여유: 10시간)
최영희: 184시간/198시간 (여유: 14시간)
조채영: 198시간/209시간 (여유: 11시간)
전철수: 184시간/201시간 (여유: 17시간)
윤상훈: 170시간/190시간 (여유: 20시간)
오지영: 198시간/205시간 (여유: 7시간)
류현우: 168시간/180시간 (여유: 12시간)
한채영: 168시간/188시간 (여유: 20시간)
신도현: 178시간/193시간 (여유: 15시간)
윤영수: 184시간/202시간 (여유: 18시간)
류진우: 170시간/182시간 (여유: 12시간)
송태현: 174시간/190시간 (여유: 16시간)
오혜진: 168시간/181시간 (여유: 13시간)
김영수: 198시간/210시간 (여유: 12시간)
김소영: 168시간/187시간 (여유: 19시간)
송정희: 188시간/203시간 (여유: 15시간)
오영수: 174시간/188시간 (여유: 14시간)
권태현: 178시간/193시간 (여유: 15시간)
이정희: 178시간/195시간 (여유: 17시간)
이진우: 168시간/183시간 (여유: 15시간)
임민수: 190시간/201시간 (여유: 11시간)
김미영: 170시간/188시간 (여유: 18시간)
서영수: 190시간/202시간 (여유: 12시간)
전태현: 180시간/200시간 (여유: 20시간)
[INFO] 근무표가 저장되었습니다: ./data/result_schedule.json
[INFO] 연결됨: ('127.0.0.1', 51739)
[DEBUG] 수신된 데이터: {"position": "간호", "shift_type": 3, "target_month": "2025-09", "staff_data": {"staff": [{"name": "송소...
[INFO] 커스텀 규칙 감지: {'shifts': ['주간', '야간', '휴무'], 'shift_hours': {'주간': 12, '야간': 12, '휴무': 0}}
[INFO] 요청 받음 - 직군: 간호, 직원 수: 25, 대상 월: 2025-09
[INFO] 커스텀 시프트 적용: ['주간', '야간', '휴무']
[INFO] 식별된 야간 시프트: ['야간']
[INFO] 식별된 휴무 시프트: ['휴무']
[INFO] 대상 월: 2025년 9월 (30일)
[INFO] 송소영 (간호) 제약조건 적용 중...
[INFO] 송소영: 최소 휴무일 3일 적용 (대상: ['휴무'])
[INFO] 송소영: 주당 최대 60시간, 월 163-201시간 (목표: 183시간)
[INFO] 안진우 (간호) 제약조건 적용 중...
[INFO] 안진우: 최소 휴무일 3일 적용 (대상: ['휴무'])
[INFO] 안진우: 주당 최대 60시간, 월 190-231시간 (목표: 210시간)
[INFO] 임미영 (간호) 제약조건 적용 중...
[INFO] 임미영: 최소 휴무일 3일 적용 (대상: ['휴무'])
[INFO] 임미영: 주당 최대 60시간, 월 171-210시간 (목표: 191시간)
[INFO] 이영수 (간호) 제약조건 적용 중...
[INFO] 이영수: 최소 휴무일 3일 적용 (대상: ['휴무'])
[INFO] 이영수: 주당 최대 60시간, 월 179-218시간 (목표: 199시간)
[INFO] 정지영 (간호) 제약조건 적용 중...
[INFO] 정지영: 최소 휴무일 3일 적용 (대상: ['휴무'])
[INFO] 정지영: 주당 최대 60시간, 월 174-213시간 (목표: 194시간)
[INFO] 전영수 (간호) 제약조건 적용 중...
[INFO] 전영수: 최소 휴무일 3일 적용 (대상: ['휴무'])
[INFO] 전영수: 주당 최대 60시간, 월 180-220시간 (목표: 200시간)
[INFO] 황승호 (간호) 제약조건 적용 중...
[INFO] 황승호: 최소 휴무일 3일 적용 (대상: ['휴무'])
[INFO] 황승호: 주당 최대 60시간, 월 175-214시간 (목표: 195시간)
[INFO] 조민수 (간호) 제약조건 적용 중...
[INFO] 조민수: 최소 휴무일 3일 적용 (대상: ['휴무'])
[INFO] 조민수: 주당 최대 60시간, 월 171-210시간 (목표: 191시간)
[INFO] 조영수 (간호) 제약조건 적용 중...
[INFO] 조영수: 최소 휴무일 3일 적용 (대상: ['휴무'])
[INFO] 조영수: 주당 최대 60시간, 월 170-209시간 (목표: 190시간)
[INFO] 정태현 (간호) 제약조건 적용 중...
[INFO] 정태현: 최소 휴무일 3일 적용 (대상: ['휴무'])
[INFO] 정태현: 주당 최대 60시간, 월 170-209시간 (목표: 190시간)
[INFO] 류준호 (간호) 제약조건 적용 중...
[INFO] 류준호: 최소 휴무일 3일 적용 (대상: ['휴무'])
[INFO] 류준호: 주당 최대 60시간, 월 188-228시간 (목표: 208시간)
[INFO] 신정희 (간호) 제약조건 적용 중...
[INFO] 신정희: 최소 휴무일 3일 적용 (대상: ['휴무'])
[INFO] 신정희: 주당 최대 60시간, 월 183-223시간 (목표: 203시간)
[INFO] 안민수 (간호) 제약조건 적용 중...
[INFO] 안민수: 최소 휴무일 3일 적용 (대상: ['휴무'])
[INFO] 안민수: 주당 최대 60시간, 월 163-201시간 (목표: 183시간)
[INFO] 오도현 (간호) 제약조건 적용 중...
[INFO] 오도현: 최소 휴무일 3일 적용 (대상: ['휴무'])
[INFO] 오도현: 주당 최대 60시간, 월 185-225시간 (목표: 205시간)
[INFO] 오민수 (간호) 제약조건 적용 중...
[INFO] 오민수: 최소 휴무일 3일 적용 (대상: ['휴무'])
[INFO] 오민수: 주당 최대 60시간, 월 174-213시간 (목표: 194시간)
[INFO] 정소영 (간호) 제약조건 적용 중...
[INFO] 정소영: 최소 휴무일 3일 적용 (대상: ['휴무'])
[INFO] 정소영: 주당 최대 60시간, 월 168-206시간 (목표: 188시간)
[INFO] 전지영 (간호) 제약조건 적용 중...
[INFO] 전지영: 최소 휴무일 3일 적용 (대상: ['휴무'])
[INFO] 전지영: 주당 최대 60시간, 월 179-218시간 (목표: 199시간)
[INFO] 김지영 (간호) 제약조건 적용 중...
[INFO] 김지영: 최소 휴무일 3일 적용 (대상: ['휴무'])
[INFO] 김지영: 주당 최대 60시간, 월 167-205시간 (목표: 187시간)
[INFO] 김채영 (간호) 제약조건 적용 중...
[INFO] 김채영: 최소 휴무일 3일 적용 (대상: ['휴무'])
[INFO] 김채영: 주당 최대 60시간, 월 167-205시간 (목표: 187시간)
[INFO] 최수빈 (간호) 제약조건 적용 중...
[INFO] 최수빈: 최소 휴무일 3일 적용 (대상: ['휴무'])
[INFO] 최수빈: 주당 최대 60시간, 월 185-225시간 (목표: 205시간)
[INFO] 류태현 (간호) 제약조건 적용 중...
[INFO] 류태현: 최소 휴무일 3일 적용 (대상: ['휴무'])
[INFO] 류태현: 주당 최대 60시간, 월 176-215시간 (목표: 196시간)
[INFO] 전정희 (간호) 제약조건 적용 중...
[INFO] 전정희: 신규간호사 야간 근무 금지 적용 (대상 시프트: ['야간'])
[INFO] 전정희: 최소 휴무일 3일 적용 (대상: ['휴무'])
[INFO] 전정희: 주당 최대 60시간, 월 188-228시간 (목표: 208시간)
[INFO] 안영희 (간호) 제약조건 적용 중...
[INFO] 안영희: 신규간호사 야간 근무 금지 적용 (대상 시프트: ['야간'])
[INFO] 안영희: 최소 휴무일 3일 적용 (대상: ['휴무'])
[INFO] 안영희: 주당 최대 60시간, 월 174-213시간 (목표: 194시간)
[INFO] 전태현 (간호) 제약조건 적용 중...
[INFO] 전태현: 신규간호사 야간 근무 금지 적용 (대상 시프트: ['야간'])
[INFO] 전태현: 최소 휴무일 3일 적용 (대상: ['휴무'])
[INFO] 전태현: 주당 최대 60시간, 월 179-218시간 (목표: 199시간)
[INFO] 오철수 (간호) 제약조건 적용 중...
[INFO] 오철수: 신규간호사 야간 근무 금지 적용 (대상 시프트: ['야간'])
[INFO] 오철수: 최소 휴무일 3일 적용 (대상: ['휴무'])
[INFO] 오철수: 주당 최대 60시간, 월 188-228시간 (목표: 208시간)
[INFO] 야간 근무 균등 분배 활성화 (야간 시프트: ['야간'])
솔버 상태: FEASIBLE
해결 시간: 20.00초
야간 근무 균등성: 2
최대 야간 근무: 2회, 최소 야간 근무: 0회

=== 월 총 근무시간 통계 ===
송소영: 168시간/183시간 (여유: 15시간)
안진우: 192시간/210시간 (여유: 18시간)
임미영: 180시간/191시간 (여유: 11시간)
이영수: 180시간/199시간 (여유: 19시간)
정지영: 180시간/194시간 (여유: 14시간)
전영수: 180시간/200시간 (여유: 20시간)
황승호: 180시간/195시간 (여유: 15시간)
조민수: 180시간/191시간 (여유: 11시간)
조영수: 180시간/190시간 (여유: 10시간)
정태현: 180시간/190시간 (여유: 10시간)
류준호: 192시간/208시간 (여유: 16시간)
신정희: 192시간/203시간 (여유: 11시간)
안민수: 168시간/183시간 (여유: 15시간)
오도현: 192시간/205시간 (여유: 13시간)
오민수: 180시간/194시간 (여유: 14시간)
정소영: 168시간/188시간 (여유: 20시간)
전지영: 180시간/199시간 (여유: 19시간)
김지영: 168시간/187시간 (여유: 19시간)
김채영: 168시간/187시간 (여유: 19시간)
최수빈: 192시간/205시간 (여유: 13시간)
류태현: 180시간/196시간 (여유: 16시간)
전정희: 192시간/208시간 (여유: 16시간)
안영희: 180시간/194시간 (여유: 14시간)
전태현: 180시간/199시간 (여유: 19시간)
오철수: 192시간/208시간 (여유: 16시간)
[INFO] 근무표가 저장되었습니다: ./data/result_schedule.json
[INFO] 연결됨: ('127.0.0.1', 51743)
[DEBUG] 수신된 데이터: {"position": "간호", "shift_type": 3, "target_month": "2025-09", "staff_data": {"staff": [{"name": "서채...
[INFO] 커스텀 규칙 감지: {'shifts': ['AM', 'PM', 'Night', 'Off'], 'shift_hours': {'AM': 6, 'PM': 6, 'Night': 12, 'Off': 0}}
[INFO] 요청 받음 - 직군: 간호, 직원 수: 25, 대상 월: 2025-09
[INFO] 커스텀 시프트 적용: ['AM', 'PM', 'Night', 'Off']
[INFO] 식별된 야간 시프트: ['Night']
[INFO] 식별된 휴무 시프트: ['Off']
[INFO] 대상 월: 2025년 9월 (30일)
[INFO] 서채영 (간호) 제약조건 적용 중...
[INFO] 서채영: 최소 휴무일 3일 적용 (대상: ['Off'])
[INFO] 서채영: 주당 최대 60시간, 월 168-206시간 (목표: 188시간)
[INFO] 서진우 (간호) 제약조건 적용 중...
[INFO] 서진우: 최소 휴무일 3일 적용 (대상: ['Off'])
[INFO] 서진우: 주당 최대 60시간, 월 180-220시간 (목표: 200시간)
[INFO] 전수빈 (간호) 제약조건 적용 중...
[INFO] 전수빈: 최소 휴무일 3일 적용 (대상: ['Off'])
[INFO] 전수빈: 주당 최대 60시간, 월 186-226시간 (목표: 206시간)
[INFO] 신태현 (간호) 제약조건 적용 중...
[INFO] 신태현: 최소 휴무일 3일 적용 (대상: ['Off'])
[INFO] 신태현: 주당 최대 60시간, 월 168-206시간 (목표: 188시간)
[INFO] 임영희 (간호) 제약조건 적용 중...
[INFO] 임영희: 최소 휴무일 3일 적용 (대상: ['Off'])
[INFO] 임영희: 주당 최대 60시간, 월 179-218시간 (목표: 199시간)
[INFO] 김진우 (간호) 제약조건 적용 중...
[INFO] 김진우: 최소 휴무일 3일 적용 (대상: ['Off'])
[INFO] 김진우: 주당 최대 60시간, 월 186-226시간 (목표: 206시간)
[INFO] 송철수 (간호) 제약조건 적용 중...
[INFO] 송철수: 최소 휴무일 3일 적용 (대상: ['Off'])
[INFO] 송철수: 주당 최대 60시간, 월 188-228시간 (목표: 208시간)
[INFO] 전영수 (간호) 제약조건 적용 중...
[INFO] 전영수: 최소 휴무일 3일 적용 (대상: ['Off'])
[INFO] 전영수: 주당 최대 60시간, 월 167-205시간 (목표: 187시간)
[INFO] 임정희 (간호) 제약조건 적용 중...
[INFO] 임정희: 최소 휴무일 3일 적용 (대상: ['Off'])
[INFO] 임정희: 주당 최대 60시간, 월 171-210시간 (목표: 191시간)
[INFO] 신상훈 (간호) 제약조건 적용 중...
[INFO] 신상훈: 최소 휴무일 3일 적용 (대상: ['Off'])
[INFO] 신상훈: 주당 최대 60시간, 월 173-212시간 (목표: 193시간)
[INFO] 송승호 (간호) 제약조건 적용 중...
[INFO] 송승호: 최소 휴무일 3일 적용 (대상: ['Off'])
[INFO] 송승호: 주당 최대 60시간, 월 169-207시간 (목표: 189시간)
[INFO] 권태현 (간호) 제약조건 적용 중...
[INFO] 권태현: 최소 휴무일 3일 적용 (대상: ['Off'])
[INFO] 권태현: 주당 최대 60시간, 월 174-213시간 (목표: 194시간)
[INFO] 황수빈 (간호) 제약조건 적용 중...
[INFO] 황수빈: 최소 휴무일 3일 적용 (대상: ['Off'])
[INFO] 황수빈: 주당 최대 60시간, 월 177-216시간 (목표: 197시간)
[INFO] 김도현 (간호) 제약조건 적용 중...
[INFO] 김도현: 최소 휴무일 3일 적용 (대상: ['Off'])
[INFO] 김도현: 주당 최대 60시간, 월 170-209시간 (목표: 190시간)
[INFO] 박현우 (간호) 제약조건 적용 중...
[INFO] 박현우: 최소 휴무일 3일 적용 (대상: ['Off'])
[INFO] 박현우: 주당 최대 60시간, 월 165-203시간 (목표: 185시간)
[INFO] 강현우 (간호) 제약조건 적용 중...
[INFO] 강현우: 최소 휴무일 3일 적용 (대상: ['Off'])
[INFO] 강현우: 주당 최대 60시간, 월 187-227시간 (목표: 207시간)
[INFO] 조채영 (간호) 제약조건 적용 중...
[INFO] 조채영: 최소 휴무일 3일 적용 (대상: ['Off'])
[INFO] 조채영: 주당 최대 60시간, 월 178-217시간 (목표: 198시간)
[INFO] 장미영 (간호) 제약조건 적용 중...
[INFO] 장미영: 최소 휴무일 3일 적용 (대상: ['Off'])
[INFO] 장미영: 주당 최대 60시간, 월 182-222시간 (목표: 202시간)
[INFO] 권현우 (간호) 제약조건 적용 중...
[INFO] 권현우: 최소 휴무일 3일 적용 (대상: ['Off'])
[INFO] 권현우: 주당 최대 60시간, 월 190-231시간 (목표: 210시간)
[INFO] 이태현 (간호) 제약조건 적용 중...
[INFO] 이태현: 최소 휴무일 3일 적용 (대상: ['Off'])
[INFO] 이태현: 주당 최대 60시간, 월 173-212시간 (목표: 193시간)
[INFO] 임태현 (간호) 제약조건 적용 중...
[INFO] 임태현: 최소 휴무일 3일 적용 (대상: ['Off'])
[INFO] 임태현: 주당 최대 60시간, 월 187-227시간 (목표: 207시간)
[INFO] 황민수 (간호) 제약조건 적용 중...
[INFO] 황민수: 신규간호사 야간 근무 금지 적용 (대상 시프트: ['Night'])
[INFO] 황민수: 최소 휴무일 3일 적용 (대상: ['Off'])
[INFO] 황민수: 주당 최대 60시간, 월 188-228시간 (목표: 208시간)
[INFO] 최철수 (간호) 제약조건 적용 중...
[INFO] 최철수: 신규간호사 야간 근무 금지 적용 (대상 시프트: ['Night'])
[INFO] 최철수: 최소 휴무일 3일 적용 (대상: ['Off'])
[INFO] 최철수: 주당 최대 60시간, 월 169-207시간 (목표: 189시간)
[INFO] 최영수 (간호) 제약조건 적용 중...
[INFO] 최영수: 신규간호사 야간 근무 금지 적용 (대상 시프트: ['Night'])
[INFO] 최영수: 최소 휴무일 3일 적용 (대상: ['Off'])
[INFO] 최영수: 주당 최대 60시간, 월 167-205시간 (목표: 187시간)
[INFO] 김철수 (간호) 제약조건 적용 중...
[INFO] 김철수: 신규간호사 야간 근무 금지 적용 (대상 시프트: ['Night'])
[INFO] 김철수: 최소 휴무일 3일 적용 (대상: ['Off'])
[INFO] 김철수: 주당 최대 60시간, 월 174-213시간 (목표: 194시간)
[INFO] 야간 근무 균등 분배 활성화 (야간 시프트: ['Night'])
솔버 상태: INFEASIBLE
해결 시간: 0.03초
[INFO] 연결됨: ('127.0.0.1', 51744)
[DEBUG] 수신된 데이터: {"position": "간호", "shift_type": 3, "target_month": "2025-09", "staff_data": {"staff": [{"name": "정수...
[INFO] 커스텀 규칙 감지: {'shifts': ['오전', '야간', '휴무'], 'shift_hours': {'오전': 8, '야간': 16, '휴무': 0}}
[INFO] 요청 받음 - 직군: 간호, 직원 수: 25, 대상 월: 2025-09
[INFO] 커스텀 시프트 적용: ['오전', '야간', '휴무']
[INFO] 식별된 야간 시프트: ['야간']
[INFO] 식별된 휴무 시프트: ['휴무']
[INFO] 대상 월: 2025년 9월 (30일)
[INFO] 정수빈 (간호) 제약조건 적용 중...
[INFO] 정수빈: 최소 휴무일 3일 적용 (대상: ['휴무'])
[INFO] 정수빈: 주당 최대 60시간, 월 173-212시간 (목표: 193시간)
[INFO] 김진우 (간호) 제약조건 적용 중...
[INFO] 김진우: 최소 휴무일 3일 적용 (대상: ['휴무'])
[INFO] 김진우: 주당 최대 60시간, 월 161-199시간 (목표: 181시간)
[INFO] 최진우 (간호) 제약조건 적용 중...
[INFO] 최진우: 최소 휴무일 3일 적용 (대상: ['휴무'])
[INFO] 최진우: 주당 최대 60시간, 월 179-218시간 (목표: 199시간)
[INFO] 조민수 (간호) 제약조건 적용 중...
[INFO] 조민수: 최소 휴무일 3일 적용 (대상: ['휴무'])
[INFO] 조민수: 주당 최대 60시간, 월 172-211시간 (목표: 192시간)
[INFO] 최정희 (간호) 제약조건 적용 중...
[INFO] 최정희: 최소 휴무일 3일 적용 (대상: ['휴무'])
[INFO] 최정희: 주당 최대 60시간, 월 190-231시간 (목표: 210시간)
[INFO] 신민수 (간호) 제약조건 적용 중...
[INFO] 신민수: 최소 휴무일 3일 적용 (대상: ['휴무'])
[INFO] 신민수: 주당 최대 60시간, 월 173-212시간 (목표: 193시간)
[INFO] 조승호 (간호) 제약조건 적용 중...
[INFO] 조승호: 최소 휴무일 3일 적용 (대상: ['휴무'])
[INFO] 조승호: 주당 최대 60시간, 월 181-221시간 (목표: 201시간)
[INFO] 이수빈 (간호) 제약조건 적용 중...
[INFO] 이수빈: 최소 휴무일 3일 적용 (대상: ['휴무'])
[INFO] 이수빈: 주당 최대 60시간, 월 161-199시간 (목표: 181시간)
[INFO] 최민수 (간호) 제약조건 적용 중...
[INFO] 최민수: 최소 휴무일 3일 적용 (대상: ['휴무'])
[INFO] 최민수: 주당 최대 60시간, 월 174-213시간 (목표: 194시간)
[INFO] 조승호 (간호) 제약조건 적용 중...
[INFO] 조승호: 최소 휴무일 3일 적용 (대상: ['휴무'])
[INFO] 조승호: 주당 최대 60시간, 월 189-229시간 (목표: 209시간)
[INFO] 최도현 (간호) 제약조건 적용 중...
[INFO] 최도현: 최소 휴무일 3일 적용 (대상: ['휴무'])
[INFO] 최도현: 주당 최대 60시간, 월 165-203시간 (목표: 185시간)
[INFO] 김미영 (간호) 제약조건 적용 중...
[INFO] 김미영: 최소 휴무일 3일 적용 (대상: ['휴무'])
[INFO] 김미영: 주당 최대 60시간, 월 184-224시간 (목표: 204시간)
[INFO] 박미영 (간호) 제약조건 적용 중...
[INFO] 박미영: 최소 휴무일 3일 적용 (대상: ['휴무'])
[INFO] 박미영: 주당 최대 60시간, 월 183-223시간 (목표: 203시간)
[INFO] 전준호 (간호) 제약조건 적용 중...
[INFO] 전준호: 최소 휴무일 3일 적용 (대상: ['휴무'])
[INFO] 전준호: 주당 최대 60시간, 월 162-200시간 (목표: 182시간)
[INFO] 황상훈 (간호) 제약조건 적용 중...
[INFO] 황상훈: 최소 휴무일 3일 적용 (대상: ['휴무'])
[INFO] 황상훈: 주당 최대 60시간, 월 183-223시간 (목표: 203시간)
[INFO] 류상훈 (간호) 제약조건 적용 중...
[INFO] 류상훈: 최소 휴무일 3일 적용 (대상: ['휴무'])
[INFO] 류상훈: 주당 최대 60시간, 월 180-220시간 (목표: 200시간)
[INFO] 송채영 (간호) 제약조건 적용 중...
[INFO] 송채영: 최소 휴무일 3일 적용 (대상: ['휴무'])
[INFO] 송채영: 주당 최대 60시간, 월 181-221시간 (목표: 201시간)
[INFO] 황태현 (간호) 제약조건 적용 중...
[INFO] 황태현: 최소 휴무일 3일 적용 (대상: ['휴무'])
[INFO] 황태현: 주당 최대 60시간, 월 162-200시간 (목표: 182시간)
[INFO] 안수빈 (간호) 제약조건 적용 중...
[INFO] 안수빈: 최소 휴무일 3일 적용 (대상: ['휴무'])
[INFO] 안수빈: 주당 최대 60시간, 월 173-212시간 (목표: 193시간)
[INFO] 김상훈 (간호) 제약조건 적용 중...
[INFO] 김상훈: 최소 휴무일 3일 적용 (대상: ['휴무'])
[INFO] 김상훈: 주당 최대 60시간, 월 188-228시간 (목표: 208시간)
[INFO] 박현우 (간호) 제약조건 적용 중...
[INFO] 박현우: 최소 휴무일 3일 적용 (대상: ['휴무'])
[INFO] 박현우: 주당 최대 60시간, 월 186-226시간 (목표: 206시간)
[INFO] 최진우 (간호) 제약조건 적용 중...
[INFO] 최진우: 신규간호사 야간 근무 금지 적용 (대상 시프트: ['야간'])
[INFO] 최진우: 최소 휴무일 3일 적용 (대상: ['휴무'])
[INFO] 최진우: 주당 최대 60시간, 월 173-212시간 (목표: 193시간)
[INFO] 안민수 (간호) 제약조건 적용 중...
[INFO] 안민수: 신규간호사 야간 근무 금지 적용 (대상 시프트: ['야간'])
[INFO] 안민수: 최소 휴무일 3일 적용 (대상: ['휴무'])
[INFO] 안민수: 주당 최대 60시간, 월 181-221시간 (목표: 201시간)
[INFO] 류진우 (간호) 제약조건 적용 중...
[INFO] 류진우: 신규간호사 야간 근무 금지 적용 (대상 시프트: ['야간'])
[INFO] 류진우: 최소 휴무일 3일 적용 (대상: ['휴무'])
[INFO] 류진우: 주당 최대 60시간, 월 185-225시간 (목표: 205시간)
[INFO] 안상훈 (간호) 제약조건 적용 중...
[INFO] 안상훈: 신규간호사 야간 근무 금지 적용 (대상 시프트: ['야간'])
[INFO] 안상훈: 최소 휴무일 3일 적용 (대상: ['휴무'])
[INFO] 안상훈: 주당 최대 60시간, 월 187-227시간 (목표: 207시간)
[INFO] 야간 근무 균등 분배 활성화 (야간 시프트: ['야간'])
솔버 상태: FEASIBLE
해결 시간: 20.09초
야간 근무 균등성: 2
최대 야간 근무: 2회, 최소 야간 근무: 0회

=== 월 총 근무시간 통계 ===
정수빈: 184시간/193시간 (여유: 9시간)
김진우: 168시간/181시간 (여유: 13시간)
최진우: 176시간/193시간 (여유: 17시간)
조민수: 192시간/192시간 (여유: 0시간)
최정희: 192시간/210시간 (여유: 18시간)
신민수: 176시간/193시간 (여유: 17시간)
조승호: 192시간/209시간 (여유: 17시간)
이수빈: 168시간/181시간 (여유: 13시간)
최민수: 192시간/194시간 (여유: 2시간)
최도현: 184시간/185시간 (여유: 1시간)
김미영: 184시간/204시간 (여유: 20시간)
박미영: 184시간/203시간 (여유: 19시간)
전준호: 184시간/182시간 (여유: -2시간)
황상훈: 192시간/203시간 (여유: 11시간)
류상훈: 184시간/200시간 (여유: 16시간)
송채영: 184시간/201시간 (여유: 17시간)
황태현: 184시간/182시간 (여유: -2시간)
안수빈: 192시간/193시간 (여유: 1시간)
김상훈: 192시간/208시간 (여유: 16시간)
박현우: 192시간/206시간 (여유: 14시간)
안민수: 184시간/201시간 (여유: 17시간)
류진우: 192시간/205시간 (여유: 13시간)
안상훈: 192시간/207시간 (여유: 15시간)
[INFO] 근무표가 저장되었습니다: ./data/result_schedule.json
[INFO] 연결됨: ('127.0.0.1', 51764)
[DEBUG] 수신된 데이터: {"position": "간호", "shift_type": 3, "target_month": "2025-09", "staff_data": {"staff": [{"name": "권소...
[INFO] 커스텀 규칙 감지: {'shifts': ['D', 'E', 'N', 'Off'], 'shift_hours': {'D': 8, 'E': 8, 'N': 8, 'Off': 0}}
[INFO] 요청 받음 - 직군: 간호, 직원 수: 25, 대상 월: 2025-09
[INFO] 커스텀 시프트 적용: ['D', 'E', 'N', 'Off']
[INFO] 식별된 야간 시프트: ['N']
[INFO] 식별된 휴무 시프트: ['Off']
[INFO] 대상 월: 2025년 9월 (30일)
[INFO] 권소영 (간호) 제약조건 적용 중...
[INFO] 권소영: 최소 휴무일 3일 적용 (대상: ['Off'])
[INFO] 권소영: 주당 최대 60시간, 월 180-220시간 (목표: 200시간)
[INFO] 류지영 (간호) 제약조건 적용 중...
[INFO] 류지영: 최소 휴무일 3일 적용 (대상: ['Off'])
[INFO] 류지영: 주당 최대 60시간, 월 184-224시간 (목표: 204시간)
[INFO] 이준호 (간호) 제약조건 적용 중...
[INFO] 이준호: 최소 휴무일 3일 적용 (대상: ['Off'])
[INFO] 이준호: 주당 최대 60시간, 월 184-224시간 (목표: 204시간)
[INFO] 최영희 (간호) 제약조건 적용 중...
[INFO] 최영희: 최소 휴무일 3일 적용 (대상: ['Off'])
[INFO] 최영희: 주당 최대 60시간, 월 164-202시간 (목표: 184시간)
[INFO] 한미영 (간호) 제약조건 적용 중...
[INFO] 한미영: 최소 휴무일 3일 적용 (대상: ['Off'])
[INFO] 한미영: 주당 최대 60시간, 월 178-217시간 (목표: 198시간)
[INFO] 안도현 (간호) 제약조건 적용 중...
[INFO] 안도현: 최소 휴무일 3일 적용 (대상: ['Off'])
[INFO] 안도현: 주당 최대 60시간, 월 185-225시간 (목표: 205시간)
[INFO] 윤민수 (간호) 제약조건 적용 중...
[INFO] 윤민수: 최소 휴무일 3일 적용 (대상: ['Off'])
[INFO] 윤민수: 주당 최대 60시간, 월 186-226시간 (목표: 206시간)
[INFO] 강현우 (간호) 제약조건 적용 중...
[INFO] 강현우: 최소 휴무일 3일 적용 (대상: ['Off'])
[INFO] 강현우: 주당 최대 60시간, 월 173-212시간 (목표: 193시간)
[INFO] 임영희 (간호) 제약조건 적용 중...
[INFO] 임영희: 최소 휴무일 3일 적용 (대상: ['Off'])
[INFO] 임영희: 주당 최대 60시간, 월 177-216시간 (목표: 197시간)
[INFO] 조채영 (간호) 제약조건 적용 중...
[INFO] 조채영: 최소 휴무일 3일 적용 (대상: ['Off'])
[INFO] 조채영: 주당 최대 60시간, 월 162-200시간 (목표: 182시간)
[INFO] 전예준 (간호) 제약조건 적용 중...
[INFO] 전예준: 최소 휴무일 3일 적용 (대상: ['Off'])
[INFO] 전예준: 주당 최대 60시간, 월 181-221시간 (목표: 201시간)
[INFO] 서지영 (간호) 제약조건 적용 중...
[INFO] 서지영: 최소 휴무일 3일 적용 (대상: ['Off'])
[INFO] 서지영: 주당 최대 60시간, 월 177-216시간 (목표: 197시간)
[INFO] 송태현 (간호) 제약조건 적용 중...
[INFO] 송태현: 최소 휴무일 3일 적용 (대상: ['Off'])
[INFO] 송태현: 주당 최대 60시간, 월 165-203시간 (목표: 185시간)
[INFO] 강예준 (간호) 제약조건 적용 중...
[INFO] 강예준: 최소 휴무일 3일 적용 (대상: ['Off'])
[INFO] 강예준: 주당 최대 60시간, 월 180-220시간 (목표: 200시간)
[INFO] 최민수 (간호) 제약조건 적용 중...
[INFO] 최민수: 최소 휴무일 3일 적용 (대상: ['Off'])
[INFO] 최민수: 주당 최대 60시간, 월 173-212시간 (목표: 193시간)
[INFO] 박민수 (간호) 제약조건 적용 중...
[INFO] 박민수: 최소 휴무일 3일 적용 (대상: ['Off'])
[INFO] 박민수: 주당 최대 60시간, 월 180-220시간 (목표: 200시간)
[INFO] 류진우 (간호) 제약조건 적용 중...
[INFO] 류진우: 최소 휴무일 3일 적용 (대상: ['Off'])
[INFO] 류진우: 주당 최대 60시간, 월 189-229시간 (목표: 209시간)
[INFO] 류수빈 (간호) 제약조건 적용 중...
[INFO] 류수빈: 최소 휴무일 3일 적용 (대상: ['Off'])
[INFO] 류수빈: 주당 최대 60시간, 월 182-222시간 (목표: 202시간)
[INFO] 권혜진 (간호) 제약조건 적용 중...
[INFO] 권혜진: 최소 휴무일 3일 적용 (대상: ['Off'])
[INFO] 권혜진: 주당 최대 60시간, 월 174-213시간 (목표: 194시간)
[INFO] 임영수 (간호) 제약조건 적용 중...
[INFO] 임영수: 최소 휴무일 3일 적용 (대상: ['Off'])
[INFO] 임영수: 주당 최대 60시간, 월 173-212시간 (목표: 193시간)
[INFO] 류도현 (간호) 제약조건 적용 중...
[INFO] 류도현: 최소 휴무일 3일 적용 (대상: ['Off'])
[INFO] 류도현: 주당 최대 60시간, 월 161-199시간 (목표: 181시간)
[INFO] 이준호 (간호) 제약조건 적용 중...
[INFO] 이준호: 신규간호사 야간 근무 금지 적용 (대상 시프트: ['N'])
[INFO] 이준호: 최소 휴무일 3일 적용 (대상: ['Off'])
[INFO] 이준호: 주당 최대 60시간, 월 187-227시간 (목표: 207시간)
[INFO] 권진우 (간호) 제약조건 적용 중...
[INFO] 권진우: 신규간호사 야간 근무 금지 적용 (대상 시프트: ['N'])
[INFO] 권진우: 최소 휴무일 3일 적용 (대상: ['Off'])
[INFO] 권진우: 주당 최대 60시간, 월 183-223시간 (목표: 203시간)
[INFO] 안현우 (간호) 제약조건 적용 중...
[INFO] 안현우: 신규간호사 야간 근무 금지 적용 (대상 시프트: ['N'])
[INFO] 안현우: 최소 휴무일 3일 적용 (대상: ['Off'])
[INFO] 안현우: 주당 최대 60시간, 월 179-218시간 (목표: 199시간)
[INFO] 박태현 (간호) 제약조건 적용 중...
[INFO] 박태현: 신규간호사 야간 근무 금지 적용 (대상 시프트: ['N'])
[INFO] 박태현: 최소 휴무일 3일 적용 (대상: ['Off'])
[INFO] 박태현: 주당 최대 60시간, 월 187-227시간 (목표: 207시간)
[INFO] 야간 근무 균등 분배 활성화 (야간 시프트: ['N'])
솔버 상태: FEASIBLE
해결 시간: 20.00초
야간 근무 균등성: 2
최대 야간 근무: 2회, 최소 야간 근무: 0회

=== 월 총 근무시간 통계 ===
권소영: 184시간/200시간 (여유: 16시간)
류지영: 184시간/204시간 (여유: 20시간)
이준호: 192시간/207시간 (여유: 15시간)
최영희: 168시간/184시간 (여유: 16시간)
한미영: 184시간/198시간 (여유: 14시간)
안도현: 192시간/205시간 (여유: 13시간)
윤민수: 192시간/206시간 (여유: 14시간)
강현우: 176시간/193시간 (여유: 17시간)
임영희: 184시간/197시간 (여유: 13시간)
조채영: 168시간/182시간 (여유: 14시간)
전예준: 184시간/201시간 (여유: 17시간)
서지영: 184시간/197시간 (여유: 13시간)
송태현: 168시간/185시간 (여유: 17시간)
강예준: 184시간/200시간 (여유: 16시간)
최민수: 176시간/193시간 (여유: 17시간)
박민수: 184시간/200시간 (여유: 16시간)
류진우: 192시간/209시간 (여유: 17시간)
류수빈: 184시간/202시간 (여유: 18시간)
권혜진: 176시간/194시간 (여유: 18시간)
임영수: 176시간/193시간 (여유: 17시간)
류도현: 168시간/181시간 (여유: 13시간)
권진우: 200시간/203시간 (여유: 3시간)
안현우: 216시간/199시간 (여유: -17시간)
박태현: 208시간/207시간 (여유: -1시간)
[INFO] 근무표가 저장되었습니다: ./data/result_schedule.json
[INFO] 연결됨: ('127.0.0.1', 51768)
[DEBUG] 수신된 데이터: {"position": "간호", "shift_type": 3, "target_month": "2025-09", "staff_data": {"staff": [{"name": "이진...
[INFO] 커스텀 규칙 감지: {'shifts': ['Morning', 'Evening', 'Night', 'Off'], 'shift_hours': {'Morning': 8, 'Evening': 8, 'Night': 8, 'Off': 0}}
[INFO] 요청 받음 - 직군: 간호, 직원 수: 25, 대상 월: 2025-09
[INFO] 커스텀 시프트 적용: ['Morning', 'Evening', 'Night', 'Off']
[INFO] 식별된 야간 시프트: ['Morning', 'Evening', 'Night']
[INFO] 식별된 휴무 시프트: ['Morning', 'Off']
[INFO] 대상 월: 2025년 9월 (30일)
[INFO] 이진우 (간호) 제약조건 적용 중...
[INFO] 이진우: 최소 휴무일 3일 적용 (대상: ['Morning', 'Off'])
[INFO] 이진우: 주당 최대 60시간, 월 167-205시간 (목표: 187시간)
[INFO] 윤현우 (간호) 제약조건 적용 중...
[INFO] 윤현우: 최소 휴무일 3일 적용 (대상: ['Morning', 'Off'])
[INFO] 윤현우: 주당 최대 60시간, 월 189-229시간 (목표: 209시간)
[INFO] 한도현 (간호) 제약조건 적용 중...
[INFO] 한도현: 최소 휴무일 3일 적용 (대상: ['Morning', 'Off'])
[INFO] 한도현: 주당 최대 60시간, 월 165-203시간 (목표: 185시간)
[INFO] 오도현 (간호) 제약조건 적용 중...
[INFO] 오도현: 최소 휴무일 3일 적용 (대상: ['Morning', 'Off'])
[INFO] 오도현: 주당 최대 60시간, 월 176-215시간 (목표: 196시간)
[INFO] 오영희 (간호) 제약조건 적용 중...
[INFO] 오영희: 최소 휴무일 3일 적용 (대상: ['Morning', 'Off'])
[INFO] 오영희: 주당 최대 60시간, 월 188-228시간 (목표: 208시간)
[INFO] 전은정 (간호) 제약조건 적용 중...
[INFO] 전은정: 최소 휴무일 3일 적용 (대상: ['Morning', 'Off'])
[INFO] 전은정: 주당 최대 60시간, 월 171-210시간 (목표: 191시간)
[INFO] 조진우 (간호) 제약조건 적용 중...
[INFO] 조진우: 최소 휴무일 3일 적용 (대상: ['Morning', 'Off'])
[INFO] 조진우: 주당 최대 60시간, 월 178-217시간 (목표: 198시간)
[INFO] 류예준 (간호) 제약조건 적용 중...
[INFO] 류예준: 최소 휴무일 3일 적용 (대상: ['Morning', 'Off'])
[INFO] 류예준: 주당 최대 60시간, 월 179-218시간 (목표: 199시간)
[INFO] 임태현 (간호) 제약조건 적용 중...
[INFO] 임태현: 최소 휴무일 3일 적용 (대상: ['Morning', 'Off'])
[INFO] 임태현: 주당 최대 60시간, 월 180-220시간 (목표: 200시간)
[INFO] 서승호 (간호) 제약조건 적용 중...
[INFO] 서승호: 최소 휴무일 3일 적용 (대상: ['Morning', 'Off'])
[INFO] 서승호: 주당 최대 60시간, 월 177-216시간 (목표: 197시간)
[INFO] 황소영 (간호) 제약조건 적용 중...
[INFO] 황소영: 최소 휴무일 3일 적용 (대상: ['Morning', 'Off'])
[INFO] 황소영: 주당 최대 60시간, 월 170-209시간 (목표: 190시간)
[INFO] 한정희 (간호) 제약조건 적용 중...
[INFO] 한정희: 최소 휴무일 3일 적용 (대상: ['Morning', 'Off'])
[INFO] 한정희: 주당 최대 60시간, 월 182-222시간 (목표: 202시간)
[INFO] 오철수 (간호) 제약조건 적용 중...
[INFO] 오철수: 최소 휴무일 3일 적용 (대상: ['Morning', 'Off'])
[INFO] 오철수: 주당 최대 60시간, 월 171-210시간 (목표: 191시간)
[INFO] 조승호 (간호) 제약조건 적용 중...
[INFO] 조승호: 최소 휴무일 3일 적용 (대상: ['Morning', 'Off'])
[INFO] 조승호: 주당 최대 60시간, 월 166-204시간 (목표: 186시간)
[INFO] 한수빈 (간호) 제약조건 적용 중...
[INFO] 한수빈: 최소 휴무일 3일 적용 (대상: ['Morning', 'Off'])
[INFO] 한수빈: 주당 최대 60시간, 월 171-210시간 (목표: 191시간)
[INFO] 최은정 (간호) 제약조건 적용 중...
[INFO] 최은정: 최소 휴무일 3일 적용 (대상: ['Morning', 'Off'])
[INFO] 최은정: 주당 최대 60시간, 월 189-229시간 (목표: 209시간)
[INFO] 박영수 (간호) 제약조건 적용 중...
[INFO] 박영수: 최소 휴무일 3일 적용 (대상: ['Morning', 'Off'])
[INFO] 박영수: 주당 최대 60시간, 월 160-198시간 (목표: 180시간)
[INFO] 신준호 (간호) 제약조건 적용 중...
[INFO] 신준호: 최소 휴무일 3일 적용 (대상: ['Morning', 'Off'])
[INFO] 신준호: 주당 최대 60시간, 월 188-228시간 (목표: 208시간)
[INFO] 정미영 (간호) 제약조건 적용 중...
[INFO] 정미영: 최소 휴무일 3일 적용 (대상: ['Morning', 'Off'])
[INFO] 정미영: 주당 최대 60시간, 월 187-227시간 (목표: 207시간)
[INFO] 이미영 (간호) 제약조건 적용 중...
[INFO] 이미영: 최소 휴무일 3일 적용 (대상: ['Morning', 'Off'])
[INFO] 이미영: 주당 최대 60시간, 월 163-201시간 (목표: 183시간)
[INFO] 전미영 (간호) 제약조건 적용 중...
[INFO] 전미영: 최소 휴무일 3일 적용 (대상: ['Morning', 'Off'])
[INFO] 전미영: 주당 최대 60시간, 월 181-221시간 (목표: 201시간)
[INFO] 강민수 (간호) 제약조건 적용 중...
[INFO] 강민수: 신규간호사 야간 근무 금지 적용 (대상 시프트: ['Morning', 'Evening', 'Night'])
[INFO] 강민수: 최소 휴무일 3일 적용 (대상: ['Morning', 'Off'])
[INFO] 강민수: 주당 최대 60시간, 월 165-203시간 (목표: 185시간)
[INFO] 이상훈 (간호) 제약조건 적용 중...
[INFO] 이상훈: 신규간호사 야간 근무 금지 적용 (대상 시프트: ['Morning', 'Evening', 'Night'])
[INFO] 이상훈: 최소 휴무일 3일 적용 (대상: ['Morning', 'Off'])
[INFO] 이상훈: 주당 최대 60시간, 월 163-201시간 (목표: 183시간)
[INFO] 신준호 (간호) 제약조건 적용 중...
[INFO] 신준호: 신규간호사 야간 근무 금지 적용 (대상 시프트: ['Morning', 'Evening', 'Night'])
[INFO] 신준호: 최소 휴무일 3일 적용 (대상: ['Morning', 'Off'])
[INFO] 신준호: 주당 최대 60시간, 월 173-212시간 (목표: 193시간)
[INFO] 권상훈 (간호) 제약조건 적용 중...
[INFO] 권상훈: 신규간호사 야간 근무 금지 적용 (대상 시프트: ['Morning', 'Evening', 'Night'])
[INFO] 권상훈: 최소 휴무일 3일 적용 (대상: ['Morning', 'Off'])
[INFO] 권상훈: 주당 최대 60시간, 월 173-212시간 (목표: 193시간)
[INFO] 야간 근무 균등 분배 활성화 (야간 시프트: ['Morning', 'Evening', 'Night'])
솔버 상태: INFEASIBLE
해결 시간: 0.00초
[INFO] 연결됨: ('127.0.0.1', 51769)
[DEBUG] 수신된 데이터: {"position": "간호", "shift_type": 3, "target_month": "2025-09", "staff_data": {"staff": [{"name": "김예...
[INFO] 커스텀 규칙 감지: {'shifts': ['06-14', '14-22', '22-06', 'Off'], 'shift_hours': {'06-14': 8, '14-22': 8, '22-06': 8, 'Off': 0}}
[INFO] 요청 받음 - 직군: 간호, 직원 수: 25, 대상 월: 2025-09
[INFO] 커스텀 시프트 적용: ['06-14', '14-22', '22-06', 'Off']
[INFO] 식별된 야간 시프트: ['22-06']
[INFO] 식별된 휴무 시프트: ['Off']
[INFO] 대상 월: 2025년 9월 (30일)
[INFO] 김예준 (간호) 제약조건 적용 중...
[INFO] 김예준: 최소 휴무일 3일 적용 (대상: ['Off'])
[INFO] 김예준: 주당 최대 60시간, 월 184-224시간 (목표: 204시간)
[INFO] 김도현 (간호) 제약조건 적용 중...
[INFO] 김도현: 최소 휴무일 3일 적용 (대상: ['Off'])
[INFO] 김도현: 주당 최대 60시간, 월 181-221시간 (목표: 201시간)
[INFO] 송도현 (간호) 제약조건 적용 중...
[INFO] 송도현: 최소 휴무일 3일 적용 (대상: ['Off'])
[INFO] 송도현: 주당 최대 60시간, 월 182-222시간 (목표: 202시간)
[INFO] 장수빈 (간호) 제약조건 적용 중...
[INFO] 장수빈: 최소 휴무일 3일 적용 (대상: ['Off'])
[INFO] 장수빈: 주당 최대 60시간, 월 161-199시간 (목표: 181시간)
[INFO] 임은정 (간호) 제약조건 적용 중...
[INFO] 임은정: 최소 휴무일 3일 적용 (대상: ['Off'])
[INFO] 임은정: 주당 최대 60시간, 월 184-224시간 (목표: 204시간)
[INFO] 신영수 (간호) 제약조건 적용 중...
[INFO] 신영수: 최소 휴무일 3일 적용 (대상: ['Off'])
[INFO] 신영수: 주당 최대 60시간, 월 179-218시간 (목표: 199시간)
[INFO] 정미영 (간호) 제약조건 적용 중...
[INFO] 정미영: 최소 휴무일 3일 적용 (대상: ['Off'])
[INFO] 정미영: 주당 최대 60시간, 월 180-220시간 (목표: 200시간)
[INFO] 윤진우 (간호) 제약조건 적용 중...
[INFO] 윤진우: 최소 휴무일 3일 적용 (대상: ['Off'])
[INFO] 윤진우: 주당 최대 60시간, 월 170-209시간 (목표: 190시간)
[INFO] 오상훈 (간호) 제약조건 적용 중...
[INFO] 오상훈: 최소 휴무일 3일 적용 (대상: ['Off'])
[INFO] 오상훈: 주당 최대 60시간, 월 162-200시간 (목표: 182시간)
[INFO] 장도현 (간호) 제약조건 적용 중...
[INFO] 장도현: 최소 휴무일 3일 적용 (대상: ['Off'])
[INFO] 장도현: 주당 최대 60시간, 월 185-225시간 (목표: 205시간)
[INFO] 윤철수 (간호) 제약조건 적용 중...
[INFO] 윤철수: 최소 휴무일 3일 적용 (대상: ['Off'])
[INFO] 윤철수: 주당 최대 60시간, 월 169-207시간 (목표: 189시간)
[INFO] 최철수 (간호) 제약조건 적용 중...
[INFO] 최철수: 최소 휴무일 3일 적용 (대상: ['Off'])
[INFO] 최철수: 주당 최대 60시간, 월 188-228시간 (목표: 208시간)
[INFO] 조현우 (간호) 제약조건 적용 중...
[INFO] 조현우: 최소 휴무일 3일 적용 (대상: ['Off'])
[INFO] 조현우: 주당 최대 60시간, 월 176-215시간 (목표: 196시간)
[INFO] 윤예준 (간호) 제약조건 적용 중...
[INFO] 윤예준: 최소 휴무일 3일 적용 (대상: ['Off'])
[INFO] 윤예준: 주당 최대 60시간, 월 164-202시간 (목표: 184시간)
[INFO] 장혜진 (간호) 제약조건 적용 중...
[INFO] 장혜진: 최소 휴무일 3일 적용 (대상: ['Off'])
[INFO] 장혜진: 주당 최대 60시간, 월 161-199시간 (목표: 181시간)
[INFO] 강채영 (간호) 제약조건 적용 중...
[INFO] 강채영: 최소 휴무일 3일 적용 (대상: ['Off'])
[INFO] 강채영: 주당 최대 60시간, 월 186-226시간 (목표: 206시간)
[INFO] 장예준 (간호) 제약조건 적용 중...
[INFO] 장예준: 최소 휴무일 3일 적용 (대상: ['Off'])
[INFO] 장예준: 주당 최대 60시간, 월 171-210시간 (목표: 191시간)
[INFO] 윤태현 (간호) 제약조건 적용 중...
[INFO] 윤태현: 최소 휴무일 3일 적용 (대상: ['Off'])
[INFO] 윤태현: 주당 최대 60시간, 월 185-225시간 (목표: 205시간)
[INFO] 김태현 (간호) 제약조건 적용 중...
[INFO] 김태현: 최소 휴무일 3일 적용 (대상: ['Off'])
[INFO] 김태현: 주당 최대 60시간, 월 172-211시간 (목표: 192시간)
[INFO] 한은정 (간호) 제약조건 적용 중...
[INFO] 한은정: 최소 휴무일 3일 적용 (대상: ['Off'])
[INFO] 한은정: 주당 최대 60시간, 월 160-198시간 (목표: 180시간)
[INFO] 임현우 (간호) 제약조건 적용 중...
[INFO] 임현우: 최소 휴무일 3일 적용 (대상: ['Off'])
[INFO] 임현우: 주당 최대 60시간, 월 185-225시간 (목표: 205시간)
[INFO] 송정희 (간호) 제약조건 적용 중...
[INFO] 송정희: 신규간호사 야간 근무 금지 적용 (대상 시프트: ['22-06'])
[INFO] 송정희: 최소 휴무일 3일 적용 (대상: ['Off'])
[INFO] 송정희: 주당 최대 60시간, 월 185-225시간 (목표: 205시간)
[INFO] 최상훈 (간호) 제약조건 적용 중...
[INFO] 최상훈: 신규간호사 야간 근무 금지 적용 (대상 시프트: ['22-06'])
[INFO] 최상훈: 최소 휴무일 3일 적용 (대상: ['Off'])
[INFO] 최상훈: 주당 최대 60시간, 월 174-213시간 (목표: 194시간)
[INFO] 최상훈 (간호) 제약조건 적용 중...
[INFO] 최상훈: 신규간호사 야간 근무 금지 적용 (대상 시프트: ['22-06'])
[INFO] 최상훈: 최소 휴무일 3일 적용 (대상: ['Off'])
[INFO] 최상훈: 주당 최대 60시간, 월 170-209시간 (목표: 190시간)
[INFO] 서태현 (간호) 제약조건 적용 중...
[INFO] 서태현: 신규간호사 야간 근무 금지 적용 (대상 시프트: ['22-06'])
[INFO] 서태현: 최소 휴무일 3일 적용 (대상: ['Off'])
[INFO] 서태현: 주당 최대 60시간, 월 176-215시간 (목표: 196시간)
[INFO] 야간 근무 균등 분배 활성화 (야간 시프트: ['22-06'])
솔버 상태: FEASIBLE
해결 시간: 20.00초
야간 근무 균등성: 2
최대 야간 근무: 2회, 최소 야간 근무: 0회

=== 월 총 근무시간 통계 ===
김예준: 184시간/204시간 (여유: 20시간)
김도현: 184시간/201시간 (여유: 17시간)
송도현: 184시간/202시간 (여유: 18시간)
장수빈: 168시간/181시간 (여유: 13시간)
임은정: 184시간/204시간 (여유: 20시간)
신영수: 184시간/199시간 (여유: 15시간)
정미영: 184시간/200시간 (여유: 16시간)
윤진우: 176시간/190시간 (여유: 14시간)
오상훈: 168시간/182시간 (여유: 14시간)
장도현: 192시간/205시간 (여유: 13시간)
윤철수: 176시간/189시간 (여유: 13시간)
최철수: 192시간/208시간 (여유: 16시간)
조현우: 176시간/196시간 (여유: 20시간)
윤예준: 168시간/184시간 (여유: 16시간)
장혜진: 168시간/181시간 (여유: 13시간)
강채영: 192시간/206시간 (여유: 14시간)
장예준: 176시간/191시간 (여유: 15시간)
윤태현: 192시간/205시간 (여유: 13시간)
김태현: 176시간/192시간 (여유: 16시간)
한은정: 160시간/180시간 (여유: 20시간)
임현우: 192시간/205시간 (여유: 13시간)
송정희: 208시간/205시간 (여유: -3시간)
최상훈: 176시간/190시간 (여유: 14시간)
서태현: 200시간/196시간 (여유: -4시간)
[INFO] 근무표가 저장되었습니다: ./data/result_schedule.json
[INFO] 연결됨: ('127.0.0.1', 51824)
[DEBUG] 수신된 데이터: {"position": "간호", "shift_type": 3, "target_month": "2025-09", "staff_data": {"staff": [{"name": "한준...
[INFO] 커스텀 규칙 감지: {'shifts': ['D', 'E', 'N', 'O'], 'shift_hours': {'D': 8, 'E': 8, 'N': 6, 'O': 0}}
[INFO] 요청 받음 - 직군: 간호, 직원 수: 25, 대상 월: 2025-09
[INFO] 커스텀 시프트 적용: ['D', 'E', 'N', 'O']
[INFO] 식별된 야간 시프트: ['N']
[INFO] 식별된 휴무 시프트: ['O']
[INFO] 대상 월: 2025년 9월 (30일)
[INFO] 한준호 (간호) 제약조건 적용 중...
[INFO] 한준호: 최소 휴무일 3일 적용 (대상: ['O'])
[INFO] 한준호: 주당 최대 60시간, 월 184-224시간 (목표: 204시간)
[INFO] 이채영 (간호) 제약조건 적용 중...
[INFO] 이채영: 최소 휴무일 3일 적용 (대상: ['O'])
[INFO] 이채영: 주당 최대 60시간, 월 161-199시간 (목표: 181시간)
[INFO] 정태현 (간호) 제약조건 적용 중...
[INFO] 정태현: 최소 휴무일 3일 적용 (대상: ['O'])
[INFO] 정태현: 주당 최대 60시간, 월 190-231시간 (목표: 210시간)
[INFO] 전은정 (간호) 제약조건 적용 중...
[INFO] 전은정: 최소 휴무일 3일 적용 (대상: ['O'])
[INFO] 전은정: 주당 최대 60시간, 월 185-225시간 (목표: 205시간)
[INFO] 조영희 (간호) 제약조건 적용 중...
[INFO] 조영희: 최소 휴무일 3일 적용 (대상: ['O'])
[INFO] 조영희: 주당 최대 60시간, 월 183-223시간 (목표: 203시간)
[INFO] 류진우 (간호) 제약조건 적용 중...
[INFO] 류진우: 최소 휴무일 3일 적용 (대상: ['O'])
[INFO] 류진우: 주당 최대 60시간, 월 163-201시간 (목표: 183시간)
[INFO] 최도현 (간호) 제약조건 적용 중...
[INFO] 최도현: 최소 휴무일 3일 적용 (대상: ['O'])
[INFO] 최도현: 주당 최대 60시간, 월 171-210시간 (목표: 191시간)
[INFO] 강예준 (간호) 제약조건 적용 중...
[INFO] 강예준: 최소 휴무일 3일 적용 (대상: ['O'])
[INFO] 강예준: 주당 최대 60시간, 월 166-204시간 (목표: 186시간)
[INFO] 전은정 (간호) 제약조건 적용 중...
[INFO] 전은정: 최소 휴무일 3일 적용 (대상: ['O'])
[INFO] 전은정: 주당 최대 60시간, 월 190-231시간 (목표: 210시간)
[INFO] 한진우 (간호) 제약조건 적용 중...
[INFO] 한진우: 최소 휴무일 3일 적용 (대상: ['O'])
[INFO] 한진우: 주당 최대 60시간, 월 180-220시간 (목표: 200시간)
[INFO] 서지영 (간호) 제약조건 적용 중...
[INFO] 서지영: 최소 휴무일 3일 적용 (대상: ['O'])
[INFO] 서지영: 주당 최대 60시간, 월 186-226시간 (목표: 206시간)
[INFO] 류수빈 (간호) 제약조건 적용 중...
[INFO] 류수빈: 최소 휴무일 3일 적용 (대상: ['O'])
[INFO] 류수빈: 주당 최대 60시간, 월 185-225시간 (목표: 205시간)
[INFO] 장철수 (간호) 제약조건 적용 중...
[INFO] 장철수: 최소 휴무일 3일 적용 (대상: ['O'])
[INFO] 장철수: 주당 최대 60시간, 월 182-222시간 (목표: 202시간)
[INFO] 최영수 (간호) 제약조건 적용 중...
[INFO] 최영수: 최소 휴무일 3일 적용 (대상: ['O'])
[INFO] 최영수: 주당 최대 60시간, 월 181-221시간 (목표: 201시간)
[INFO] 신지영 (간호) 제약조건 적용 중...
[INFO] 신지영: 최소 휴무일 3일 적용 (대상: ['O'])
[INFO] 신지영: 주당 최대 60시간, 월 176-215시간 (목표: 196시간)
[INFO] 정상훈 (간호) 제약조건 적용 중...
[INFO] 정상훈: 최소 휴무일 3일 적용 (대상: ['O'])
[INFO] 정상훈: 주당 최대 60시간, 월 183-223시간 (목표: 203시간)
[INFO] 조영수 (간호) 제약조건 적용 중...
[INFO] 조영수: 최소 휴무일 3일 적용 (대상: ['O'])
[INFO] 조영수: 주당 최대 60시간, 월 175-214시간 (목표: 195시간)
[INFO] 신도현 (간호) 제약조건 적용 중...
[INFO] 신도현: 최소 휴무일 3일 적용 (대상: ['O'])
[INFO] 신도현: 주당 최대 60시간, 월 186-226시간 (목표: 206시간)
[INFO] 강진우 (간호) 제약조건 적용 중...
[INFO] 강진우: 최소 휴무일 3일 적용 (대상: ['O'])
[INFO] 강진우: 주당 최대 60시간, 월 181-221시간 (목표: 201시간)
[INFO] 김수빈 (간호) 제약조건 적용 중...
[INFO] 김수빈: 최소 휴무일 3일 적용 (대상: ['O'])
[INFO] 김수빈: 주당 최대 60시간, 월 167-205시간 (목표: 187시간)
[INFO] 서태현 (간호) 제약조건 적용 중...
[INFO] 서태현: 최소 휴무일 3일 적용 (대상: ['O'])
[INFO] 서태현: 주당 최대 60시간, 월 186-226시간 (목표: 206시간)
[INFO] 전영희 (간호) 제약조건 적용 중...
[INFO] 전영희: 신규간호사 야간 근무 금지 적용 (대상 시프트: ['N'])
[INFO] 전영희: 최소 휴무일 3일 적용 (대상: ['O'])
[INFO] 전영희: 주당 최대 60시간, 월 177-216시간 (목표: 197시간)
[INFO] 윤현우 (간호) 제약조건 적용 중...
[INFO] 윤현우: 신규간호사 야간 근무 금지 적용 (대상 시프트: ['N'])
[INFO] 윤현우: 최소 휴무일 3일 적용 (대상: ['O'])
[INFO] 윤현우: 주당 최대 60시간, 월 174-213시간 (목표: 194시간)
[INFO] 조소영 (간호) 제약조건 적용 중...
[INFO] 조소영: 신규간호사 야간 근무 금지 적용 (대상 시프트: ['N'])
[INFO] 조소영: 최소 휴무일 3일 적용 (대상: ['O'])
[INFO] 조소영: 주당 최대 60시간, 월 179-218시간 (목표: 199시간)
[INFO] 장태현 (간호) 제약조건 적용 중...
[INFO] 장태현: 신규간호사 야간 근무 금지 적용 (대상 시프트: ['N'])
[INFO] 장태현: 최소 휴무일 3일 적용 (대상: ['O'])
[INFO] 장태현: 주당 최대 60시간, 월 162-200시간 (목표: 182시간)
[INFO] 야간 근무 균등 분배 활성화 (야간 시프트: ['N'])
솔버 상태: FEASIBLE
해결 시간: 20.00초
야간 근무 균등성: 2
최대 야간 근무: 2회, 최소 야간 근무: 0회

=== 월 총 근무시간 통계 ===
한준호: 188시간/204시간 (여유: 16시간)
이채영: 180시간/181시간 (여유: 1시간)
정태현: 196시간/210시간 (여유: 14시간)
전은정: 214시간/210시간 (여유: -4시간)
조영희: 188시간/203시간 (여유: 15시간)
류진우: 164시간/183시간 (여유: 19시간)
최도현: 172시간/191시간 (여유: 19시간)
강예준: 172시간/186시간 (여유: 14시간)
한진우: 200시간/200시간 (여유: 0시간)
서지영: 188시간/206시간 (여유: 18시간)
류수빈: 188시간/205시간 (여유: 17시간)
장철수: 182시간/202시간 (여유: 20시간)
최영수: 188시간/201시간 (여유: 13시간)
신지영: 176시간/196시간 (여유: 20시간)
정상훈: 184시간/203시간 (여유: 19시간)
조영수: 176시간/195시간 (여유: 19시간)
신도현: 188시간/206시간 (여유: 18시간)
강진우: 188시간/201시간 (여유: 13시간)
김수빈: 168시간/187시간 (여유: 19시간)
서태현: 188시간/206시간 (여유: 18시간)
전영희: 184시간/197시간 (여유: 13시간)
윤현우: 200시간/194시간 (여유: -6시간)
조소영: 184시간/199시간 (여유: 15시간)
장태현: 200시간/182시간 (여유: -18시간)
[INFO] 근무표가 저장되었습니다: ./data/result_schedule.json
[INFO] 연결됨: ('127.0.0.1', 51837)
[DEBUG] 수신된 데이터: {"position": "간호", "shift_type": 3, "target_month": "2025-09", "staff_data": {"staff": [{"name": "송철...
[INFO] 커스텀 규칙 감지: {'shifts': ['FullDay', 'HalfDay', 'Night', 'Off'], 'shift_hours': {'FullDay': 8, 'HalfDay': 4, 'Night': 8, 'Off': 0}}
[INFO] 요청 받음 - 직군: 간호, 직원 수: 25, 대상 월: 2025-09
[WARNING] 검증 경고사항: 최소 시프트 시간이 4시간으로 너무 짧습니다. 6시간 이상을 권장합니다.
[INFO] 커스텀 시프트 적용: ['FullDay', 'HalfDay', 'Night', 'Off']
[INFO] 식별된 야간 시프트: ['Night']
[INFO] 식별된 휴무 시프트: ['Off']
[INFO] 대상 월: 2025년 9월 (30일)
[INFO] 송철수 (간호) 제약조건 적용 중...
[INFO] 송철수: 최소 휴무일 3일 적용 (대상: ['Off'])
[INFO] 송철수: 주당 최대 60시간, 월 164-202시간 (목표: 184시간)
[INFO] 오혜진 (간호) 제약조건 적용 중...
[INFO] 오혜진: 최소 휴무일 3일 적용 (대상: ['Off'])
[INFO] 오혜진: 주당 최대 60시간, 월 171-210시간 (목표: 191시간)
[INFO] 서준호 (간호) 제약조건 적용 중...
[INFO] 서준호: 최소 휴무일 3일 적용 (대상: ['Off'])
[INFO] 서준호: 주당 최대 60시간, 월 181-221시간 (목표: 201시간)
[INFO] 최정희 (간호) 제약조건 적용 중...
[INFO] 최정희: 최소 휴무일 3일 적용 (대상: ['Off'])
[INFO] 최정희: 주당 최대 60시간, 월 161-199시간 (목표: 181시간)
[INFO] 안승호 (간호) 제약조건 적용 중...
[INFO] 안승호: 최소 휴무일 3일 적용 (대상: ['Off'])
[INFO] 안승호: 주당 최대 60시간, 월 176-215시간 (목표: 196시간)
[INFO] 이상훈 (간호) 제약조건 적용 중...
[INFO] 이상훈: 최소 휴무일 3일 적용 (대상: ['Off'])
[INFO] 이상훈: 주당 최대 60시간, 월 177-216시간 (목표: 197시간)
[INFO] 오예준 (간호) 제약조건 적용 중...
[INFO] 오예준: 최소 휴무일 3일 적용 (대상: ['Off'])
[INFO] 오예준: 주당 최대 60시간, 월 170-209시간 (목표: 190시간)
[INFO] 최민수 (간호) 제약조건 적용 중...
[INFO] 최민수: 최소 휴무일 3일 적용 (대상: ['Off'])
[INFO] 최민수: 주당 최대 60시간, 월 161-199시간 (목표: 181시간)
[INFO] 박지영 (간호) 제약조건 적용 중...
[INFO] 박지영: 최소 휴무일 3일 적용 (대상: ['Off'])
[INFO] 박지영: 주당 최대 60시간, 월 179-218시간 (목표: 199시간)
[INFO] 안철수 (간호) 제약조건 적용 중...
[INFO] 안철수: 최소 휴무일 3일 적용 (대상: ['Off'])
[INFO] 안철수: 주당 최대 60시간, 월 182-222시간 (목표: 202시간)
[INFO] 임예준 (간호) 제약조건 적용 중...
[INFO] 임예준: 최소 휴무일 3일 적용 (대상: ['Off'])
[INFO] 임예준: 주당 최대 60시간, 월 178-217시간 (목표: 198시간)
[INFO] 황소영 (간호) 제약조건 적용 중...
[INFO] 황소영: 최소 휴무일 3일 적용 (대상: ['Off'])
[INFO] 황소영: 주당 최대 60시간, 월 181-221시간 (목표: 201시간)
[INFO] 윤혜진 (간호) 제약조건 적용 중...
[INFO] 윤혜진: 최소 휴무일 3일 적용 (대상: ['Off'])
[INFO] 윤혜진: 주당 최대 60시간, 월 160-198시간 (목표: 180시간)
[INFO] 전철수 (간호) 제약조건 적용 중...
[INFO] 전철수: 최소 휴무일 3일 적용 (대상: ['Off'])
[INFO] 전철수: 주당 최대 60시간, 월 184-224시간 (목표: 204시간)
[INFO] 안혜진 (간호) 제약조건 적용 중...
[INFO] 안혜진: 최소 휴무일 3일 적용 (대상: ['Off'])
[INFO] 안혜진: 주당 최대 60시간, 월 163-201시간 (목표: 183시간)
[INFO] 최지영 (간호) 제약조건 적용 중...
[INFO] 최지영: 최소 휴무일 3일 적용 (대상: ['Off'])
[INFO] 최지영: 주당 최대 60시간, 월 186-226시간 (목표: 206시간)
[INFO] 최수빈 (간호) 제약조건 적용 중...
[INFO] 최수빈: 최소 휴무일 3일 적용 (대상: ['Off'])
[INFO] 최수빈: 주당 최대 60시간, 월 177-216시간 (목표: 197시간)
[INFO] 송예준 (간호) 제약조건 적용 중...
[INFO] 송예준: 최소 휴무일 3일 적용 (대상: ['Off'])
[INFO] 송예준: 주당 최대 60시간, 월 187-227시간 (목표: 207시간)
[INFO] 정승호 (간호) 제약조건 적용 중...
[INFO] 정승호: 최소 휴무일 3일 적용 (대상: ['Off'])
[INFO] 정승호: 주당 최대 60시간, 월 184-224시간 (목표: 204시간)
[INFO] 황영수 (간호) 제약조건 적용 중...
[INFO] 황영수: 최소 휴무일 3일 적용 (대상: ['Off'])
[INFO] 황영수: 주당 최대 60시간, 월 168-206시간 (목표: 188시간)
[INFO] 전수빈 (간호) 제약조건 적용 중...
[INFO] 전수빈: 최소 휴무일 3일 적용 (대상: ['Off'])
[INFO] 전수빈: 주당 최대 60시간, 월 169-207시간 (목표: 189시간)
[INFO] 김철수 (간호) 제약조건 적용 중...
[INFO] 김철수: 신규간호사 야간 근무 금지 적용 (대상 시프트: ['Night'])
[INFO] 김철수: 최소 휴무일 3일 적용 (대상: ['Off'])
[INFO] 김철수: 주당 최대 60시간, 월 185-225시간 (목표: 205시간)
[INFO] 조태현 (간호) 제약조건 적용 중...
[INFO] 조태현: 신규간호사 야간 근무 금지 적용 (대상 시프트: ['Night'])
[INFO] 조태현: 최소 휴무일 3일 적용 (대상: ['Off'])
[INFO] 조태현: 주당 최대 60시간, 월 168-206시간 (목표: 188시간)
[INFO] 권예준 (간호) 제약조건 적용 중...
[INFO] 권예준: 신규간호사 야간 근무 금지 적용 (대상 시프트: ['Night'])
[INFO] 권예준: 최소 휴무일 3일 적용 (대상: ['Off'])
[INFO] 권예준: 주당 최대 60시간, 월 190-231시간 (목표: 210시간)
[INFO] 박승호 (간호) 제약조건 적용 중...
[INFO] 박승호: 신규간호사 야간 근무 금지 적용 (대상 시프트: ['Night'])
[INFO] 박승호: 최소 휴무일 3일 적용 (대상: ['Off'])
[INFO] 박승호: 주당 최대 60시간, 월 175-214시간 (목표: 195시간)
[INFO] 야간 근무 균등 분배 활성화 (야간 시프트: ['Night'])
솔버 상태: FEASIBLE
해결 시간: 20.00초
야간 근무 균등성: 2
최대 야간 근무: 2회, 최소 야간 근무: 0회

=== 월 총 근무시간 통계 ===
송철수: 164시간/184시간 (여유: 20시간)
오혜진: 172시간/191시간 (여유: 19시간)
서준호: 184시간/201시간 (여유: 17시간)
최정희: 164시간/181시간 (여유: 17시간)
안승호: 176시간/196시간 (여유: 20시간)
이상훈: 180시간/197시간 (여유: 17시간)
오예준: 172시간/190시간 (여유: 18시간)
최민수: 164시간/181시간 (여유: 17시간)
박지영: 180시간/199시간 (여유: 19시간)
안철수: 188시간/202시간 (여유: 14시간)
임예준: 180시간/198시간 (여유: 18시간)
황소영: 188시간/201시간 (여유: 13시간)
윤혜진: 160시간/180시간 (여유: 20시간)
전철수: 184시간/204시간 (여유: 20시간)
안혜진: 164시간/183시간 (여유: 19시간)
최지영: 188시간/206시간 (여유: 18시간)
최수빈: 180시간/197시간 (여유: 17시간)
송예준: 192시간/207시간 (여유: 15시간)
정승호: 184시간/204시간 (여유: 20시간)
황영수: 168시간/188시간 (여유: 20시간)
전수빈: 172시간/189시간 (여유: 17시간)
김철수: 196시간/205시간 (여유: 9시간)
조태현: 188시간/188시간 (여유: 0시간)
권예준: 200시간/210시간 (여유: 10시간)
박승호: 192시간/195시간 (여유: 3시간)
[INFO] 근무표가 저장되었습니다: ./data/result_schedule.json
[INFO] 연결됨: ('127.0.0.1', 51884)
[DEBUG] 수신된 데이터: {"position": "간호", "shift_type": 3, "target_month": "2025-09", "staff_data": {"staff": [{"name": "신미...
[INFO] 커스텀 규칙 감지: {'shifts': ['Day', 'Evening', 'Night', 'Off'], 'shift_hours': {'Day': 9, 'Evening': 7, 'Night': 8, 'Off': 0}}
[INFO] 요청 받음 - 직군: 간호, 직원 수: 25, 대상 월: 2025-09
[INFO] 커스텀 시프트 적용: ['Day', 'Evening', 'Night', 'Off']
[INFO] 식별된 야간 시프트: ['Evening', 'Night']
[INFO] 식별된 휴무 시프트: ['Off']
[INFO] 대상 월: 2025년 9월 (30일)