[INFO] 근무표 생성 Python 서버 시작됨: 127.0.0.1:6002
[INFO] 연결됨: ('127.0.0.1', 50892)
[DEBUG] 수신된 데이터: {"position": "간호", "shift_type": 3, "target_month": "2025-09", "staff_data": {"staff": [{"name": "전채...
[INFO] 커스텀 규칙 감지: {'shifts': ['Day', 'Night', 'Off'], 'shift_hours': {'Day': 12, 'Night': 12, 'Off': 0}}
[INFO] 요청 받음 - 직군: 간호, 직원 수: 25, 대상 월: 2025-09
[INFO] 커스텀 시프트 적용: ['Day', 'Night', 'Off']
[INFO] 식별된 야간 시프트: ['Night']
[INFO] 식별된 휴무 시프트: ['Off']
[INFO] 대상 월: 2025년 9월 (30일)
[INFO] 전채영 (간호) 제약조건 적용 중...
[INFO] 전채영: 최소 휴무일 3일 적용 (대상: ['Off'])
[INFO] 전채영: 주당 최대 60시간, 월 163-201시간 (목표: 183시간)
[INFO] 장정희 (간호) 제약조건 적용 중...
[INFO] 장정희: 최소 휴무일 3일 적용 (대상: ['Off'])
[INFO] 장정희: 주당 최대 60시간, 월 163-201시간 (목표: 183시간)
[INFO] 한수빈 (간호) 제약조건 적용 중...
[INFO] 한수빈: 최소 휴무일 3일 적용 (대상: ['Off'])
[INFO] 한수빈: 주당 최대 60시간, 월 180-220시간 (목표: 200시간)
[INFO] 장철수 (간호) 제약조건 적용 중...
[INFO] 장철수: 최소 휴무일 3일 적용 (대상: ['Off'])
[INFO] 장철수: 주당 최대 60시간, 월 190-231시간 (목표: 210시간)
[INFO] 신예준 (간호) 제약조건 적용 중...
[INFO] 신예준: 최소 휴무일 3일 적용 (대상: ['Off'])
[INFO] 신예준: 주당 최대 60시간, 월 176-215시간 (목표: 196시간)
[INFO] 박현우 (간호) 제약조건 적용 중...
[INFO] 박현우: 최소 휴무일 3일 적용 (대상: ['Off'])
[INFO] 박현우: 주당 최대 60시간, 월 188-228시간 (목표: 208시간)
[INFO] 한승호 (간호) 제약조건 적용 중...
[INFO] 한승호: 최소 휴무일 3일 적용 (대상: ['Off'])
[INFO] 한승호: 주당 최대 60시간, 월 188-228시간 (목표: 208시간)
[INFO] 류준호 (간호) 제약조건 적용 중...
[INFO] 류준호: 최소 휴무일 3일 적용 (대상: ['Off'])
[INFO] 류준호: 주당 최대 60시간, 월 163-201시간 (목표: 183시간)
[INFO] 김영수 (간호) 제약조건 적용 중...
[INFO] 김영수: 최소 휴무일 3일 적용 (대상: ['Off'])
[INFO] 김영수: 주당 최대 60시간, 월 186-226시간 (목표: 206시간)
[INFO] 강도현 (간호) 제약조건 적용 중...
[INFO] 강도현: 최소 휴무일 3일 적용 (대상: ['Off'])
[INFO] 강도현: 주당 최대 60시간, 월 170-209시간 (목표: 190시간)
[INFO] 장도현 (간호) 제약조건 적용 중...
[INFO] 장도현: 최소 휴무일 3일 적용 (대상: ['Off'])
[INFO] 장도현: 주당 최대 60시간, 월 177-216시간 (목표: 197시간)
[INFO] 장도현 (간호) 제약조건 적용 중...
[INFO] 장도현: 최소 휴무일 3일 적용 (대상: ['Off'])
[INFO] 장도현: 주당 최대 60시간, 월 174-213시간 (목표: 194시간)
[INFO] 최채영 (간호) 제약조건 적용 중...
[INFO] 최채영: 최소 휴무일 3일 적용 (대상: ['Off'])
[INFO] 최채영: 주당 최대 60시간, 월 184-224시간 (목표: 204시간)
[INFO] 송진우 (간호) 제약조건 적용 중...
[INFO] 송진우: 최소 휴무일 3일 적용 (대상: ['Off'])
[INFO] 송진우: 주당 최대 60시간, 월 179-218시간 (목표: 199시간)
[INFO] 권지영 (간호) 제약조건 적용 중...
[INFO] 권지영: 최소 휴무일 3일 적용 (대상: ['Off'])
[INFO] 권지영: 주당 최대 60시간, 월 180-220시간 (목표: 200시간)
[INFO] 안철수 (간호) 제약조건 적용 중...
[INFO] 안철수: 최소 휴무일 3일 적용 (대상: ['Off'])
[INFO] 안철수: 주당 최대 60시간, 월 188-228시간 (목표: 208시간)
[INFO] 전은정 (간호) 제약조건 적용 중...
[INFO] 전은정: 최소 휴무일 3일 적용 (대상: ['Off'])
[INFO] 전은정: 주당 최대 60시간, 월 188-228시간 (목표: 208시간)
[INFO] 권현우 (간호) 제약조건 적용 중...
[INFO] 권현우: 최소 휴무일 3일 적용 (대상: ['Off'])
[INFO] 권현우: 주당 최대 60시간, 월 183-223시간 (목표: 203시간)
[INFO] 전현우 (간호) 제약조건 적용 중...
[INFO] 전현우: 최소 휴무일 3일 적용 (대상: ['Off'])
[INFO] 전현우: 주당 최대 60시간, 월 189-229시간 (목표: 209시간)
[INFO] 박예준 (간호) 제약조건 적용 중...
[INFO] 박예준: 최소 휴무일 3일 적용 (대상: ['Off'])
[INFO] 박예준: 주당 최대 60시간, 월 167-205시간 (목표: 187시간)
[INFO] 황영수 (간호) 제약조건 적용 중...
[INFO] 황영수: 최소 휴무일 3일 적용 (대상: ['Off'])
[INFO] 황영수: 주당 최대 60시간, 월 163-201시간 (목표: 183시간)
[INFO] 이예준 (간호) 제약조건 적용 중...
[INFO] 이예준: 신규간호사 야간 근무 금지 적용 (대상 시프트: ['Night'])
[INFO] 이예준: 최소 휴무일 3일 적용 (대상: ['Off'])
[INFO] 이예준: 주당 최대 60시간, 월 160-198시간 (목표: 180시간)
[INFO] 한도현 (간호) 제약조건 적용 중...
[INFO] 한도현: 신규간호사 야간 근무 금지 적용 (대상 시프트: ['Night'])
[INFO] 한도현: 최소 휴무일 3일 적용 (대상: ['Off'])
[INFO] 한도현: 주당 최대 60시간, 월 164-202시간 (목표: 184시간)
[INFO] 김정희 (간호) 제약조건 적용 중...
[INFO] 김정희: 신규간호사 야간 근무 금지 적용 (대상 시프트: ['Night'])
[INFO] 김정희: 최소 휴무일 3일 적용 (대상: ['Off'])
[INFO] 김정희: 주당 최대 60시간, 월 164-202시간 (목표: 184시간)
[INFO] 권영희 (간호) 제약조건 적용 중...
[INFO] 권영희: 신규간호사 야간 근무 금지 적용 (대상 시프트: ['Night'])
[INFO] 권영희: 최소 휴무일 3일 적용 (대상: ['Off'])
[INFO] 권영희: 주당 최대 60시간, 월 183-223시간 (목표: 203시간)
[INFO] 야간 근무 균등 분배 활성화 (야간 시프트: ['Night'])
솔버 상태: FEASIBLE
해결 시간: 25.00초
야간 근무 균등성: 2
최대 야간 근무: 2회, 최소 야간 근무: 0회

=== 월 총 근무시간 통계 ===
전채영: 168시간/183시간 (여유: 15시간)
장정희: 168시간/183시간 (여유: 15시간)
한수빈: 180시간/200시간 (여유: 20시간)
장철수: 192시간/210시간 (여유: 18시간)
신예준: 180시간/196시간 (여유: 16시간)
박현우: 192시간/208시간 (여유: 16시간)
한승호: 192시간/208시간 (여유: 16시간)
류준호: 168시간/183시간 (여유: 15시간)
김영수: 192시간/206시간 (여유: 14시간)
강도현: 180시간/190시간 (여유: 10시간)
장도현: 180시간/194시간 (여유: 14시간)
최채영: 192시간/204시간 (여유: 12시간)
송진우: 180시간/199시간 (여유: 19시간)
권지영: 180시간/200시간 (여유: 20시간)
안철수: 192시간/208시간 (여유: 16시간)
전은정: 192시간/208시간 (여유: 16시간)
권현우: 192시간/203시간 (여유: 11시간)
전현우: 192시간/209시간 (여유: 17시간)
박예준: 168시간/187시간 (여유: 19시간)
황영수: 168시간/183시간 (여유: 15시간)
이예준: 168시간/180시간 (여유: 12시간)
한도현: 168시간/184시간 (여유: 16시간)
김정희: 168시간/184시간 (여유: 16시간)
권영희: 192시간/203시간 (여유: 11시간)
[INFO] 근무표가 저장되었습니다: ./data/result_schedule.json
[INFO] 연결됨: ('127.0.0.1', 50899)
[DEBUG] 수신된 데이터: {"position": "간호", "shift_type": 3, "target_month": "2025-09", "staff_data": {"staff": [{"name": "류민...
[INFO] 커스텀 규칙 감지: {'shifts': ['D', 'N', 'O'], 'shift_hours': {'D': 10, 'N': 14, 'O': 0}}
[INFO] 요청 받음 - 직군: 간호, 직원 수: 25, 대상 월: 2025-09
[INFO] 커스텀 시프트 적용: ['D', 'N', 'O']
[INFO] 식별된 야간 시프트: ['N']
[INFO] 식별된 휴무 시프트: ['O']
[INFO] 대상 월: 2025년 9월 (30일)
[INFO] 류민수 (간호) 제약조건 적용 중...
[INFO] 류민수: 최소 휴무일 3일 적용 (대상: ['O'])
[INFO] 류민수: 주당 최대 60시간, 월 186-226시간 (목표: 206시간)
[INFO] 한진우 (간호) 제약조건 적용 중...
[INFO] 한진우: 최소 휴무일 3일 적용 (대상: ['O'])
[INFO] 한진우: 주당 최대 60시간, 월 167-205시간 (목표: 187시간)
[INFO] 조채영 (간호) 제약조건 적용 중...
[INFO] 조채영: 최소 휴무일 3일 적용 (대상: ['O'])
[INFO] 조채영: 주당 최대 60시간, 월 187-227시간 (목표: 207시간)
[INFO] 장도현 (간호) 제약조건 적용 중...
[INFO] 장도현: 최소 휴무일 3일 적용 (대상: ['O'])
[INFO] 장도현: 주당 최대 60시간, 월 164-202시간 (목표: 184시간)
[INFO] 이진우 (간호) 제약조건 적용 중...
[INFO] 이진우: 최소 휴무일 3일 적용 (대상: ['O'])
[INFO] 이진우: 주당 최대 60시간, 월 164-202시간 (목표: 184시간)
[INFO] 한준호 (간호) 제약조건 적용 중...
[INFO] 한준호: 최소 휴무일 3일 적용 (대상: ['O'])
[INFO] 한준호: 주당 최대 60시간, 월 178-217시간 (목표: 198시간)
[INFO] 최영희 (간호) 제약조건 적용 중...
[INFO] 최영희: 최소 휴무일 3일 적용 (대상: ['O'])
[INFO] 최영희: 주당 최대 60시간, 월 187-227시간 (목표: 207시간)
[INFO] 장도현 (간호) 제약조건 적용 중...
[INFO] 장도현: 최소 휴무일 3일 적용 (대상: ['O'])
[INFO] 장도현: 주당 최대 60시간, 월 164-202시간 (목표: 184시간)
[INFO] 황승호 (간호) 제약조건 적용 중...
[INFO] 황승호: 최소 휴무일 3일 적용 (대상: ['O'])
[INFO] 황승호: 주당 최대 60시간, 월 162-200시간 (목표: 182시간)
[INFO] 임진우 (간호) 제약조건 적용 중...
[INFO] 임진우: 최소 휴무일 3일 적용 (대상: ['O'])
[INFO] 임진우: 주당 최대 60시간, 월 181-221시간 (목표: 201시간)
[INFO] 이예준 (간호) 제약조건 적용 중...
[INFO] 이예준: 최소 휴무일 3일 적용 (대상: ['O'])
[INFO] 이예준: 주당 최대 60시간, 월 173-212시간 (목표: 193시간)
[INFO] 강영희 (간호) 제약조건 적용 중...
[INFO] 강영희: 최소 휴무일 3일 적용 (대상: ['O'])
[INFO] 강영희: 주당 최대 60시간, 월 179-218시간 (목표: 199시간)
[INFO] 최진우 (간호) 제약조건 적용 중...
[INFO] 최진우: 최소 휴무일 3일 적용 (대상: ['O'])
[INFO] 최진우: 주당 최대 60시간, 월 189-229시간 (목표: 209시간)
[INFO] 송진우 (간호) 제약조건 적용 중...
[INFO] 송진우: 최소 휴무일 3일 적용 (대상: ['O'])
[INFO] 송진우: 주당 최대 60시간, 월 190-231시간 (목표: 210시간)
[INFO] 박태현 (간호) 제약조건 적용 중...
[INFO] 박태현: 최소 휴무일 3일 적용 (대상: ['O'])
[INFO] 박태현: 주당 최대 60시간, 월 175-214시간 (목표: 195시간)
[INFO] 강은정 (간호) 제약조건 적용 중...
[INFO] 강은정: 최소 휴무일 3일 적용 (대상: ['O'])
[INFO] 강은정: 주당 최대 60시간, 월 162-200시간 (목표: 182시간)
[INFO] 안태현 (간호) 제약조건 적용 중...
[INFO] 안태현: 최소 휴무일 3일 적용 (대상: ['O'])
[INFO] 안태현: 주당 최대 60시간, 월 171-210시간 (목표: 191시간)
[INFO] 장은정 (간호) 제약조건 적용 중...
[INFO] 장은정: 최소 휴무일 3일 적용 (대상: ['O'])
[INFO] 장은정: 주당 최대 60시간, 월 161-199시간 (목표: 181시간)
[INFO] 전민수 (간호) 제약조건 적용 중...
[INFO] 전민수: 최소 휴무일 3일 적용 (대상: ['O'])
[INFO] 전민수: 주당 최대 60시간, 월 169-207시간 (목표: 189시간)
[INFO] 서예준 (간호) 제약조건 적용 중...
[INFO] 서예준: 최소 휴무일 3일 적용 (대상: ['O'])
[INFO] 서예준: 주당 최대 60시간, 월 189-229시간 (목표: 209시간)
[INFO] 전철수 (간호) 제약조건 적용 중...
[INFO] 전철수: 최소 휴무일 3일 적용 (대상: ['O'])
[INFO] 전철수: 주당 최대 60시간, 월 179-218시간 (목표: 199시간)
[INFO] 최미영 (간호) 제약조건 적용 중...
[INFO] 최미영: 신규간호사 야간 근무 금지 적용 (대상 시프트: ['N'])
[INFO] 최미영: 최소 휴무일 3일 적용 (대상: ['O'])
[INFO] 최미영: 주당 최대 60시간, 월 161-199시간 (목표: 181시간)
[INFO] 조준호 (간호) 제약조건 적용 중...
[INFO] 조준호: 신규간호사 야간 근무 금지 적용 (대상 시프트: ['N'])
[INFO] 조준호: 최소 휴무일 3일 적용 (대상: ['O'])
[INFO] 조준호: 주당 최대 60시간, 월 183-223시간 (목표: 203시간)
[INFO] 임수빈 (간호) 제약조건 적용 중...
[INFO] 임수빈: 신규간호사 야간 근무 금지 적용 (대상 시프트: ['N'])
[INFO] 임수빈: 최소 휴무일 3일 적용 (대상: ['O'])
[INFO] 임수빈: 주당 최대 60시간, 월 171-210시간 (목표: 191시간)
[INFO] 김철수 (간호) 제약조건 적용 중...
[INFO] 김철수: 신규간호사 야간 근무 금지 적용 (대상 시프트: ['N'])
[INFO] 김철수: 최소 휴무일 3일 적용 (대상: ['O'])
[INFO] 김철수: 주당 최대 60시간, 월 175-214시간 (목표: 195시간)
[INFO] 야간 근무 균등 분배 활성화 (야간 시프트: ['N'])
솔버 상태: FEASIBLE
해결 시간: 25.00초
야간 근무 균등성: 2
최대 야간 근무: 2회, 최소 야간 근무: 0회

=== 월 총 근무시간 통계 ===
류민수: 194시간/206시간 (여유: 12시간)
한진우: 168시간/187시간 (여유: 19시간)
조채영: 194시간/207시간 (여유: 13시간)
장도현: 200시간/184시간 (여유: -16시간)
이진우: 168시간/184시간 (여유: 16시간)
한준호: 200시간/198시간 (여유: -2시간)
최영희: 210시간/207시간 (여유: -3시간)
황승호: 188시간/182시간 (여유: -6시간)
임진우: 208시간/201시간 (여유: -7시간)
이예준: 200시간/193시간 (여유: -7시간)
강영희: 204시간/199시간 (여유: -5시간)
최진우: 208시간/209시간 (여유: 1시간)
송진우: 208시간/210시간 (여유: 2시간)
박태현: 198시간/195시간 (여유: -3시간)
강은정: 184시간/182시간 (여유: -2시간)
안태현: 188시간/191시간 (여유: 3시간)
장은정: 188시간/181시간 (여유: -7시간)
전민수: 178시간/189시간 (여유: 11시간)
서예준: 208시간/209시간 (여유: 1시간)
전철수: 198시간/199시간 (여유: 1시간)
최미영: 170시간/181시간 (여유: 11시간)
조준호: 190시간/203시간 (여유: 13시간)
임수빈: 180시간/191시간 (여유: 11시간)
김철수: 180시간/195시간 (여유: 15시간)
[INFO] 근무표가 저장되었습니다: ./data/result_schedule.json
[INFO] 연결됨: ('127.0.0.1', 50907)
[DEBUG] 수신된 데이터: {"position": "간호", "shift_type": 3, "target_month": "2025-09", "staff_data": {"staff": [{"name": "이태...
[INFO] 커스텀 규칙 감지: {'shifts': ['주간', '야간', '휴무'], 'shift_hours': {'주간': 12, '야간': 12, '휴무': 0}}
[INFO] 요청 받음 - 직군: 간호, 직원 수: 25, 대상 월: 2025-09
[INFO] 커스텀 시프트 적용: ['주간', '야간', '휴무']
[INFO] 식별된 야간 시프트: ['야간']
[INFO] 식별된 휴무 시프트: ['휴무']
[INFO] 대상 월: 2025년 9월 (30일)
[INFO] 이태현 (간호) 제약조건 적용 중...
[INFO] 이태현: 최소 휴무일 3일 적용 (대상: ['휴무'])
[INFO] 이태현: 주당 최대 60시간, 월 180-220시간 (목표: 200시간)
[INFO] 안수빈 (간호) 제약조건 적용 중...
[INFO] 안수빈: 최소 휴무일 3일 적용 (대상: ['휴무'])
[INFO] 안수빈: 주당 최대 60시간, 월 165-203시간 (목표: 185시간)
[INFO] 류준호 (간호) 제약조건 적용 중...
[INFO] 류준호: 최소 휴무일 3일 적용 (대상: ['휴무'])
[INFO] 류준호: 주당 최대 60시간, 월 160-198시간 (목표: 180시간)
[INFO] 김은정 (간호) 제약조건 적용 중...
[INFO] 김은정: 최소 휴무일 3일 적용 (대상: ['휴무'])
[INFO] 김은정: 주당 최대 60시간, 월 161-199시간 (목표: 181시간)
[INFO] 안민수 (간호) 제약조건 적용 중...
[INFO] 안민수: 최소 휴무일 3일 적용 (대상: ['휴무'])
[INFO] 안민수: 주당 최대 60시간, 월 171-210시간 (목표: 191시간)
[INFO] 권예준 (간호) 제약조건 적용 중...
[INFO] 권예준: 최소 휴무일 3일 적용 (대상: ['휴무'])
[INFO] 권예준: 주당 최대 60시간, 월 185-225시간 (목표: 205시간)
[INFO] 한수빈 (간호) 제약조건 적용 중...
[INFO] 한수빈: 최소 휴무일 3일 적용 (대상: ['휴무'])
[INFO] 한수빈: 주당 최대 60시간, 월 163-201시간 (목표: 183시간)
[INFO] 정영수 (간호) 제약조건 적용 중...
[INFO] 정영수: 최소 휴무일 3일 적용 (대상: ['휴무'])
[INFO] 정영수: 주당 최대 60시간, 월 176-215시간 (목표: 196시간)
[INFO] 박도현 (간호) 제약조건 적용 중...
[INFO] 박도현: 최소 휴무일 3일 적용 (대상: ['휴무'])
[INFO] 박도현: 주당 최대 60시간, 월 189-229시간 (목표: 209시간)
[INFO] 박정희 (간호) 제약조건 적용 중...
[INFO] 박정희: 최소 휴무일 3일 적용 (대상: ['휴무'])
[INFO] 박정희: 주당 최대 60시간, 월 180-220시간 (목표: 200시간)
[INFO] 최진우 (간호) 제약조건 적용 중...
[INFO] 최진우: 최소 휴무일 3일 적용 (대상: ['휴무'])
[INFO] 최진우: 주당 최대 60시간, 월 175-214시간 (목표: 195시간)
[INFO] 황영희 (간호) 제약조건 적용 중...
[INFO] 황영희: 최소 휴무일 3일 적용 (대상: ['휴무'])
[INFO] 황영희: 주당 최대 60시간, 월 185-225시간 (목표: 205시간)
[INFO] 한진우 (간호) 제약조건 적용 중...
[INFO] 한진우: 최소 휴무일 3일 적용 (대상: ['휴무'])
[INFO] 한진우: 주당 최대 60시간, 월 163-201시간 (목표: 183시간)
[INFO] 강혜진 (간호) 제약조건 적용 중...
[INFO] 강혜진: 최소 휴무일 3일 적용 (대상: ['휴무'])
[INFO] 강혜진: 주당 최대 60시간, 월 171-210시간 (목표: 191시간)
[INFO] 안철수 (간호) 제약조건 적용 중...
[INFO] 안철수: 최소 휴무일 3일 적용 (대상: ['휴무'])
[INFO] 안철수: 주당 최대 60시간, 월 175-214시간 (목표: 195시간)
[INFO] 송미영 (간호) 제약조건 적용 중...
[INFO] 송미영: 최소 휴무일 3일 적용 (대상: ['휴무'])
[INFO] 송미영: 주당 최대 60시간, 월 181-221시간 (목표: 201시간)
[INFO] 박도현 (간호) 제약조건 적용 중...
[INFO] 박도현: 최소 휴무일 3일 적용 (대상: ['휴무'])
[INFO] 박도현: 주당 최대 60시간, 월 186-226시간 (목표: 206시간)
[INFO] 오민수 (간호) 제약조건 적용 중...
[INFO] 오민수: 최소 휴무일 3일 적용 (대상: ['휴무'])
[INFO] 오민수: 주당 최대 60시간, 월 185-225시간 (목표: 205시간)
[INFO] 서민수 (간호) 제약조건 적용 중...
[INFO] 서민수: 최소 휴무일 3일 적용 (대상: ['휴무'])
[INFO] 서민수: 주당 최대 60시간, 월 176-215시간 (목표: 196시간)
[INFO] 황지영 (간호) 제약조건 적용 중...
[INFO] 황지영: 최소 휴무일 3일 적용 (대상: ['휴무'])
[INFO] 황지영: 주당 최대 60시간, 월 162-200시간 (목표: 182시간)
[INFO] 안승호 (간호) 제약조건 적용 중...
[INFO] 안승호: 최소 휴무일 3일 적용 (대상: ['휴무'])
[INFO] 안승호: 주당 최대 60시간, 월 170-209시간 (목표: 190시간)
[INFO] 황채영 (간호) 제약조건 적용 중...
[INFO] 황채영: 신규간호사 야간 근무 금지 적용 (대상 시프트: ['야간'])
[INFO] 황채영: 최소 휴무일 3일 적용 (대상: ['휴무'])
[INFO] 황채영: 주당 최대 60시간, 월 183-223시간 (목표: 203시간)
[INFO] 서채영 (간호) 제약조건 적용 중...
[INFO] 서채영: 신규간호사 야간 근무 금지 적용 (대상 시프트: ['야간'])
[INFO] 서채영: 최소 휴무일 3일 적용 (대상: ['휴무'])
[INFO] 서채영: 주당 최대 60시간, 월 166-204시간 (목표: 186시간)
[INFO] 전지영 (간호) 제약조건 적용 중...
[INFO] 전지영: 신규간호사 야간 근무 금지 적용 (대상 시프트: ['야간'])
[INFO] 전지영: 최소 휴무일 3일 적용 (대상: ['휴무'])
[INFO] 전지영: 주당 최대 60시간, 월 180-220시간 (목표: 200시간)
[INFO] 최민수 (간호) 제약조건 적용 중...
[INFO] 최민수: 신규간호사 야간 근무 금지 적용 (대상 시프트: ['야간'])
[INFO] 최민수: 최소 휴무일 3일 적용 (대상: ['휴무'])
[INFO] 최민수: 주당 최대 60시간, 월 181-221시간 (목표: 201시간)
[INFO] 야간 근무 균등 분배 활성화 (야간 시프트: ['야간'])
솔버 상태: FEASIBLE
해결 시간: 25.00초
야간 근무 균등성: 2
최대 야간 근무: 2회, 최소 야간 근무: 0회

=== 월 총 근무시간 통계 ===
이태현: 180시간/200시간 (여유: 20시간)
안수빈: 168시간/185시간 (여유: 17시간)
류준호: 168시간/180시간 (여유: 12시간)
김은정: 168시간/181시간 (여유: 13시간)
안민수: 180시간/191시간 (여유: 11시간)
권예준: 192시간/205시간 (여유: 13시간)
한수빈: 168시간/183시간 (여유: 15시간)
정영수: 180시간/196시간 (여유: 16시간)
박도현: 192시간/206시간 (여유: 14시간)
박정희: 180시간/200시간 (여유: 20시간)
최진우: 180시간/195시간 (여유: 15시간)
황영희: 192시간/205시간 (여유: 13시간)
한진우: 168시간/183시간 (여유: 15시간)
강혜진: 180시간/191시간 (여유: 11시간)
안철수: 180시간/195시간 (여유: 15시간)
송미영: 192시간/201시간 (여유: 9시간)
오민수: 192시간/205시간 (여유: 13시간)
서민수: 180시간/196시간 (여유: 16시간)
황지영: 168시간/182시간 (여유: 14시간)
안승호: 180시간/190시간 (여유: 10시간)
황채영: 192시간/203시간 (여유: 11시간)
서채영: 168시간/186시간 (여유: 18시간)
전지영: 180시간/200시간 (여유: 20시간)
최민수: 192시간/201시간 (여유: 9시간)
[INFO] 근무표가 저장되었습니다: ./data/result_schedule.json
[INFO] 연결됨: ('127.0.0.1', 50918)
[DEBUG] 수신된 데이터: {"position": "간호", "shift_type": 3, "target_month": "2025-09", "staff_data": {"staff": [{"name": "권수...
[INFO] 커스텀 규칙 감지: {'shifts': ['AM', 'PM', 'Night', 'Off'], 'shift_hours': {'AM': 6, 'PM': 6, 'Night': 12, 'Off': 0}}
[INFO] 요청 받음 - 직군: 간호, 직원 수: 25, 대상 월: 2025-09
[INFO] 커스텀 시프트 적용: ['AM', 'PM', 'Night', 'Off']
[INFO] 식별된 야간 시프트: ['Night']
[INFO] 식별된 휴무 시프트: ['Off']
[INFO] 대상 월: 2025년 9월 (30일)
[INFO] 권수빈 (간호) 제약조건 적용 중...
[INFO] 권수빈: 최소 휴무일 3일 적용 (대상: ['Off'])
[INFO] 권수빈: 주당 최대 60시간, 월 169-207시간 (목표: 189시간)
[INFO] 이수빈 (간호) 제약조건 적용 중...
[INFO] 이수빈: 최소 휴무일 3일 적용 (대상: ['Off'])
[INFO] 이수빈: 주당 최대 60시간, 월 166-204시간 (목표: 186시간)
[INFO] 권준호 (간호) 제약조건 적용 중...
[INFO] 권준호: 최소 휴무일 3일 적용 (대상: ['Off'])
[INFO] 권준호: 주당 최대 60시간, 월 181-221시간 (목표: 201시간)
[INFO] 송태현 (간호) 제약조건 적용 중...
[INFO] 송태현: 최소 휴무일 3일 적용 (대상: ['Off'])
[INFO] 송태현: 주당 최대 60시간, 월 180-220시간 (목표: 200시간)
[INFO] 강지영 (간호) 제약조건 적용 중...
[INFO] 강지영: 최소 휴무일 3일 적용 (대상: ['Off'])
[INFO] 강지영: 주당 최대 60시간, 월 164-202시간 (목표: 184시간)
[INFO] 조지영 (간호) 제약조건 적용 중...
[INFO] 조지영: 최소 휴무일 3일 적용 (대상: ['Off'])
[INFO] 조지영: 주당 최대 60시간, 월 160-198시간 (목표: 180시간)
[INFO] 안도현 (간호) 제약조건 적용 중...
[INFO] 안도현: 최소 휴무일 3일 적용 (대상: ['Off'])
[INFO] 안도현: 주당 최대 60시간, 월 186-226시간 (목표: 206시간)
[INFO] 조예준 (간호) 제약조건 적용 중...
[INFO] 조예준: 최소 휴무일 3일 적용 (대상: ['Off'])
[INFO] 조예준: 주당 최대 60시간, 월 172-211시간 (목표: 192시간)
[INFO] 윤영수 (간호) 제약조건 적용 중...
[INFO] 윤영수: 최소 휴무일 3일 적용 (대상: ['Off'])
[INFO] 윤영수: 주당 최대 60시간, 월 177-216시간 (목표: 197시간)
[INFO] 송은정 (간호) 제약조건 적용 중...
[INFO] 송은정: 최소 휴무일 3일 적용 (대상: ['Off'])
[INFO] 송은정: 주당 최대 60시간, 월 171-210시간 (목표: 191시간)
[INFO] 신채영 (간호) 제약조건 적용 중...
[INFO] 신채영: 최소 휴무일 3일 적용 (대상: ['Off'])
[INFO] 신채영: 주당 최대 60시간, 월 161-199시간 (목표: 181시간)
[INFO] 정소영 (간호) 제약조건 적용 중...
[INFO] 정소영: 최소 휴무일 3일 적용 (대상: ['Off'])
[INFO] 정소영: 주당 최대 60시간, 월 189-229시간 (목표: 209시간)
[INFO] 최진우 (간호) 제약조건 적용 중...
[INFO] 최진우: 최소 휴무일 3일 적용 (대상: ['Off'])
[INFO] 최진우: 주당 최대 60시간, 월 180-220시간 (목표: 200시간)
[INFO] 오예준 (간호) 제약조건 적용 중...
[INFO] 오예준: 최소 휴무일 3일 적용 (대상: ['Off'])
[INFO] 오예준: 주당 최대 60시간, 월 170-209시간 (목표: 190시간)
[INFO] 정지영 (간호) 제약조건 적용 중...
[INFO] 정지영: 최소 휴무일 3일 적용 (대상: ['Off'])
[INFO] 정지영: 주당 최대 60시간, 월 174-213시간 (목표: 194시간)
[INFO] 황현우 (간호) 제약조건 적용 중...
[INFO] 황현우: 최소 휴무일 3일 적용 (대상: ['Off'])
[INFO] 황현우: 주당 최대 60시간, 월 160-198시간 (목표: 180시간)
[INFO] 류태현 (간호) 제약조건 적용 중...
[INFO] 류태현: 최소 휴무일 3일 적용 (대상: ['Off'])
[INFO] 류태현: 주당 최대 60시간, 월 189-229시간 (목표: 209시간)
[INFO] 김철수 (간호) 제약조건 적용 중...
[INFO] 김철수: 최소 휴무일 3일 적용 (대상: ['Off'])
[INFO] 김철수: 주당 최대 60시간, 월 160-198시간 (목표: 180시간)
[INFO] 류민수 (간호) 제약조건 적용 중...
[INFO] 류민수: 최소 휴무일 3일 적용 (대상: ['Off'])
[INFO] 류민수: 주당 최대 60시간, 월 180-220시간 (목표: 200시간)
[INFO] 한소영 (간호) 제약조건 적용 중...
[INFO] 한소영: 최소 휴무일 3일 적용 (대상: ['Off'])
[INFO] 한소영: 주당 최대 60시간, 월 167-205시간 (목표: 187시간)
[INFO] 조철수 (간호) 제약조건 적용 중...
[INFO] 조철수: 최소 휴무일 3일 적용 (대상: ['Off'])
[INFO] 조철수: 주당 최대 60시간, 월 165-203시간 (목표: 185시간)
[INFO] 임철수 (간호) 제약조건 적용 중...
[INFO] 임철수: 신규간호사 야간 근무 금지 적용 (대상 시프트: ['Night'])
[INFO] 임철수: 최소 휴무일 3일 적용 (대상: ['Off'])
[INFO] 임철수: 주당 최대 60시간, 월 178-217시간 (목표: 198시간)
[INFO] 신은정 (간호) 제약조건 적용 중...
[INFO] 신은정: 신규간호사 야간 근무 금지 적용 (대상 시프트: ['Night'])
[INFO] 신은정: 최소 휴무일 3일 적용 (대상: ['Off'])
[INFO] 신은정: 주당 최대 60시간, 월 185-225시간 (목표: 205시간)
[INFO] 정수빈 (간호) 제약조건 적용 중...
[INFO] 정수빈: 신규간호사 야간 근무 금지 적용 (대상 시프트: ['Night'])
[INFO] 정수빈: 최소 휴무일 3일 적용 (대상: ['Off'])
[INFO] 정수빈: 주당 최대 60시간, 월 166-204시간 (목표: 186시간)
[INFO] 장은정 (간호) 제약조건 적용 중...
[INFO] 장은정: 신규간호사 야간 근무 금지 적용 (대상 시프트: ['Night'])
[INFO] 장은정: 최소 휴무일 3일 적용 (대상: ['Off'])
[INFO] 장은정: 주당 최대 60시간, 월 181-221시간 (목표: 201시간)
[INFO] 야간 근무 균등 분배 활성화 (야간 시프트: ['Night'])
솔버 상태: INFEASIBLE
해결 시간: 0.03초
[INFO] 연결됨: ('127.0.0.1', 50919)
[DEBUG] 수신된 데이터: {"position": "간호", "shift_type": 3, "target_month": "2025-09", "staff_data": {"staff": [{"name": "장영...
[INFO] 커스텀 규칙 감지: {'shifts': ['오전', '야간', '휴무'], 'shift_hours': {'오전': 8, '야간': 16, '휴무': 0}}
[INFO] 요청 받음 - 직군: 간호, 직원 수: 25, 대상 월: 2025-09
[INFO] 커스텀 시프트 적용: ['오전', '야간', '휴무']
[INFO] 식별된 야간 시프트: ['야간']
[INFO] 식별된 휴무 시프트: ['휴무']
[INFO] 대상 월: 2025년 9월 (30일)
[INFO] 장영수 (간호) 제약조건 적용 중...
[INFO] 장영수: 최소 휴무일 3일 적용 (대상: ['휴무'])
[INFO] 장영수: 주당 최대 60시간, 월 188-228시간 (목표: 208시간)
[INFO] 송상훈 (간호) 제약조건 적용 중...
[INFO] 송상훈: 최소 휴무일 3일 적용 (대상: ['휴무'])
[INFO] 송상훈: 주당 최대 60시간, 월 160-198시간 (목표: 180시간)
[INFO] 조은정 (간호) 제약조건 적용 중...
[INFO] 조은정: 최소 휴무일 3일 적용 (대상: ['휴무'])
[INFO] 조은정: 주당 최대 60시간, 월 169-207시간 (목표: 189시간)
[INFO] 서영수 (간호) 제약조건 적용 중...
[INFO] 서영수: 최소 휴무일 3일 적용 (대상: ['휴무'])
[INFO] 서영수: 주당 최대 60시간, 월 177-216시간 (목표: 197시간)
[INFO] 윤소영 (간호) 제약조건 적용 중...
[INFO] 윤소영: 최소 휴무일 3일 적용 (대상: ['휴무'])
[INFO] 윤소영: 주당 최대 60시간, 월 172-211시간 (목표: 192시간)
[INFO] 강철수 (간호) 제약조건 적용 중...
[INFO] 강철수: 최소 휴무일 3일 적용 (대상: ['휴무'])
[INFO] 강철수: 주당 최대 60시간, 월 186-226시간 (목표: 206시간)
[INFO] 최정희 (간호) 제약조건 적용 중...
[INFO] 최정희: 최소 휴무일 3일 적용 (대상: ['휴무'])
[INFO] 최정희: 주당 최대 60시간, 월 175-214시간 (목표: 195시간)
[INFO] 최채영 (간호) 제약조건 적용 중...
[INFO] 최채영: 최소 휴무일 3일 적용 (대상: ['휴무'])
[INFO] 최채영: 주당 최대 60시간, 월 186-226시간 (목표: 206시간)
[INFO] 권태현 (간호) 제약조건 적용 중...
[INFO] 권태현: 최소 휴무일 3일 적용 (대상: ['휴무'])
[INFO] 권태현: 주당 최대 60시간, 월 186-226시간 (목표: 206시간)
[INFO] 안영희 (간호) 제약조건 적용 중...
[INFO] 안영희: 최소 휴무일 3일 적용 (대상: ['휴무'])
[INFO] 안영희: 주당 최대 60시간, 월 169-207시간 (목표: 189시간)
[INFO] 황영희 (간호) 제약조건 적용 중...
[INFO] 황영희: 최소 휴무일 3일 적용 (대상: ['휴무'])
[INFO] 황영희: 주당 최대 60시간, 월 177-216시간 (목표: 197시간)
[INFO] 오소영 (간호) 제약조건 적용 중...
[INFO] 오소영: 최소 휴무일 3일 적용 (대상: ['휴무'])
[INFO] 오소영: 주당 최대 60시간, 월 173-212시간 (목표: 193시간)
[INFO] 류수빈 (간호) 제약조건 적용 중...
[INFO] 류수빈: 최소 휴무일 3일 적용 (대상: ['휴무'])
[INFO] 류수빈: 주당 최대 60시간, 월 165-203시간 (목표: 185시간)
[INFO] 박예준 (간호) 제약조건 적용 중...
[INFO] 박예준: 최소 휴무일 3일 적용 (대상: ['휴무'])
[INFO] 박예준: 주당 최대 60시간, 월 185-225시간 (목표: 205시간)
[INFO] 신영수 (간호) 제약조건 적용 중...
[INFO] 신영수: 최소 휴무일 3일 적용 (대상: ['휴무'])
[INFO] 신영수: 주당 최대 60시간, 월 168-206시간 (목표: 188시간)
[INFO] 윤영수 (간호) 제약조건 적용 중...
[INFO] 윤영수: 최소 휴무일 3일 적용 (대상: ['휴무'])
[INFO] 윤영수: 주당 최대 60시간, 월 189-229시간 (목표: 209시간)
[INFO] 류진우 (간호) 제약조건 적용 중...
[INFO] 류진우: 최소 휴무일 3일 적용 (대상: ['휴무'])
[INFO] 류진우: 주당 최대 60시간, 월 186-226시간 (목표: 206시간)
[INFO] 조지영 (간호) 제약조건 적용 중...
[INFO] 조지영: 최소 휴무일 3일 적용 (대상: ['휴무'])
[INFO] 조지영: 주당 최대 60시간, 월 160-198시간 (목표: 180시간)
[INFO] 최채영 (간호) 제약조건 적용 중...
[INFO] 최채영: 최소 휴무일 3일 적용 (대상: ['휴무'])
[INFO] 최채영: 주당 최대 60시간, 월 160-198시간 (목표: 180시간)
[INFO] 서채영 (간호) 제약조건 적용 중...
[INFO] 서채영: 최소 휴무일 3일 적용 (대상: ['휴무'])
[INFO] 서채영: 주당 최대 60시간, 월 179-218시간 (목표: 199시간)
[INFO] 이수빈 (간호) 제약조건 적용 중...
[INFO] 이수빈: 최소 휴무일 3일 적용 (대상: ['휴무'])
[INFO] 이수빈: 주당 최대 60시간, 월 175-214시간 (목표: 195시간)
[INFO] 김소영 (간호) 제약조건 적용 중...
[INFO] 김소영: 신규간호사 야간 근무 금지 적용 (대상 시프트: ['야간'])
[INFO] 김소영: 최소 휴무일 3일 적용 (대상: ['휴무'])
[INFO] 김소영: 주당 최대 60시간, 월 181-221시간 (목표: 201시간)
[INFO] 장철수 (간호) 제약조건 적용 중...
[INFO] 장철수: 신규간호사 야간 근무 금지 적용 (대상 시프트: ['야간'])
[INFO] 장철수: 최소 휴무일 3일 적용 (대상: ['휴무'])
[INFO] 장철수: 주당 최대 60시간, 월 164-202시간 (목표: 184시간)
[INFO] 임지영 (간호) 제약조건 적용 중...
[INFO] 임지영: 신규간호사 야간 근무 금지 적용 (대상 시프트: ['야간'])
[INFO] 임지영: 최소 휴무일 3일 적용 (대상: ['휴무'])
[INFO] 임지영: 주당 최대 60시간, 월 175-214시간 (목표: 195시간)
[INFO] 한태현 (간호) 제약조건 적용 중...
[INFO] 한태현: 신규간호사 야간 근무 금지 적용 (대상 시프트: ['야간'])
[INFO] 한태현: 최소 휴무일 3일 적용 (대상: ['휴무'])
[INFO] 한태현: 주당 최대 60시간, 월 174-213시간 (목표: 194시간)
[INFO] 야간 근무 균등 분배 활성화 (야간 시프트: ['야간'])
솔버 상태: FEASIBLE
해결 시간: 25.00초
야간 근무 균등성: 2
최대 야간 근무: 2회, 최소 야간 근무: 0회

=== 월 총 근무시간 통계 ===
장영수: 200시간/208시간 (여유: 8시간)
송상훈: 176시간/180시간 (여유: 4시간)
조은정: 176시간/189시간 (여유: 13시간)
서영수: 192시간/197시간 (여유: 5시간)
윤소영: 184시간/192시간 (여유: 8시간)
강철수: 192시간/206시간 (여유: 14시간)
최정희: 176시간/195시간 (여유: 19시간)
최채영: 168시간/180시간 (여유: 12시간)
권태현: 208시간/206시간 (여유: -2시간)
안영희: 184시간/189시간 (여유: 5시간)
황영희: 192시간/197시간 (여유: 5시간)
오소영: 184시간/193시간 (여유: 9시간)
류수빈: 184시간/185시간 (여유: 1시간)
박예준: 192시간/205시간 (여유: 13시간)
신영수: 192시간/188시간 (여유: -4시간)
윤영수: 192시간/209시간 (여유: 17시간)
류진우: 200시간/206시간 (여유: 6시간)
조지영: 192시간/180시간 (여유: -12시간)
서채영: 184시간/199시간 (여유: 15시간)
이수빈: 184시간/195시간 (여유: 11시간)
김소영: 184시간/201시간 (여유: 17시간)
장철수: 168시간/184시간 (여유: 16시간)
임지영: 176시간/195시간 (여유: 19시간)
한태현: 176시간/194시간 (여유: 18시간)
[INFO] 근무표가 저장되었습니다: ./data/result_schedule.json
[INFO] 연결됨: ('127.0.0.1', 50928)
[DEBUG] 수신된 데이터: {"position": "간호", "shift_type": 3, "target_month": "2025-09", "staff_data": {"staff": [{"name": "오현...
[INFO] 커스텀 규칙 감지: {'shifts': ['D', 'E', 'N', 'Off'], 'shift_hours': {'D': 8, 'E': 8, 'N': 8, 'Off': 0}}
[INFO] 요청 받음 - 직군: 간호, 직원 수: 25, 대상 월: 2025-09
[INFO] 커스텀 시프트 적용: ['D', 'E', 'N', 'Off']
[INFO] 식별된 야간 시프트: ['N']
[INFO] 식별된 휴무 시프트: ['Off']
[INFO] 대상 월: 2025년 9월 (30일)
[INFO] 오현우 (간호) 제약조건 적용 중...
[INFO] 오현우: 최소 휴무일 3일 적용 (대상: ['Off'])
[INFO] 오현우: 주당 최대 60시간, 월 173-212시간 (목표: 193시간)
[INFO] 정수빈 (간호) 제약조건 적용 중...
[INFO] 정수빈: 최소 휴무일 3일 적용 (대상: ['Off'])
[INFO] 정수빈: 주당 최대 60시간, 월 177-216시간 (목표: 197시간)
[INFO] 박태현 (간호) 제약조건 적용 중...
[INFO] 박태현: 최소 휴무일 3일 적용 (대상: ['Off'])
[INFO] 박태현: 주당 최대 60시간, 월 175-214시간 (목표: 195시간)
[INFO] 정상훈 (간호) 제약조건 적용 중...
[INFO] 정상훈: 최소 휴무일 3일 적용 (대상: ['Off'])
[INFO] 정상훈: 주당 최대 60시간, 월 182-222시간 (목표: 202시간)
[INFO] 권미영 (간호) 제약조건 적용 중...
[INFO] 권미영: 최소 휴무일 3일 적용 (대상: ['Off'])
[INFO] 권미영: 주당 최대 60시간, 월 185-225시간 (목표: 205시간)
[INFO] 최상훈 (간호) 제약조건 적용 중...
[INFO] 최상훈: 최소 휴무일 3일 적용 (대상: ['Off'])
[INFO] 최상훈: 주당 최대 60시간, 월 170-209시간 (목표: 190시간)
[INFO] 송민수 (간호) 제약조건 적용 중...
[INFO] 송민수: 최소 휴무일 3일 적용 (대상: ['Off'])
[INFO] 송민수: 주당 최대 60시간, 월 168-206시간 (목표: 188시간)
[INFO] 정미영 (간호) 제약조건 적용 중...
[INFO] 정미영: 최소 휴무일 3일 적용 (대상: ['Off'])
[INFO] 정미영: 주당 최대 60시간, 월 165-203시간 (목표: 185시간)
[INFO] 최채영 (간호) 제약조건 적용 중...
[INFO] 최채영: 최소 휴무일 3일 적용 (대상: ['Off'])
[INFO] 최채영: 주당 최대 60시간, 월 168-206시간 (목표: 188시간)
[INFO] 신정희 (간호) 제약조건 적용 중...
[INFO] 신정희: 최소 휴무일 3일 적용 (대상: ['Off'])
[INFO] 신정희: 주당 최대 60시간, 월 180-220시간 (목표: 200시간)
[INFO] 오승호 (간호) 제약조건 적용 중...
[INFO] 오승호: 최소 휴무일 3일 적용 (대상: ['Off'])
[INFO] 오승호: 주당 최대 60시간, 월 186-226시간 (목표: 206시간)
[INFO] 이수빈 (간호) 제약조건 적용 중...
[INFO] 이수빈: 최소 휴무일 3일 적용 (대상: ['Off'])
[INFO] 이수빈: 주당 최대 60시간, 월 189-229시간 (목표: 209시간)
[INFO] 최현우 (간호) 제약조건 적용 중...
[INFO] 최현우: 최소 휴무일 3일 적용 (대상: ['Off'])
[INFO] 최현우: 주당 최대 60시간, 월 177-216시간 (목표: 197시간)
[INFO] 윤민수 (간호) 제약조건 적용 중...
[INFO] 윤민수: 최소 휴무일 3일 적용 (대상: ['Off'])
[INFO] 윤민수: 주당 최대 60시간, 월 185-225시간 (목표: 205시간)
[INFO] 장영희 (간호) 제약조건 적용 중...
[INFO] 장영희: 최소 휴무일 3일 적용 (대상: ['Off'])
[INFO] 장영희: 주당 최대 60시간, 월 181-221시간 (목표: 201시간)
[INFO] 박민수 (간호) 제약조건 적용 중...
[INFO] 박민수: 최소 휴무일 3일 적용 (대상: ['Off'])
[INFO] 박민수: 주당 최대 60시간, 월 170-209시간 (목표: 190시간)
[INFO] 권진우 (간호) 제약조건 적용 중...
[INFO] 권진우: 최소 휴무일 3일 적용 (대상: ['Off'])
[INFO] 권진우: 주당 최대 60시간, 월 174-213시간 (목표: 194시간)
[INFO] 윤준호 (간호) 제약조건 적용 중...
[INFO] 윤준호: 최소 휴무일 3일 적용 (대상: ['Off'])
[INFO] 윤준호: 주당 최대 60시간, 월 181-221시간 (목표: 201시간)
[INFO] 박철수 (간호) 제약조건 적용 중...
[INFO] 박철수: 최소 휴무일 3일 적용 (대상: ['Off'])
[INFO] 박철수: 주당 최대 60시간, 월 182-222시간 (목표: 202시간)
[INFO] 권승호 (간호) 제약조건 적용 중...
[INFO] 권승호: 최소 휴무일 3일 적용 (대상: ['Off'])
[INFO] 권승호: 주당 최대 60시간, 월 171-210시간 (목표: 191시간)
[INFO] 오영희 (간호) 제약조건 적용 중...
[INFO] 오영희: 최소 휴무일 3일 적용 (대상: ['Off'])
[INFO] 오영희: 주당 최대 60시간, 월 167-205시간 (목표: 187시간)
[INFO] 최영수 (간호) 제약조건 적용 중...
[INFO] 최영수: 신규간호사 야간 근무 금지 적용 (대상 시프트: ['N'])
[INFO] 최영수: 최소 휴무일 3일 적용 (대상: ['Off'])
[INFO] 최영수: 주당 최대 60시간, 월 167-205시간 (목표: 187시간)
[INFO] 신승호 (간호) 제약조건 적용 중...
[INFO] 신승호: 신규간호사 야간 근무 금지 적용 (대상 시프트: ['N'])
[INFO] 신승호: 최소 휴무일 3일 적용 (대상: ['Off'])
[INFO] 신승호: 주당 최대 60시간, 월 164-202시간 (목표: 184시간)
[INFO] 윤미영 (간호) 제약조건 적용 중...